C51 COMPILER V8.05a   SOUND                                                                05/28/2013 16:55:00 PAGE 1   


C51 COMPILER V8.05a, COMPILATION OF MODULE SOUND
OBJECT MODULE PLACED IN sound.OBJ
COMPILER INVOKED BY: D:\Keil\C51\BIN\C51.EXE sound.c BROWSE DEBUG OBJECTEXTEND

line level    source

   1          #include <reg51.h>
   2          #include "delay.h"
   3          
   4          sbit BZ = P0^0;
   5          
   6          //uint code SOUNDTONE[]= {262,294,329,350,392,440,495};
   7          
   8           uchar code SOUNDLONG[25]=        //"生日快乐"节拍
   9           {
  10            15,5,20,20,20,40,
  11            15,5,20,20,20,40,
  12            15,5,20,20,20,20,20,
  13            15,5,20,20,20,40
  14           };
  15          
  16          uchar code SOUNDTONE[25]=         //"生日快乐"音调
  17          {
  18           212,212,190,212,159,169,
  19           212,212,190,212,142,159,
  20           212,212,106,126,159,169,190,
  21           119,119,126,159,142,159      
  22          };
  23          
  24          void playTone(uint, int);
  25          
  26          void main()
  27          {
  28   1              uint i;
  29   1              while(1)
  30   1              {
  31   2                      for(i = 0; i < 25; i ++)
  32   2                      {
  33   3                              playTone(SOUNDTONE[i], SOUNDLONG[i]*32);
  34   3                              delay(SOUNDLONG[i]);
  35   3                      }
  36   2              }
  37   1      }
  38          
  39          void playTone(uint tone, int beat)
  40          {
  41   1              uint T, B;
  42   1              for(B = 0; B < beat; B ++)
  43   1              {
  44   2                      BZ = 0;
  45   2                      for(T = 0; T < tone; T ++);
  46   2                      BZ = 1;
  47   2                      for(T = 0; T < tone; T ++);
  48   2              }
  49   1      }


MODULE INFORMATION:   STATIC OVERLAYABLE
   CODE SIZE        =    115    ----
   CONSTANT SIZE    =     50    ----
   XDATA SIZE       =   ----    ----
C51 COMPILER V8.05a   SOUND                                                                05/28/2013 16:55:00 PAGE 2   

   PDATA SIZE       =   ----    ----
   DATA SIZE        =   ----       2
   IDATA SIZE       =   ----    ----
   BIT SIZE         =   ----    ----
END OF MODULE INFORMATION.


C51 COMPILATION COMPLETE.  0 WARNING(S),  0 ERROR(S)
