C51 COMPILER V8.05a   MAIN                                                                 05/28/2013 16:16:12 PAGE 1   


C51 COMPILER V8.05a, COMPILATION OF MODULE MAIN
OBJECT MODULE PLACED IN main.OBJ
COMPILER INVOKED BY: D:\Keil\C51\BIN\C51.EXE main.c BROWSE DEBUG OBJECTEXTEND

line level    source

   1          #include <reg51.h>
   2          #include "delay.h"
   3          
   4          sbit ledNum = P2^0;
   5          sbit ledBit = P2^1;
   6          
   7          uchar code disNum[16]={0x3F,0x06,0x5B,0x4F,0x66,0x6D,0x7D,0x07,
   8                             //  0    1    2    3    4    5    6    7    
   9                               0x7F,0x6F,0x77,0x7C,0x39,0x5E,0x79,0x71};//0~FµÄ¶ÎÂë
  10                             //  8    9    A    B    C    D    E    F
  11          
  12          void main()
  13          {
  14   1              uint i;
  15   1              P1 = 0xEF;
  16   1              ledBit = 1;
  17   1              ledBit = 0;
  18   1              while(1)
  19   1              {
  20   2                      for(i = 0; i < 16; i ++)
  21   2                      {
  22   3                              P1 = disNum[i];
  23   3                              ledNum = 1;
  24   3                              ledNum = 0;
  25   3                              delay(100);     
  26   3                      }
  27   2              }
  28   1      }


MODULE INFORMATION:   STATIC OVERLAYABLE
   CODE SIZE        =     50    ----
   CONSTANT SIZE    =     16    ----
   XDATA SIZE       =   ----    ----
   PDATA SIZE       =   ----    ----
   DATA SIZE        =   ----       2
   IDATA SIZE       =   ----    ----
   BIT SIZE         =   ----    ----
END OF MODULE INFORMATION.


C51 COMPILATION COMPLETE.  0 WARNING(S),  0 ERROR(S)
