C51 COMPILER V9.52.0.0   MAN                                                               09/20/2013 09:15:28 PAGE 1   


C51 COMPILER V9.52.0.0, COMPILATION OF MODULE MAN
OBJECT MODULE PLACED IN man.OBJ
COMPILER INVOKED BY: E:\C51Keil\C51\BIN\C51.EXE man.c BROWSE DEBUG OBJECTEXTEND TABS(2)

line level    source

   1          #include <reg52.h>
   2          #include <math.h>
   3          #include "initLCD.h"
   4          
   5          #define White          0xFFFF   //LCD color
   6          #define Black          0x0000
   7          #define Blue           0x001F
   8          #define Blue2          0x051F
   9          #define Red            0xF800
  10          #define Magenta        0xF81F
  11          #define Green          0x07E0
  12          #define Cyan           0x7FFF
  13          #define Yellow         0xFFE0
  14          
  15          //#define PI 3.14159
  16          unsigned char code ch[] = {
  17          0x00,0x00,0x00,0x00,0x00,0x00,0x00,0x00,0x00,0x00,0x00,0x00,0x01,0xC0,0x00,0x00,
  18          0x03,0xA0,0x01,0x40,0x00,0x80,0x00,0x84,0x30,0x82,0x2C,0x86,0x43,0xE4,0x60,0xB4,
  19          0x20,0x9C,0x20,0x80,0x00,0x80,0x00,0xC0,0x81,0x60,0x61,0x30,0x72,0x1C,0x0C,0x08,
  20          0x00,0x04,0x00,0x04,0x00,0x18,0x00,0x10,0x00,0x30,0x00,0x00,0x00,0x00,0x00,0x00,
  21          
  22          0x00,0x00,0x00,0x00,0x00,0x00,0x00,0x00,0x00,0x00,0x00,0x00,0x01,0xC0,0x00,0x00,
  23          0x03,0xA0,0x01,0x40,0x00,0x80,0x00,0x80,0x00,0x80,0x00,0x80,0x0F,0xC6,0x38,0xC4,
  24          0x20,0xE6,0x30,0xB6,0x18,0x9C,0x08,0xC0,0x00,0x60,0x00,0xB0,0x00,0x9C,0x01,0x08,
  25          0x39,0x04,0x1A,0x04,0x1C,0x18,0x00,0x10,0x00,0x30,0x00,0x00,0x00,0x00,0x00,0x00
  26          };
  27          
  28          void put_c(unsigned short x, unsigned short  y, unsigned int p, unsigned int fColor,unsigned int bColor);
  29          
  30          unsigned int Device_code; 
  31          
  32          void main()
  33          {
  34   1        unsigned int k;
  35   1        Device_code=0x9328;                
  36   1          TFT_Initial();
  37   1        CLR_Screen(Black);
  38   1        /*for(i = 60; i < 110; i += 4)
  39   1        {
  40   1          circle(i, 160, 10, 0xEDF0);
  41   1          circle(i + 20, 160, 10, 0xEDF0);
  42   1          delayms(10);
  43   1          circle(i, 160, 10, Black);
  44   1          circle(i + 20, 160, 10, Black);
  45   1        } */
  46   1        while(1)
  47   1        {
  48   2          for(k = 60; k < 200; k += 6)
  49   2          {
  50   3            put_c(k, 120, 0, Cyan, Black);
  51   3            //put_c(k + 30, 120, Cyan, Black);
  52   3            delayms(120);
  53   3            put_c(k, 120, 0, Black, Black);
  54   3            put_c(k, 120, 1, Cyan, Black);
  55   3            //put_c(k + 30, 120, Cyan, Black);
C51 COMPILER V9.52.0.0   MAN                                                               09/20/2013 09:15:28 PAGE 2   

  56   3            delayms(120);
  57   3            put_c(k, 120, 1, Black, Black);
  58   3            //put_c(k + 30, 120, Black, Black); 
  59   3          }
  60   2        }
  61   1        
  62   1        //while(1);
  63   1      }
  64          
  65          void put_c(unsigned short x, unsigned short  y, unsigned int p, unsigned int fColor,unsigned int bColor)
  66          {
  67   1        unsigned int i,j;
  68   1        LCD_SetPos(x,  x+16-1,y, y+32-1);
  69   1      
  70   1        for(i=0;i<64;i++)                                   //如果相等，既已找到待显示字模位置，循环写入32字节
  71   1          {
  72   2            unsigned short m=ch[i+p*16];                 //读取32字节中的第i字节
  73   2            for(j=0;j<8;j++)                                  //循环写入8位数据
  74   2             {                                                
  75   3             if((m&0x80)==0x80) Write_Data_U16(fColor);     //判断最高位是否为1,最高位为1，写入字符颜色
  76   3             else              Write_Data_U16(bColor);      //最高位为0，写入背景颜色
  77   3               m<<=1;                                         //左移1位，准备写下一位
  78   3               } 
  79   2          }
  80   1      }


MODULE INFORMATION:   STATIC OVERLAYABLE
   CODE SIZE        =    267    ----
   CONSTANT SIZE    =    128    ----
   XDATA SIZE       =   ----    ----
   PDATA SIZE       =   ----    ----
   DATA SIZE        =      2      18
   IDATA SIZE       =   ----    ----
   BIT SIZE         =   ----    ----
END OF MODULE INFORMATION.


C51 COMPILATION COMPLETE.  0 WARNING(S),  0 ERROR(S)
