C51 COMPILER V9.52.0.0   TIMER                                                             09/21/2013 16:48:01 PAGE 1   


C51 COMPILER V9.52.0.0, COMPILATION OF MODULE TIMER
OBJECT MODULE PLACED IN timer.OBJ
COMPILER INVOKED BY: E:\C51Keil\C51\BIN\C51.EXE timer.c BROWSE DEBUG OBJECTEXTEND

line level    source

   1          #include <reg52.h>
   2          #include "timer.h"
   3          
   4          void delayms(uint time)
   5          {
   6   1              uint i, j;
   7   1              for(i = 0; i < time; i ++) 
   8   1                      for(j = 0; j < 110; j ++);
   9   1      }
  10          
  11          void init_timer()
  12          {
  13   1              //50ms
  14   1              TMOD = 0x10;
  15   1              TH1  = 0xEC;
  16   1              TL1  = 0x77;
  17   1              IE   = 0x88;
  18   1              //TR1  = 1;
  19   1      }


MODULE INFORMATION:   STATIC OVERLAYABLE
   CODE SIZE        =     45    ----
   CONSTANT SIZE    =   ----    ----
   XDATA SIZE       =   ----    ----
   PDATA SIZE       =   ----    ----
   DATA SIZE        =   ----    ----
   IDATA SIZE       =   ----    ----
   BIT SIZE         =   ----    ----
END OF MODULE INFORMATION.


C51 COMPILATION COMPLETE.  0 WARNING(S),  0 ERROR(S)
