C51 COMPILER V8.05a   MAIN                                                                 05/11/2013 20:43:34 PAGE 1   


C51 COMPILER V8.05a, COMPILATION OF MODULE MAIN
OBJECT MODULE PLACED IN main.OBJ
COMPILER INVOKED BY: F:\Keil\C51\BIN\C51.EXE main.c BROWSE DEBUG OBJECTEXTEND

line level    source

   1          #include <reg52.h>
   2          #define MAXPWM 500
   3          
   4          void uart_init();
   5          //void delay(unsigned short time);
   6          
   7          unsigned int num;
   8          
   9          void main()
  10          {
  11   1              uart_init();  
  12   1              while(1)
  13   1              {
  14   2                      P0 = num;
  15   2              }
  16   1      }
  17          
  18          void uart_init()
  19          {
  20   1              TMOD= 0X20;
  21   1              TH1=0Xfd;
  22   1              TL1=0Xfd;
  23   1              TR1=1;
  24   1              REN=1;
  25   1              SM0=0;
  26   1              SM1=1;
  27   1              EA=1;
  28   1              ES=1;
  29   1              ET1=0;
  30   1      }
  31          
  32          void set() interrupt 4
  33          {
  34   1              RI=0;
  35   1              num=SBUF;
  36   1      }
  37          
  38          /*void delay(unsigned short time)
  39          {
  40                  while(time --);
  41          } */


MODULE INFORMATION:   STATIC OVERLAYABLE
   CODE SIZE        =     53    ----
   CONSTANT SIZE    =   ----    ----
   XDATA SIZE       =   ----    ----
   PDATA SIZE       =   ----    ----
   DATA SIZE        =      2    ----
   IDATA SIZE       =   ----    ----
   BIT SIZE         =   ----    ----
END OF MODULE INFORMATION.


C51 COMPILATION COMPLETE.  0 WARNING(S),  0 ERROR(S)
