C51 COMPILER V9.52.0.0   INTERRUPT                                                         11/03/2013 08:44:17 PAGE 1   


C51 COMPILER V9.52.0.0, COMPILATION OF MODULE INTERRUPT
OBJECT MODULE PLACED IN interrupt.OBJ
COMPILER INVOKED BY: E:\C51Keil\C51\BIN\C51.EXE interrupt.c BROWSE DEBUG OBJECTEXTEND

line level    source

   1          #include "interrupt.h"
   2          
   3          void initINT()
   4          {
   5   1          IE   |= (Enable | En_Int0 | En_Int1);
   6   1          TCON |= Low_T_1; 
   7   1      }
   8          
   9          void Int_0_Routine() interrupt 0
  10          {
  11   1          L0 = ~L0;
  12   1      }
  13          
  14          void Int_1_Routine() interrupt 2 using 1
  15          {
  16   1          P1 = ~P1;
  17   1      }


MODULE INFORMATION:   STATIC OVERLAYABLE
   CODE SIZE        =     14    ----
   CONSTANT SIZE    =   ----    ----
   XDATA SIZE       =   ----    ----
   PDATA SIZE       =   ----    ----
   DATA SIZE        =   ----    ----
   IDATA SIZE       =   ----    ----
   BIT SIZE         =   ----    ----
END OF MODULE INFORMATION.


C51 COMPILATION COMPLETE.  0 WARNING(S),  0 ERROR(S)
