C51 COMPILER V9.52.0.0   MAIN                                                              11/03/2013 08:44:17 PAGE 1   


C51 COMPILER V9.52.0.0, COMPILATION OF MODULE MAIN
OBJECT MODULE PLACED IN main.OBJ
COMPILER INVOKED BY: E:\C51Keil\C51\BIN\C51.EXE main.c BROWSE DEBUG OBJECTEXTEND

line level    source

   1          #include "interrupt.h"
   2          
   3          void main()
   4          {
   5   1          initINT(); 
   6   1          
   7   1          while(1);
   8   1      }
   9          


MODULE INFORMATION:   STATIC OVERLAYABLE
   CODE SIZE        =      5    ----
   CONSTANT SIZE    =   ----    ----
   XDATA SIZE       =   ----    ----
   PDATA SIZE       =   ----    ----
   DATA SIZE        =   ----    ----
   IDATA SIZE       =   ----    ----
   BIT SIZE         =   ----    ----
END OF MODULE INFORMATION.


C51 COMPILATION COMPLETE.  0 WARNING(S),  0 ERROR(S)
