C51 COMPILER V9.52.0.0   MAIN                                                              11/08/2013 17:32:37 PAGE 1   


C51 COMPILER V9.52.0.0, COMPILATION OF MODULE MAIN
OBJECT MODULE PLACED IN main.OBJ
COMPILER INVOKED BY: E:\C51Keil\C51\BIN\C51.EXE main.c BROWSE DEBUG OBJECTEXTEND

line level    source

   1          #include "NBCTFT.h"
   2          #include "ch_a.h"
   3          
   4          unsigned int i, j, k, color;
   5          
   6          void main()
   7          {
   8   1          TFT_Initial();
   9   1          CLR_Screen(Black);
  10   1          
  11   1          for(k = 0; k < 6; k ++) {
  12   2              //color = Yellow + 1200;
  13   2              color = Red - 0x0021;
  14   2              for(i = 20, j = 14; i > 10; i --, j--) {
  15   3                  Put_mych(i+k*48, j, 48, 56, AHUTC[k], color);
  16   3                  color -= 0x0021;
  17   3              }
  18   2               Put_mych(i+k*48, j, 48, 56, AHUTC[k], White);
  19   2          }
  20   1          
  21   1         for(k = 0; k < 5; k ++) {
  22   2              color = Red - 0x0021;
  23   2              for(i = 100, j = 80; i > 90; i --, j--) {
  24   3                  if(k<4)
  25   3                      Put_mych(i+k*29, j, 32, 27, team_name[k], color);
  26   3                  else
  27   3                      Put_mych(i+k*25, j, 32, 27, team_name[k], color);               
  28   3                  color -= 0x0021;
  29   3              }
  30   2               if(k<4)
  31   2                      Put_mych(i+k*29, j, 32, 27, team_name[k], White);
  32   2                  else
  33   2                      Put_mych(i+k*25, j, 32, 27, team_name[k], White);
  34   2          }
  35   1          
  36   1          for(k = 0; k < 2; k ++) {
  37   2              color = Red - 0x0021;
  38   2              for(i = 80, j = 110; i < 86; i ++, j++) {
  39   3                  Put_mych(i+k*32, j, 32, 27, per_name[k], color);
  40   3                  color -= 0x0021;
  41   3              }
  42   2               Put_mych(i+k*32, j, 32, 27, per_name[k], White);
  43   2          }
  44   1          
  45   1          for(k = 2; k < 4; k ++) {
  46   2              color = Red - 0x0021;
  47   2              for(i = 110, j = 110; i > 104; i --, j++) {
  48   3                  Put_mych(i+k*32, j, 32, 27, per_name[k], color);
  49   3                  color -= 0x0021;
  50   3              }
  51   2               Put_mych(i+k*32, j, 32, 27, per_name[k], White);
  52   2          }
  53   1          
  54   1          i = 40; j = 168;
  55   1          
C51 COMPILER V9.52.0.0   MAIN                                                              11/08/2013 17:32:37 PAGE 2   

  56   1          for(k = 0; k < 7; k ++) { 
  57   2               Put_mych(i+k*8, j, 8, 11, load[k], White);
  58   2          }
  59   1          
  60   1          for(k = 40; k < 280; k ++) {
  61   2              Put_pixel(k, 180, Yellow-0x0042);
  62   2              Put_pixel(k, 190, Yellow-0x0042);
  63   2          }
  64   1          
  65   1          for(k = 180; k < 190; k ++) {
  66   2              Put_pixel(40, k, Blue2-0x0042);
  67   2              Put_pixel(280, k, Blue2-0x0042);
  68   2          }
  69   1          
  70   1          for(k = 40; k < 280; k ++) {
  71   2              delayms(20);
  72   2              for(i = 180; i < 190; i ++)
  73   2                  Put_pixel(k, i, 0xF6B2);
  74   2          }
  75   1          
  76   1          while(1);
  77   1      }


MODULE INFORMATION:   STATIC OVERLAYABLE
   CODE SIZE        =   1211    ----
   CONSTANT SIZE    =   3065    ----
   XDATA SIZE       =   ----    ----
   PDATA SIZE       =   ----    ----
   DATA SIZE        =      8    ----
   IDATA SIZE       =   ----    ----
   BIT SIZE         =   ----    ----
END OF MODULE INFORMATION.


C51 COMPILATION COMPLETE.  0 WARNING(S),  0 ERROR(S)
