C51 COMPILER V9.52.0.0   MAIN                                                              10/20/2013 11:43:45 PAGE 1   


C51 COMPILER V9.52.0.0, COMPILATION OF MODULE MAIN
OBJECT MODULE PLACED IN main.OBJ
COMPILER INVOKED BY: E:\C51Keil\C51\BIN\C51.EXE main.c BROWSE DEBUG OBJECTEXTEND

line level    source

   1          #include <reg52.h>
   2          #include <intrins.h>
   3          #include "init.h"
   4          
   5          void PutGB3232(unsigned short x, unsigned short  y, unsigned int fColor,unsigned int bColor);
   6          
   7          unsigned char code one [] = {
   8          0xC0,0x00,0x00,0x00,0x40,0x00,0x00,0x00,0x40,0x00,0x90,0x00,0x60,0x80,0x00,0x00,
   9          0x70,0x40,0x01,0x00,0x40,0x00,0x00,0x00,0x64,0x60,0xA0,0x00,0x00,0x08,0x00,0x80,
  10          0x00,0x00,0x02,0x00,0x04,0x40,0x00,0x00,0x00,0x24,0x02,0x00,0x00,0x00,0x10,0x00,
  11          0x00,0x00,0x00,0x00,0x08,0xA0,0x00,0x40,0x00,0x00,0x01,0x00,0x00,0x02,0x00,0x20,
  12          0x0A,0xA0,0x08,0x00,0x00,0x00,0x01,0x00,0x10,0x88,0x00,0x00,0x08,0x01,0x20,0x20,
  13          0x20,0x00,0x01,0x00,0x00,0x00,0x00,0x00,0x22,0x10,0x00,0x00,0x00,0x00,0x00,0x00,
  14          0x20,0x00,0x80,0x00,0x10,0x00,0x00,0x00,0x00,0x80,0x04,0x00,0x03,0xFF,0xF8,0x00,
  15          0x03,0xFF,0xFC,0x00,0x00,0x00,0x00,0x00,0x00,0x00,0x00,0x00,0x00,0x00,0x00,0x00
  16          };
  17          
  18          void main()
  19          {
  20   1              unsigned short m;
  21   1              shiliu=1;
  22   1              spistar();  //模拟spi初始化
  23   1              Lcd_Init();   //tft初始化
  24   1              LCD_CS =0;  //打开LCD片选使能   
  25   1              Pant(Yellow);   //清屏
  26   1              PutGB3232 (34, 45, Cyan, Yellow);
  27   1              while (1)
  28   1              {
  29   2                      delayms (120);  
  30   2              }
  31   1      }
*** WARNING C280 IN LINE 20 OF main.c: 'm': unreferenced local variable
  32          
  33          void PutGB3232(unsigned short x, unsigned short  y, unsigned int fColor,unsigned int bColor)
  34          {
  35   1              unsigned int i,j;
  36   1      
  37   1              Address_set(x, x + 31, y, y + 31);
  38   1      
  39   1       
  40   1              for(i=0;i<128;i++) 
  41   1                      {
  42   2                              unsigned short m=one[i];
  43   2                              for(j=0;j<8;j++) 
  44   2                              {
  45   3                                      if((m&0x80)==0x80) 
  46   3                                      {
  47   4                                              Write_Data_U16(fColor);
  48   4                                      }
  49   3                                      else 
  50   3                                      {
  51   4                                              Write_Data_U16(bColor);
  52   4                                      }
  53   3                                      m<<=1;
  54   3                              } 
C51 COMPILER V9.52.0.0   MAIN                                                              10/20/2013 11:43:45 PAGE 2   

  55   2              }
  56   1      }  
  57                  
  58           


MODULE INFORMATION:   STATIC OVERLAYABLE
   CODE SIZE        =    173    ----
   CONSTANT SIZE    =    128    ----
   XDATA SIZE       =   ----    ----
   PDATA SIZE       =   ----    ----
   DATA SIZE        =   ----      16
   IDATA SIZE       =   ----    ----
   BIT SIZE         =   ----    ----
END OF MODULE INFORMATION.


C51 COMPILATION COMPLETE.  1 WARNING(S),  0 ERROR(S)
