C51 COMPILER V9.52.0.0   MAIN                                                              10/25/2013 16:20:27 PAGE 1   


C51 COMPILER V9.52.0.0, COMPILATION OF MODULE MAIN
OBJECT MODULE PLACED IN main.OBJ
COMPILER INVOKED BY: E:\C51Keil\C51\BIN\C51.EXE main.c BROWSE DEBUG OBJECTEXTEND

line level    source

   1          #include "initLCD.h"
   2          
   3          void main()
   4          {
   5   1          int x, y;
   6   1          TFT_Initial();
   7   1              CLR_Screen(Black);
   8   1          
   9   1          for(y=30, x=30; y < 200; y+=2, x+=3) {
  10   2              //for(x = 30; x < 180; x += 3) {
  11   2                  GUI_VLine(x, y, 50, Blue);
  12   2                  delayms(100);
  13   2                  GUI_VLine(x, y, 50, Black);
  14   2          }
  15   1          
  16   1          while(1);
  17   1      }


MODULE INFORMATION:   STATIC OVERLAYABLE
   CODE SIZE        =    100    ----
   CONSTANT SIZE    =   ----    ----
   XDATA SIZE       =   ----    ----
   PDATA SIZE       =   ----    ----
   DATA SIZE        =   ----       4
   IDATA SIZE       =   ----    ----
   BIT SIZE         =   ----    ----
END OF MODULE INFORMATION.


C51 COMPILATION COMPLETE.  0 WARNING(S),  0 ERROR(S)
