C51 COMPILER V7.06   INIT                                                                  04/18/2013 18:26:38 PAGE 1   


C51 COMPILER V7.06, COMPILATION OF MODULE INIT
OBJECT MODULE PLACED IN init.OBJ
COMPILER INVOKED BY: F:\Keil\C51\BIN\C51.EXE init.c BROWSE DEBUG OBJECTEXTEND

stmt level    source

   1          #include <reg52.h>
   2          #include "init.h"
   3          
   4          void delay(uint time)
   5          {
   6   1              uint i = 10;
   7   1              while (time --)
   8   1              {
   9   2                      while (i --);
  10   2                      i = 10;
  11   2              }
  12   1      }
  13          
  14          void init_digit()
  15          {
  16   1              P0 = 0x00;  
  17   1              Matrix = 0;
  18   1              P0 = 0xFF;
  19   1              Led = 0;
  20   1      }
  21          
  22          
  23          uint wei(long num)
  24          {
  25   1              long temp = 9;
  26   1              unsigned int numw = 1;
  27   1              while (num > temp)
  28   1              {
  29   2                      numw ++;
  30   2                      temp = temp * 10 + 9;                           
  31   2              }
  32   1              return numw;
  33   1      }


MODULE INFORMATION:   STATIC OVERLAYABLE
   CODE SIZE        =    127    ----
   CONSTANT SIZE    =   ----    ----
   XDATA SIZE       =   ----    ----
   PDATA SIZE       =   ----    ----
   DATA SIZE        =   ----       8
   IDATA SIZE       =   ----    ----
   BIT SIZE         =   ----    ----
END OF MODULE INFORMATION.


C51 COMPILATION COMPLETE.  0 WARNING(S),  0 ERROR(S)
