C51 COMPILER V8.02   KEY                                                                   03/18/2013 15:49:41 PAGE 1   


C51 COMPILER V8.02, COMPILATION OF MODULE KEY
OBJECT MODULE PLACED IN key.OBJ
COMPILER INVOKED BY: F:\Keil\C51\BIN\C51.EXE key.c BROWSE DEBUG OBJECTEXTEND

line level    source

   1          #include <reg51.h>
   2          
   3          typedef unsigned char uchar;
   4          typedef unsigned int  uint;
   5          
   6          sbit duan = P1^0;
   7          sbit wei = P1^1;
   8          sbit LED = P1^2;
   9          sbit Matrix = P1^3;
  10          sbit cow1 = P2^4;
  11          sbit cow2 = P2^5;
  12          sbit cow3 = P2^6;
  13          sbit cow4 = P2^7;
  14          
  15          uchar code dis[]={0x3F,0x06,0x5B,0x4F,0x66,0x6D,0x7D,0x07,0x7F,0x6};
  16          uchar num = 0, temp;
  17          
  18          void  delay (uint time);
  19          uchar keyscan ();
  20          
  21          void main () 
  22          {
  23   1              P0 = 0x00;  
  24   1              Matrix = 0;
  25   1              P0 = 0xFF;
  26   1              LED = 0;
  27   1      
  28   1              P0 = 0x7F;
  29   1              wei = 1;
  30   1              wei = 0;
  31   1      
  32   1              while (1) 
  33   1              {
  34   2                      P0 = dis [keyscan()];
  35   2                      duan = 1;
  36   2                      duan = 0;
  37   2              }               
  38   1      }
  39          
  40          void delay (uint time)
  41          {
  42   1              uint i = 110;
  43   1              while (time --)
  44   1              {
  45   2                      while (i --);
  46   2                      i = 110;
  47   2              }
  48   1      }
  49          
  50          uchar keyscan ()
  51          {
  52   1              P2 = 0xFE;
  53   1              temp = P2;
  54   1              temp = temp & 0xFE;
  55   1              switch (temp)
C51 COMPILER V8.02   KEY                                                                   03/18/2013 15:49:41 PAGE 2   

  56   1              {
  57   2                      case 0xEE: num = 1;
  58   2                              break;
  59   2                      case 0xDE: num = 2;
  60   2                              break;
  61   2                      case 0xBE: num = 3;
  62   2                              break;
  63   2                      case 0x7E: num = 4;
  64   2                              break;
  65   2              }
  66   1      
  67   1              P2 = 0xFD;
  68   1              temp = P2;
  69   1              temp = temp & 0xFD;
  70   1              switch (temp)
  71   1              {
  72   2                      case 0xED: num = 5;
  73   2                              break;
  74   2                      case 0xDD: num = 6;
  75   2                              break;
  76   2                      case 0xBD: num = 7;
  77   2                              break;
  78   2                      case 0x7D: num = 8;
  79   2                              break;
  80   2              }
  81   1              return num;
  82   1      }


MODULE INFORMATION:   STATIC OVERLAYABLE
   CODE SIZE        =    157    ----
   CONSTANT SIZE    =     10    ----
   XDATA SIZE       =   ----    ----
   PDATA SIZE       =   ----    ----
   DATA SIZE        =      2    ----
   IDATA SIZE       =   ----    ----
   BIT SIZE         =   ----    ----
END OF MODULE INFORMATION.


C51 COMPILATION COMPLETE.  0 WARNING(S),  0 ERROR(S)
