C51 COMPILER V9.52.0.0   1602                                                              09/22/2013 14:11:31 PAGE 1   


C51 COMPILER V9.52.0.0, COMPILATION OF MODULE 1602
OBJECT MODULE PLACED IN 1602.OBJ
COMPILER INVOKED BY: E:\C51Keil\C51\BIN\C51.EXE 1602.c BROWSE DEBUG OBJECTEXTEND

line level    source

   1          #include <reg52.h>
   2          #include "1602.h"
   3          #include "delay.h"
   4          
   5          sbit RS = P2^5;
   6          sbit RW = P2^4;
   7          sbit EN = P2^3;
   8          
   9          void wcode(unsigned char t)
  10          {
  11   1              RS = 0;
  12   1              RW = 0;
  13   1              EN = 1;
  14   1              P0 = t;
  15   1              delay(20);
  16   1              EN = 0;
  17   1      }
  18          
  19          void wdata(unsigned char t)
  20          {
  21   1              RS = 1;
  22   1              RW = 0;
  23   1              EN = 1;
  24   1              P0 = t;
  25   1              delay(20);
  26   1              EN = 0;
  27   1      }
  28          
  29          void wword(unsigned char *word)
  30          {
  31   1              while(*word)
  32   1              {
  33   2                      wdata(*word++);
  34   2                      //word ++;
  35   2              }
  36   1      }
  37          
  38          void show(unsigned char ge, unsigned char shifen, unsigned char baifen)
  39          {
  40   1              wcode(0x80);
  41   1              wword("The volt now is:");
  42   1              
  43   1              wcode(0xCB);
  44   1              wdata(ge+0x30);
  45   1              wdata('.');
  46   1              wdata(shifen+0x30);
  47   1              wdata(baifen+0x30);
  48   1              wdata('V');     
  49   1      }
  50          
  51          void initLCD()
  52          {
  53   1              wcode(0x01);
  54   1              wcode(0x06);
  55   1              wcode(0x0E);
C51 COMPILER V9.52.0.0   1602                                                              09/22/2013 14:11:31 PAGE 2   

  56   1              wcode(0x38);
  57   1      }


MODULE INFORMATION:   STATIC OVERLAYABLE
   CODE SIZE        =    149    ----
   CONSTANT SIZE    =     17    ----
   XDATA SIZE       =   ----    ----
   PDATA SIZE       =   ----    ----
   DATA SIZE        =   ----       6
   IDATA SIZE       =   ----    ----
   BIT SIZE         =   ----    ----
END OF MODULE INFORMATION.


C51 COMPILATION COMPLETE.  0 WARNING(S),  0 ERROR(S)
