C51 COMPILER V9.52.0.0   INIT                                                              01/03/2014 16:41:56 PAGE 1   


C51 COMPILER V9.52.0.0, COMPILATION OF MODULE INIT
OBJECT MODULE PLACED IN init.OBJ
COMPILER INVOKED BY: e:\51Keil\C51\BIN\C51.EXE init.c BROWSE DEBUG OBJECTEXTEND TABS(2)

line level    source

   1          #include <reg52.h>
   2          #include <intrins.h>
   3          #include "init.h"
   4          
   5          #define WINDOW_XADDR_START  0x0050 // Horizontal Start Address Set
   6          #define WINDOW_XADDR_END  0x0051 // Horizontal End Address Set
   7          #define WINDOW_YADDR_START  0x0052 // Vertical Start Address Set
   8          #define WINDOW_YADDR_END  0x0053 // Vertical End Address Set
   9          #define GRAM_XADDR        0x0020 // GRAM Horizontal Address Set
  10          #define GRAM_YADDR        0x0021 // GRAM Vertical Address Set
  11          #define GRAMWR          0x0022 // memory write
  12          
  13          #define s ((((((((0
  14          #define X )*2+1
  15          #define _ )*2
  16          unsigned char code Font8x16[] = {
  17          /* pixels */
  18          
  19          /* 0x00 */
  20          s _ _ _ _ _ _ _ _ ,
  21          s _ _ _ _ _ _ _ _ ,
  22          s _ _ _ _ _ _ _ _ ,
  23          s _ _ _ _ _ _ _ _ ,
  24          s _ _ _ _ _ _ _ _ ,
  25          s _ _ _ _ _ _ _ _ ,
  26          s _ _ _ _ _ _ _ _ ,
  27          s _ _ _ _ _ _ _ _ ,
  28          s _ _ _ _ _ _ _ _ ,
  29          s _ _ _ _ _ _ _ _ ,
  30          s _ _ _ _ _ _ _ _ ,
  31          s _ _ _ _ _ _ _ _ ,
  32          s _ _ _ _ _ _ _ _ ,
  33          s _ _ _ _ _ _ _ _ ,
  34          s _ _ _ _ _ _ _ _ ,
  35          s _ _ _ _ _ _ _ _ ,
  36          
  37          /* 0x01 */
  38          s _ _ _ _ _ _ _ _ ,
  39          s _ _ _ _ _ _ _ _ ,
  40          s _ _ _ _ _ _ _ _ ,
  41          s _ _ _ _ _ _ _ _ ,
  42          s _ _ _ _ _ _ _ _ ,
  43          s _ _ _ _ _ _ _ _ ,
  44          s _ _ _ _ _ _ _ _ ,
  45          s _ _ _ _ _ _ _ _ ,
  46          s _ _ _ _ _ _ _ _ ,
  47          s _ _ _ _ _ _ _ _ ,
  48          s _ _ _ _ _ _ _ _ ,
  49          s _ _ _ _ _ _ _ _ ,
  50          s _ _ _ _ _ _ _ _ ,
  51          s _ _ _ _ _ _ _ _ ,
  52          s _ _ _ _ _ _ _ _ ,
  53          s _ _ _ _ _ _ _ _ ,
  54          
  55          /* 0x02 */
C51 COMPILER V9.52.0.0   INIT                                                              01/03/2014 16:41:56 PAGE 2   

  56          s _ _ _ _ _ _ _ _ ,
  57          s _ _ _ _ _ _ _ _ ,
  58          s _ _ _ _ _ _ _ _ ,
  59          s _ _ _ _ _ _ _ _ ,
  60          s _ _ _ _ _ _ _ _ ,
  61          s _ _ _ _ _ _ _ _ ,
  62          s _ _ _ _ _ _ _ _ ,
  63          s _ _ _ _ _ _ _ _ ,
  64          s _ _ _ _ _ _ _ _ ,
  65          s _ _ _ _ _ _ _ _ ,
  66          s _ _ _ _ _ _ _ _ ,
  67          s _ _ _ _ _ _ _ _ ,
  68          s _ _ _ _ _ _ _ _ ,
  69          s _ _ _ _ _ _ _ _ ,
  70          s _ _ _ _ _ _ _ _ ,
  71          s _ _ _ _ _ _ _ _ ,
  72          
  73          /* 0x03 */
  74          s _ _ _ _ _ _ _ _ ,
  75          s _ _ _ _ _ _ _ _ ,
  76          s _ _ _ _ _ _ _ _ ,
  77          s _ _ _ _ _ _ _ _ ,
  78          s _ _ _ _ _ _ _ _ ,
  79          s _ _ _ _ _ _ _ _ ,
  80          s _ _ _ _ _ _ _ _ ,
  81          s _ _ _ _ _ _ _ _ ,
  82          s _ _ _ _ _ _ _ _ ,
  83          s _ _ _ _ _ _ _ _ ,
  84          s _ _ _ _ _ _ _ _ ,
  85          s _ _ _ _ _ _ _ _ ,
  86          s _ _ _ _ _ _ _ _ ,
  87          s _ _ _ _ _ _ _ _ ,
  88          s _ _ _ _ _ _ _ _ ,
  89          s _ _ _ _ _ _ _ _ ,
  90          
  91          /* 0x04 */
  92          s _ _ _ _ _ _ _ _ ,
  93          s _ _ _ _ _ _ _ _ ,
  94          s _ _ _ _ _ _ _ _ ,
  95          s _ _ _ _ _ _ _ _ ,
  96          s _ _ _ _ _ _ _ _ ,
  97          s _ _ _ _ _ _ _ _ ,
  98          s _ _ _ _ _ _ _ _ ,
  99          s _ _ _ _ _ _ _ _ ,
 100          s _ _ _ _ _ _ _ _ ,
 101          s _ _ _ _ _ _ _ _ ,
 102          s _ _ _ _ _ _ _ _ ,
 103          s _ _ _ _ _ _ _ _ ,
 104          s _ _ _ _ _ _ _ _ ,
 105          s _ _ _ _ _ _ _ _ ,
 106          s _ _ _ _ _ _ _ _ ,
 107          s _ _ _ _ _ _ _ _ ,
 108          
 109          /* 0x05 */
 110          s _ _ _ _ _ _ _ _ ,
 111          s _ _ _ _ _ _ _ _ ,
 112          s _ _ _ _ _ _ _ _ ,
 113          s _ _ _ _ _ _ _ _ ,
 114          s _ _ _ _ _ _ _ _ ,
 115          s _ _ _ _ _ _ _ _ ,
 116          s _ _ _ _ _ _ _ _ ,
 117          s _ _ _ _ _ _ _ _ ,
C51 COMPILER V9.52.0.0   INIT                                                              01/03/2014 16:41:56 PAGE 3   

 118          s _ _ _ _ _ _ _ _ ,
 119          s _ _ _ _ _ _ _ _ ,
 120          s _ _ _ _ _ _ _ _ ,
 121          s _ _ _ _ _ _ _ _ ,
 122          s _ _ _ _ _ _ _ _ ,
 123          s _ _ _ _ _ _ _ _ ,
 124          s _ _ _ _ _ _ _ _ ,
 125          s _ _ _ _ _ _ _ _ ,
 126          
 127          /* 0x06 */
 128          s _ _ _ _ _ _ _ _ ,
 129          s _ _ _ _ _ _ _ _ ,
 130          s _ _ _ _ _ _ _ _ ,
 131          s _ _ _ _ _ _ _ _ ,
 132          s _ _ _ _ _ _ _ _ ,
 133          s _ _ _ _ _ _ _ _ ,
 134          s _ _ _ _ _ _ _ _ ,
 135          s _ _ _ _ _ _ _ _ ,
 136          s _ _ _ _ _ _ _ _ ,
 137          s _ _ _ _ _ _ _ _ ,
 138          s _ _ _ _ _ _ _ _ ,
 139          s _ _ _ _ _ _ _ _ ,
 140          s _ _ _ _ _ _ _ _ ,
 141          s _ _ _ _ _ _ _ _ ,
 142          s _ _ _ _ _ _ _ _ ,
 143          s _ _ _ _ _ _ _ _ ,
 144          
 145          /* 0x07 */
 146          s _ _ _ _ _ _ _ _ ,
 147          s _ _ _ _ _ _ _ _ ,
 148          s _ _ _ _ _ _ _ _ ,
 149          s _ _ _ _ _ _ _ _ ,
 150          s _ _ _ _ _ _ _ _ ,
 151          s _ _ _ _ _ _ _ _ ,
 152          s _ _ _ _ _ _ _ _ ,
 153          s _ _ _ _ _ _ _ _ ,
 154          s _ _ _ _ _ _ _ _ ,
 155          s _ _ _ _ _ _ _ _ ,
 156          s _ _ _ _ _ _ _ _ ,
 157          s _ _ _ _ _ _ _ _ ,
 158          s _ _ _ _ _ _ _ _ ,
 159          s _ _ _ _ _ _ _ _ ,
 160          s _ _ _ _ _ _ _ _ ,
 161          s _ _ _ _ _ _ _ _ ,
 162          
 163          /* 0x08 */
 164          s _ _ _ _ _ _ _ _ ,
 165          s _ _ _ _ _ _ _ _ ,
 166          s _ _ _ _ _ _ _ _ ,
 167          s _ _ _ _ _ _ _ _ ,
 168          s _ _ _ _ _ _ _ _ ,
 169          s _ _ _ _ _ _ _ _ ,
 170          s _ _ _ _ _ _ _ _ ,
 171          s _ _ _ _ _ _ _ _ ,
 172          s _ _ _ _ _ _ _ _ ,
 173          s _ _ _ _ _ _ _ _ ,
 174          s _ _ _ _ _ _ _ _ ,
 175          s _ _ _ _ _ _ _ _ ,
 176          s _ _ _ _ _ _ _ _ ,
 177          s _ _ _ _ _ _ _ _ ,
 178          s _ _ _ _ _ _ _ _ ,
 179          s _ _ _ _ _ _ _ _ ,
C51 COMPILER V9.52.0.0   INIT                                                              01/03/2014 16:41:56 PAGE 4   

 180          
 181          /* 0x09 */
 182          s _ _ _ _ _ _ _ _ ,
 183          s _ _ _ _ _ _ _ _ ,
 184          s _ _ _ _ _ _ _ _ ,
 185          s _ _ _ _ _ _ _ _ ,
 186          s _ _ _ _ _ _ _ _ ,
 187          s _ _ _ _ _ _ _ _ ,
 188          s _ _ _ _ _ _ _ _ ,
 189          s _ _ _ _ _ _ _ _ ,
 190          s _ _ _ _ _ _ _ _ ,
 191          s _ _ _ _ _ _ _ _ ,
 192          s _ _ _ _ _ _ _ _ ,
 193          s _ _ _ _ _ _ _ _ ,
 194          s _ _ _ _ _ _ _ _ ,
 195          s _ _ _ _ _ _ _ _ ,
 196          s _ _ _ _ _ _ _ _ ,
 197          s _ _ _ _ _ _ _ _ ,
 198          
 199          /* 0x0a */
 200          s _ _ _ _ _ _ _ _ ,
 201          s _ _ _ _ _ _ _ _ ,
 202          s _ _ _ _ _ _ _ _ ,
 203          s _ _ _ _ _ _ _ _ ,
 204          s _ _ _ _ _ _ _ _ ,
 205          s _ _ _ _ _ _ _ _ ,
 206          s _ _ _ _ _ _ _ _ ,
 207          s _ _ _ _ _ _ _ _ ,
 208          s _ _ _ _ _ _ _ _ ,
 209          s _ _ _ _ _ _ _ _ ,
 210          s _ _ _ _ _ _ _ _ ,
 211          s _ _ _ _ _ _ _ _ ,
 212          s _ _ _ _ _ _ _ _ ,
 213          s _ _ _ _ _ _ _ _ ,
 214          s _ _ _ _ _ _ _ _ ,
 215          s _ _ _ _ _ _ _ _ ,
 216          
 217          /* 0x0b */
 218          s _ _ _ _ _ _ _ _ ,
 219          s _ _ _ _ _ _ _ _ ,
 220          s _ _ _ _ _ _ _ _ ,
 221          s _ _ _ _ _ _ _ _ ,
 222          s _ _ _ _ _ _ _ _ ,
 223          s _ _ _ _ _ _ _ _ ,
 224          s _ _ _ _ _ _ _ _ ,
 225          s _ _ _ _ _ _ _ _ ,
 226          s _ _ _ _ _ _ _ _ ,
 227          s _ _ _ _ _ _ _ _ ,
 228          s _ _ _ _ _ _ _ _ ,
 229          s _ _ _ _ _ _ _ _ ,
 230          s _ _ _ _ _ _ _ _ ,
 231          s _ _ _ _ _ _ _ _ ,
 232          s _ _ _ _ _ _ _ _ ,
 233          s _ _ _ _ _ _ _ _ ,
 234          
 235          /* 0x0c */
 236          s _ _ _ _ _ _ _ _ ,
 237          s _ _ _ _ _ _ _ _ ,
 238          s _ _ _ _ _ _ _ _ ,
 239          s _ _ _ _ _ _ _ _ ,
 240          s _ _ _ _ _ _ _ _ ,
 241          s _ _ _ _ _ _ _ _ ,
C51 COMPILER V9.52.0.0   INIT                                                              01/03/2014 16:41:56 PAGE 5   

 242          s _ _ _ _ _ _ _ _ ,
 243          s _ _ _ _ _ _ _ _ ,
 244          s _ _ _ _ _ _ _ _ ,
 245          s _ _ _ _ _ _ _ _ ,
 246          s _ _ _ _ _ _ _ _ ,
 247          s _ _ _ _ _ _ _ _ ,
 248          s _ _ _ _ _ _ _ _ ,
 249          s _ _ _ _ _ _ _ _ ,
 250          s _ _ _ _ _ _ _ _ ,
 251          s _ _ _ _ _ _ _ _ ,
 252          
 253          /* 0x0d */
 254          s _ _ _ _ _ _ _ _ ,
 255          s _ _ _ _ _ _ _ _ ,
 256          s _ _ _ _ _ _ _ _ ,
 257          s _ _ _ _ _ _ _ _ ,
 258          s _ _ _ _ _ _ _ _ ,
 259          s _ _ _ _ _ _ _ _ ,
 260          s _ _ _ _ _ _ _ _ ,
 261          s _ _ _ _ _ _ _ _ ,
 262          s _ _ _ _ _ _ _ _ ,
 263          s _ _ _ _ _ _ _ _ ,
 264          s _ _ _ _ _ _ _ _ ,
 265          s _ _ _ _ _ _ _ _ ,
 266          s _ _ _ _ _ _ _ _ ,
 267          s _ _ _ _ _ _ _ _ ,
 268          s _ _ _ _ _ _ _ _ ,
 269          s _ _ _ _ _ _ _ _ ,
 270          
 271          /* 0x0e */
 272          s _ _ _ _ _ _ _ _ ,
 273          s _ _ _ _ _ _ _ _ ,
 274          s _ _ _ _ _ _ _ _ ,
 275          s _ _ _ _ _ _ _ _ ,
 276          s _ _ _ _ _ _ _ _ ,
 277          s _ _ _ _ _ _ _ _ ,
 278          s _ _ _ _ _ _ _ _ ,
 279          s _ _ _ _ _ _ _ _ ,
 280          s _ _ _ _ _ _ _ _ ,
 281          s _ _ _ _ _ _ _ _ ,
 282          s _ _ _ _ _ _ _ _ ,
 283          s _ _ _ _ _ _ _ _ ,
 284          s _ _ _ _ _ _ _ _ ,
 285          s _ _ _ _ _ _ _ _ ,
 286          s _ _ _ _ _ _ _ _ ,
 287          s _ _ _ _ _ _ _ _ ,
 288          
 289          /* 0x0f */
 290          s _ _ _ _ _ _ _ _ ,
 291          s _ _ _ _ _ _ _ _ ,
 292          s _ _ _ _ _ _ _ _ ,
 293          s _ _ _ _ _ _ _ _ ,
 294          s _ _ _ _ _ _ _ _ ,
 295          s _ _ _ _ _ _ _ _ ,
 296          s _ _ _ _ _ _ _ _ ,
 297          s _ _ _ _ _ _ _ _ ,
 298          s _ _ _ _ _ _ _ _ ,
 299          s _ _ _ _ _ _ _ _ ,
 300          s _ _ _ _ _ _ _ _ ,
 301          s _ _ _ _ _ _ _ _ ,
 302          s _ _ _ _ _ _ _ _ ,
 303          s _ _ _ _ _ _ _ _ ,
C51 COMPILER V9.52.0.0   INIT                                                              01/03/2014 16:41:56 PAGE 6   

 304          s _ _ _ _ _ _ _ _ ,
 305          s _ _ _ _ _ _ _ _ ,
 306          
 307          /* 0x10 */
 308          s _ _ _ _ _ _ _ _ ,
 309          s _ _ _ _ _ _ _ _ ,
 310          s _ _ _ _ _ _ _ _ ,
 311          s _ _ _ _ _ _ _ _ ,
 312          s _ _ _ _ _ _ _ _ ,
 313          s _ _ _ _ _ _ _ _ ,
 314          s _ _ _ _ _ _ _ _ ,
 315          s _ _ _ _ _ _ _ _ ,
 316          s _ _ _ _ _ _ _ _ ,
 317          s _ _ _ _ _ _ _ _ ,
 318          s _ _ _ _ _ _ _ _ ,
 319          s _ _ _ _ _ _ _ _ ,
 320          s _ _ _ _ _ _ _ _ ,
 321          s _ _ _ _ _ _ _ _ ,
 322          s _ _ _ _ _ _ _ _ ,
 323          s _ _ _ _ _ _ _ _ ,
 324          
 325          /* 0x11 */
 326          s _ _ _ _ _ _ _ _ ,
 327          s _ _ _ _ _ _ _ _ ,
 328          s _ _ _ _ _ _ _ _ ,
 329          s _ _ _ _ _ _ _ _ ,
 330          s _ _ _ _ _ _ _ _ ,
 331          s _ _ _ _ _ _ _ _ ,
 332          s _ _ _ _ _ _ _ _ ,
 333          s _ _ _ _ _ _ _ _ ,
 334          s _ _ _ _ _ _ _ _ ,
 335          s _ _ _ _ _ _ _ _ ,
 336          s _ _ _ _ _ _ _ _ ,
 337          s _ _ _ _ _ _ _ _ ,
 338          s _ _ _ _ _ _ _ _ ,
 339          s _ _ _ _ _ _ _ _ ,
 340          s _ _ _ _ _ _ _ _ ,
 341          s _ _ _ _ _ _ _ _ ,
 342          
 343          /* 0x12 */
 344          s _ _ _ _ _ _ _ _ ,
 345          s _ _ _ _ _ _ _ _ ,
 346          s _ _ _ _ _ _ _ _ ,
 347          s _ _ _ _ _ _ _ _ ,
 348          s _ _ _ _ _ _ _ _ ,
 349          s _ _ _ _ _ _ _ _ ,
 350          s _ _ _ _ _ _ _ _ ,
 351          s _ _ _ _ _ _ _ _ ,
 352          s _ _ _ _ _ _ _ _ ,
 353          s _ _ _ _ _ _ _ _ ,
 354          s _ _ _ _ _ _ _ _ ,
 355          s _ _ _ _ _ _ _ _ ,
 356          s _ _ _ _ _ _ _ _ ,
 357          s _ _ _ _ _ _ _ _ ,
 358          s _ _ _ _ _ _ _ _ ,
 359          s _ _ _ _ _ _ _ _ ,
 360          
 361          /* 0x13 */
 362          s _ _ _ _ _ _ _ _ ,
 363          s _ _ _ _ _ _ _ _ ,
 364          s _ _ _ _ _ _ _ _ ,
 365          s _ _ _ _ _ _ _ _ ,
C51 COMPILER V9.52.0.0   INIT                                                              01/03/2014 16:41:56 PAGE 7   

 366          s _ _ _ _ _ _ _ _ ,
 367          s _ _ _ _ _ _ _ _ ,
 368          s _ _ _ _ _ _ _ _ ,
 369          s _ _ _ _ _ _ _ _ ,
 370          s _ _ _ _ _ _ _ _ ,
 371          s _ _ _ _ _ _ _ _ ,
 372          s _ _ _ _ _ _ _ _ ,
 373          s _ _ _ _ _ _ _ _ ,
 374          s _ _ _ _ _ _ _ _ ,
 375          s _ _ _ _ _ _ _ _ ,
 376          s _ _ _ _ _ _ _ _ ,
 377          s _ _ _ _ _ _ _ _ ,
 378          
 379          /* 0x14 */
 380          s _ _ _ _ _ _ _ _ ,
 381          s _ _ _ _ _ _ _ _ ,
 382          s _ _ _ _ _ _ _ _ ,
 383          s _ _ _ _ _ _ _ _ ,
 384          s _ _ _ _ _ _ _ _ ,
 385          s _ _ _ _ _ _ _ _ ,
 386          s _ _ _ _ _ _ _ _ ,
 387          s _ _ _ _ _ _ _ _ ,
 388          s _ _ _ _ _ _ _ _ ,
 389          s _ _ _ _ _ _ _ _ ,
 390          s _ _ _ _ _ _ _ _ ,
 391          s _ _ _ _ _ _ _ _ ,
 392          s _ _ _ _ _ _ _ _ ,
 393          s _ _ _ _ _ _ _ _ ,
 394          s _ _ _ _ _ _ _ _ ,
 395          s _ _ _ _ _ _ _ _ ,
 396          
 397          /* 0x15 */
 398          s _ _ _ _ _ _ _ _ ,
 399          s _ _ _ _ _ _ _ _ ,
 400          s _ _ _ _ _ _ _ _ ,
 401          s _ _ _ _ _ _ _ _ ,
 402          s _ _ _ _ _ _ _ _ ,
 403          s _ _ _ _ _ _ _ _ ,
 404          s _ _ _ _ _ _ _ _ ,
 405          s _ _ _ _ _ _ _ _ ,
 406          s _ _ _ _ _ _ _ _ ,
 407          s _ _ _ _ _ _ _ _ ,
 408          s _ _ _ _ _ _ _ _ ,
 409          s _ _ _ _ _ _ _ _ ,
 410          s _ _ _ _ _ _ _ _ ,
 411          s _ _ _ _ _ _ _ _ ,
 412          s _ _ _ _ _ _ _ _ ,
 413          s _ _ _ _ _ _ _ _ ,
 414          
 415          /* 0x16 */
 416          s _ _ _ _ _ _ _ _ ,
 417          s _ _ _ _ _ _ _ _ ,
 418          s _ _ _ _ _ _ _ _ ,
 419          s _ _ _ _ _ _ _ _ ,
 420          s _ _ _ _ _ _ _ _ ,
 421          s _ _ _ _ _ _ _ _ ,
 422          s _ _ _ _ _ _ _ _ ,
 423          s _ _ _ _ _ _ _ _ ,
 424          s _ _ _ _ _ _ _ _ ,
 425          s _ _ _ _ _ _ _ _ ,
 426          s _ _ _ _ _ _ _ _ ,
 427          s _ _ _ _ _ _ _ _ ,
C51 COMPILER V9.52.0.0   INIT                                                              01/03/2014 16:41:56 PAGE 8   

 428          s _ _ _ _ _ _ _ _ ,
 429          s _ _ _ _ _ _ _ _ ,
 430          s _ _ _ _ _ _ _ _ ,
 431          s _ _ _ _ _ _ _ _ ,
 432          
 433          /* 0x17 */
 434          s _ _ _ _ _ _ _ _ ,
 435          s _ _ _ _ _ _ _ _ ,
 436          s _ _ _ _ _ _ _ _ ,
 437          s _ _ _ _ _ _ _ _ ,
 438          s _ _ _ _ _ _ _ _ ,
 439          s _ _ _ _ _ _ _ _ ,
 440          s _ _ _ _ _ _ _ _ ,
 441          s _ _ _ _ _ _ _ _ ,
 442          s _ _ _ _ _ _ _ _ ,
 443          s _ _ _ _ _ _ _ _ ,
 444          s _ _ _ _ _ _ _ _ ,
 445          s _ _ _ _ _ _ _ _ ,
 446          s _ _ _ _ _ _ _ _ ,
 447          s _ _ _ _ _ _ _ _ ,
 448          s _ _ _ _ _ _ _ _ ,
 449          s _ _ _ _ _ _ _ _ ,
 450          
 451          /* 0x18 */
 452          s _ _ _ _ _ _ _ _ ,
 453          s _ _ _ _ _ _ _ _ ,
 454          s _ _ _ _ _ _ _ _ ,
 455          s _ _ _ _ _ _ _ _ ,
 456          s _ _ _ _ _ _ _ _ ,
 457          s _ _ _ _ _ _ _ _ ,
 458          s _ _ _ _ _ _ _ _ ,
 459          s _ _ _ _ _ _ _ _ ,
 460          s _ _ _ _ _ _ _ _ ,
 461          s _ _ _ _ _ _ _ _ ,
 462          s _ _ _ _ _ _ _ _ ,
 463          s _ _ _ _ _ _ _ _ ,
 464          s _ _ _ _ _ _ _ _ ,
 465          s _ _ _ _ _ _ _ _ ,
 466          s _ _ _ _ _ _ _ _ ,
 467          s _ _ _ _ _ _ _ _ ,
 468          
 469          /* 0x19 */
 470          s _ _ _ _ _ _ _ _ ,
 471          s _ _ _ _ _ _ _ _ ,
 472          s _ _ _ _ _ _ _ _ ,
 473          s _ _ _ _ _ _ _ _ ,
 474          s _ _ _ _ _ _ _ _ ,
 475          s _ _ _ _ _ _ _ _ ,
 476          s _ _ _ _ _ _ _ _ ,
 477          s _ _ _ _ _ _ _ _ ,
 478          s _ _ _ _ _ _ _ _ ,
 479          s _ _ _ _ _ _ _ _ ,
 480          s _ _ _ _ _ _ _ _ ,
 481          s _ _ _ _ _ _ _ _ ,
 482          s _ _ _ _ _ _ _ _ ,
 483          s _ _ _ _ _ _ _ _ ,
 484          s _ _ _ _ _ _ _ _ ,
 485          s _ _ _ _ _ _ _ _ ,
 486          
 487          /* 0x1a */
 488          s _ _ _ _ _ _ _ _ ,
 489          s _ _ _ _ _ _ _ _ ,
C51 COMPILER V9.52.0.0   INIT                                                              01/03/2014 16:41:56 PAGE 9   

 490          s _ _ _ _ _ _ _ _ ,
 491          s _ _ _ _ _ _ _ _ ,
 492          s _ _ _ _ _ _ _ _ ,
 493          s _ _ _ _ _ _ _ _ ,
 494          s _ _ _ _ _ _ _ _ ,
 495          s _ _ _ _ _ _ _ _ ,
 496          s _ _ _ _ _ _ _ _ ,
 497          s _ _ _ _ _ _ _ _ ,
 498          s _ _ _ _ _ _ _ _ ,
 499          s _ _ _ _ _ _ _ _ ,
 500          s _ _ _ _ _ _ _ _ ,
 501          s _ _ _ _ _ _ _ _ ,
 502          s _ _ _ _ _ _ _ _ ,
 503          s _ _ _ _ _ _ _ _ ,
 504          
 505          /* 0x1b */
 506          s _ _ _ _ _ _ _ _ ,
 507          s _ _ _ _ _ _ _ _ ,
 508          s _ _ _ _ _ _ _ _ ,
 509          s _ _ _ _ _ _ _ _ ,
 510          s _ _ _ _ _ _ _ _ ,
 511          s _ _ _ _ _ _ _ _ ,
 512          s _ _ _ _ _ _ _ _ ,
 513          s _ _ _ _ _ _ _ _ ,
 514          s _ _ _ _ _ _ _ _ ,
 515          s _ _ _ _ _ _ _ _ ,
 516          s _ _ _ _ _ _ _ _ ,
 517          s _ _ _ _ _ _ _ _ ,
 518          s _ _ _ _ _ _ _ _ ,
 519          s _ _ _ _ _ _ _ _ ,
 520          s _ _ _ _ _ _ _ _ ,
 521          s _ _ _ _ _ _ _ _ ,
 522          
 523          /* 0x1c */
 524          s _ _ _ _ _ _ _ _ ,
 525          s _ _ _ _ _ _ _ _ ,
 526          s _ _ _ _ _ _ _ _ ,
 527          s _ _ _ _ _ _ _ _ ,
 528          s _ _ _ _ _ _ _ _ ,
 529          s _ _ _ _ _ _ _ _ ,
 530          s _ _ _ _ _ _ _ _ ,
 531          s _ _ _ _ _ _ _ _ ,
 532          s _ _ _ _ _ _ _ _ ,
 533          s _ _ _ _ _ _ _ _ ,
 534          s _ _ _ _ _ _ _ _ ,
 535          s _ _ _ _ _ _ _ _ ,
 536          s _ _ _ _ _ _ _ _ ,
 537          s _ _ _ _ _ _ _ _ ,
 538          s _ _ _ _ _ _ _ _ ,
 539          s _ _ _ _ _ _ _ _ ,
 540          
 541          /* 0x1d */
 542          s _ _ _ _ _ _ _ _ ,
 543          s _ _ _ _ _ _ _ _ ,
 544          s _ _ _ _ _ _ _ _ ,
 545          s _ _ _ _ _ _ _ _ ,
 546          s _ _ _ _ _ _ _ _ ,
 547          s _ _ _ _ _ _ _ _ ,
 548          s _ _ _ _ _ _ _ _ ,
 549          s _ _ _ _ _ _ _ _ ,
 550          s _ _ _ _ _ _ _ _ ,
 551          s _ _ _ _ _ _ _ _ ,
C51 COMPILER V9.52.0.0   INIT                                                              01/03/2014 16:41:56 PAGE 10  

 552          s _ _ _ _ _ _ _ _ ,
 553          s _ _ _ _ _ _ _ _ ,
 554          s _ _ _ _ _ _ _ _ ,
 555          s _ _ _ _ _ _ _ _ ,
 556          s _ _ _ _ _ _ _ _ ,
 557          s _ _ _ _ _ _ _ _ ,
 558          
 559          /* 0x1e */
 560          s _ _ _ _ _ _ _ _ ,
 561          s _ _ _ _ _ _ _ _ ,
 562          s _ _ _ _ _ _ _ _ ,
 563          s _ _ _ _ _ _ _ _ ,
 564          s _ _ _ _ _ _ _ _ ,
 565          s _ _ _ _ _ _ _ _ ,
 566          s _ _ _ _ _ _ _ _ ,
 567          s _ _ _ _ _ _ _ _ ,
 568          s _ _ _ _ _ _ _ _ ,
 569          s _ _ _ _ _ _ _ _ ,
 570          s _ _ _ _ _ _ _ _ ,
 571          s _ _ _ _ _ _ _ _ ,
 572          s _ _ _ _ _ _ _ _ ,
 573          s _ _ _ _ _ _ _ _ ,
 574          s _ _ _ _ _ _ _ _ ,
 575          s _ _ _ _ _ _ _ _ ,
 576          
 577          /* 0x1f */
 578          s _ _ _ _ _ _ _ _ ,
 579          s _ _ _ _ _ _ _ _ ,
 580          s _ _ _ _ _ _ _ _ ,
 581          s _ _ _ _ _ _ _ _ ,
 582          s _ _ _ _ _ _ _ _ ,
 583          s _ _ _ _ _ _ _ _ ,
 584          s _ _ _ _ _ _ _ _ ,
 585          s _ _ _ _ _ _ _ _ ,
 586          s _ _ _ _ _ _ _ _ ,
 587          s _ _ _ _ _ _ _ _ ,
 588          s _ _ _ _ _ _ _ _ ,
 589          s _ _ _ _ _ _ _ _ ,
 590          s _ _ _ _ _ _ _ _ ,
 591          s _ _ _ _ _ _ _ _ ,
 592          s _ _ _ _ _ _ _ _ ,
 593          s _ _ _ _ _ _ _ _ ,
 594          
 595          /* 0x20 */
 596          s _ _ _ _ _ _ _ _ ,
 597          s _ _ _ _ _ _ _ _ ,
 598          s _ _ _ _ _ _ _ _ ,
 599          s _ _ _ _ _ _ _ _ ,
 600          s _ _ _ _ _ _ _ _ ,
 601          s _ _ _ _ _ _ _ _ ,
 602          s _ _ _ _ _ _ _ _ ,
 603          s _ _ _ _ _ _ _ _ ,
 604          s _ _ _ _ _ _ _ _ ,
 605          s _ _ _ _ _ _ _ _ ,
 606          s _ _ _ _ _ _ _ _ ,
 607          s _ _ _ _ _ _ _ _ ,
 608          s _ _ _ _ _ _ _ _ ,
 609          s _ _ _ _ _ _ _ _ ,
 610          s _ _ _ _ _ _ _ _ ,
 611          s _ _ _ _ _ _ _ _ ,
 612          
 613          /* 0x21 ! */
C51 COMPILER V9.52.0.0   INIT                                                              01/03/2014 16:41:56 PAGE 11  

 614          s _ _ _ _ _ _ _ _ ,
 615          s _ _ _ _ _ _ _ _ ,
 616          s _ _ _ _ _ _ _ _ ,
 617          s _ _ _ X _ _ _ _ ,
 618          s _ _ _ X _ _ _ _ ,
 619          s _ _ _ X _ _ _ _ ,
 620          s _ _ _ X _ _ _ _ ,
 621          s _ _ _ X _ _ _ _ ,
 622          s _ _ _ X _ _ _ _ ,
 623          s _ _ _ _ _ _ _ _ ,
 624          s _ _ _ X _ _ _ _ ,
 625          s _ _ _ X _ _ _ _ ,
 626          s _ _ _ _ _ _ _ _ ,
 627          s _ _ _ _ _ _ _ _ ,
 628          s _ _ _ _ _ _ _ _ ,
 629          s _ _ _ _ _ _ _ _ ,
 630          
 631          /* 0x22 s  */
 632          s _ _ _ _ _ _ _ _ ,
 633          s _ _ _ _ _ _ _ _ ,
 634          s _ _ _ _ _ _ _ _ ,
 635          s _ _ X _ _ X _ _ ,
 636          s _ _ X _ _ X _ _ ,
 637          s _ _ X _ _ X _ _ ,
 638          s _ _ _ _ _ _ _ _ ,
 639          s _ _ _ _ _ _ _ _ ,
 640          s _ _ _ _ _ _ _ _ ,
 641          s _ _ _ _ _ _ _ _ ,
 642          s _ _ _ _ _ _ _ _ ,
 643          s _ _ _ _ _ _ _ _ ,
 644          s _ _ _ _ _ _ _ _ ,
 645          s _ _ _ _ _ _ _ _ ,
 646          s _ _ _ _ _ _ _ _ ,
 647          s _ _ _ _ _ _ _ _ ,
 648          
 649          /* 0x23 X  */
 650          s _ _ _ _ _ _ _ _ ,
 651          s _ _ _ _ _ _ _ _ ,
 652          s _ _ _ _ _ _ _ _ ,
 653          s _ _ X _ _ X _ _ ,
 654          s _ _ X _ _ X _ _ ,
 655          s _ X X X X X X _ ,
 656          s _ _ X _ _ X _ _ ,
 657          s _ _ X _ _ X _ _ ,
 658          s _ _ X _ _ X _ _ ,
 659          s _ X X X X X X _ ,
 660          s _ _ X _ _ X _ _ ,
 661          s _ _ X _ _ X _ _ ,
 662          s _ _ _ _ _ _ _ _ ,
 663          s _ _ _ _ _ _ _ _ ,
 664          s _ _ _ _ _ _ _ _ ,
 665          s _ _ _ _ _ _ _ _ ,
 666          
 667          /* 0x24 $ */
 668          s _ _ _ _ _ _ _ _ ,
 669          s _ _ _ _ _ _ _ _ ,
 670          s _ _ _ _ _ _ _ _ ,
 671          s _ _ _ X _ _ _ _ ,
 672          s _ X X X X X _ _ ,
 673          s X _ _ X _ _ _ _ ,
 674          s X _ _ X _ _ _ _ ,
 675          s _ X X X X X _ _ ,
C51 COMPILER V9.52.0.0   INIT                                                              01/03/2014 16:41:56 PAGE 12  

 676          s _ _ _ X _ _ X _ ,
 677          s _ _ _ X _ _ X _ ,
 678          s _ X X X X X _ _ ,
 679          s _ _ _ X _ _ _ _ ,
 680          s _ _ _ _ _ _ _ _ ,
 681          s _ _ _ _ _ _ _ _ ,
 682          s _ _ _ _ _ _ _ _ ,
 683          s _ _ _ _ _ _ _ _ ,
 684          
 685          /* 0x25 % */
 686          s _ _ _ _ _ _ _ _ ,
 687          s _ _ _ _ _ _ _ _ ,
 688          s _ _ _ _ _ _ _ _ ,
 689          s _ _ _ _ _ _ _ _ ,
 690          s _ X X _ _ _ X _ ,
 691          s _ X X _ _ X _ _ ,
 692          s _ _ _ _ X _ _ _ ,
 693          s _ _ _ X _ _ _ _ ,
 694          s _ _ X _ _ _ _ _ ,
 695          s _ X _ _ X X _ _ ,
 696          s X _ _ _ X X _ _ ,
 697          s _ _ _ _ _ _ _ _ ,
 698          s _ _ _ _ _ _ _ _ ,
 699          s _ _ _ _ _ _ _ _ ,
 700          s _ _ _ _ _ _ _ _ ,
 701          s _ _ _ _ _ _ _ _ ,
 702          
 703          /* 0x26 & */
 704          s _ _ _ _ _ _ _ _ ,
 705          s _ _ _ _ _ _ _ _ ,
 706          s _ _ _ _ _ _ _ _ ,
 707          s _ _ _ _ _ _ _ _ ,
 708          s _ _ _ X X _ _ _ ,
 709          s _ _ X _ _ X _ _ ,
 710          s _ _ X _ _ _ _ _ ,
 711          s _ X _ X _ _ _ _ ,
 712          s X _ _ _ X _ X _ ,
 713          s X _ _ _ _ X _ _ ,
 714          s _ X _ _ X _ X _ ,
 715          s _ _ X X _ _ _ _ ,
 716          s _ _ _ _ _ _ _ _ ,
 717          s _ _ _ _ _ _ _ _ ,
 718          s _ _ _ _ _ _ _ _ ,
 719          s _ _ _ _ _ _ _ _ ,
 720          
 721          /* 0x27 ' */
 722          s _ _ _ _ _ _ _ _ ,
 723          s _ _ _ _ _ _ _ _ ,
 724          s _ _ _ _ _ _ _ _ ,
 725          s _ _ _ X _ _ _ _ ,
 726          s _ _ _ X _ _ _ _ ,
 727          s _ _ X _ _ _ _ _ ,
 728          s _ _ _ _ _ _ _ _ ,
 729          s _ _ _ _ _ _ _ _ ,
 730          s _ _ _ _ _ _ _ _ ,
 731          s _ _ _ _ _ _ _ _ ,
 732          s _ _ _ _ _ _ _ _ ,
 733          s _ _ _ _ _ _ _ _ ,
 734          s _ _ _ _ _ _ _ _ ,
 735          s _ _ _ _ _ _ _ _ ,
 736          s _ _ _ _ _ _ _ _ ,
 737          s _ _ _ _ _ _ _ _ ,
C51 COMPILER V9.52.0.0   INIT                                                              01/03/2014 16:41:56 PAGE 13  

 738          
 739          /* 0x28 ( */
 740          s _ _ _ _ _ _ _ _ ,
 741          s _ _ _ _ _ _ _ _ ,
 742          s _ _ _ _ X _ _ _ ,
 743          s _ _ _ X _ _ _ _ ,
 744          s _ _ X _ _ _ _ _ ,
 745          s _ _ X _ _ _ _ _ ,
 746          s _ _ X _ _ _ _ _ ,
 747          s _ _ X _ _ _ _ _ ,
 748          s _ _ X _ _ _ _ _ ,
 749          s _ _ X _ _ _ _ _ ,
 750          s _ _ X _ _ _ _ _ ,
 751          s _ _ _ X _ _ _ _ ,
 752          s _ _ _ _ X _ _ _ ,
 753          s _ _ _ _ _ _ _ _ ,
 754          s _ _ _ _ _ _ _ _ ,
 755          s _ _ _ _ _ _ _ _ ,
 756          
 757          /* 0x29 ) */
 758          s _ _ _ _ _ _ _ _ ,
 759          s _ _ _ _ _ _ _ _ ,
 760          s _ _ X _ _ _ _ _ ,
 761          s _ _ _ X _ _ _ _ ,
 762          s _ _ _ _ X _ _ _ ,
 763          s _ _ _ _ X _ _ _ ,
 764          s _ _ _ _ X _ _ _ ,
 765          s _ _ _ _ X _ _ _ ,
 766          s _ _ _ _ X _ _ _ ,
 767          s _ _ _ _ X _ _ _ ,
 768          s _ _ _ _ X _ _ _ ,
 769          s _ _ _ X _ _ _ _ ,
 770          s _ _ X _ _ _ _ _ ,
 771          s _ _ _ _ _ _ _ _ ,
 772          s _ _ _ _ _ _ _ _ ,
 773          s _ _ _ _ _ _ _ _ ,
 774          
 775          /* 0x2a * */
 776          s _ _ _ _ _ _ _ _ ,
 777          s _ _ _ _ _ _ _ _ ,
 778          s _ _ _ _ _ _ _ _ ,
 779          s _ _ _ _ _ _ _ _ ,
 780          s _ _ _ _ _ _ _ _ ,
 781          s _ _ _ X _ _ _ _ ,
 782          s _ X _ X _ X _ _ ,
 783          s _ _ X X X _ _ _ ,
 784          s _ _ X X X _ _ _ ,
 785          s _ X _ X _ X _ _ ,
 786          s _ _ _ X _ _ _ _ ,
 787          s _ _ _ _ _ _ _ _ ,
 788          s _ _ _ _ _ _ _ _ ,
 789          s _ _ _ _ _ _ _ _ ,
 790          s _ _ _ _ _ _ _ _ ,
 791          s _ _ _ _ _ _ _ _ ,
 792          
 793          /* 0x2b + */
 794          s _ _ _ _ _ _ _ _ ,
 795          s _ _ _ _ _ _ _ _ ,
 796          s _ _ _ _ _ _ _ _ ,
 797          s _ _ _ _ _ _ _ _ ,
 798          s _ _ _ _ _ _ _ _ ,
 799          s _ _ _ X _ _ _ _ ,
C51 COMPILER V9.52.0.0   INIT                                                              01/03/2014 16:41:56 PAGE 14  

 800          s _ _ _ X _ _ _ _ ,
 801          s _ X X X X X _ _ ,
 802          s _ _ _ X _ _ _ _ ,
 803          s _ _ _ X _ _ _ _ ,
 804          s _ _ _ _ _ _ _ _ ,
 805          s _ _ _ _ _ _ _ _ ,
 806          s _ _ _ _ _ _ _ _ ,
 807          s _ _ _ _ _ _ _ _ ,
 808          s _ _ _ _ _ _ _ _ ,
 809          s _ _ _ _ _ _ _ _ ,
 810          
 811          /* 0x2c , */
 812          s _ _ _ _ _ _ _ _ ,
 813          s _ _ _ _ _ _ _ _ ,
 814          s _ _ _ _ _ _ _ _ ,
 815          s _ _ _ _ _ _ _ _ ,
 816          s _ _ _ _ _ _ _ _ ,
 817          s _ _ _ _ _ _ _ _ ,
 818          s _ _ _ _ _ _ _ _ ,
 819          s _ _ _ _ _ _ _ _ ,
 820          s _ _ _ _ _ _ _ _ ,
 821          s _ _ _ _ _ _ _ _ ,
 822          s _ _ _ X _ _ _ _ ,
 823          s _ _ _ X _ _ _ _ ,
 824          s _ _ X _ _ _ _ _ ,
 825          s _ _ _ _ _ _ _ _ ,
 826          s _ _ _ _ _ _ _ _ ,
 827          s _ _ _ _ _ _ _ _ ,
 828          
 829          /* 0x2d - */
 830          s _ _ _ _ _ _ _ _ ,
 831          s _ _ _ _ _ _ _ _ ,
 832          s _ _ _ _ _ _ _ _ ,
 833          s _ _ _ _ _ _ _ _ ,
 834          s _ _ _ _ _ _ _ _ ,
 835          s _ _ _ _ _ _ _ _ ,
 836          s _ _ _ _ _ _ _ _ ,
 837          s _ X X X X X _ _ ,
 838          s _ _ _ _ _ _ _ _ ,
 839          s _ _ _ _ _ _ _ _ ,
 840          s _ _ _ _ _ _ _ _ ,
 841          s _ _ _ _ _ _ _ _ ,
 842          s _ _ _ _ _ _ _ _ ,
 843          s _ _ _ _ _ _ _ _ ,
 844          s _ _ _ _ _ _ _ _ ,
 845          s _ _ _ _ _ _ _ _ ,
 846          
 847          /* 0x2e _  */
 848          s _ _ _ _ _ _ _ _ ,
 849          s _ _ _ _ _ _ _ _ ,
 850          s _ _ _ _ _ _ _ _ ,
 851          s _ _ _ _ _ _ _ _ ,
 852          s _ _ _ _ _ _ _ _ ,
 853          s _ _ _ _ _ _ _ _ ,
 854          s _ _ _ _ _ _ _ _ ,
 855          s _ _ _ _ _ _ _ _ ,
 856          s _ _ _ _ _ _ _ _ ,
 857          s _ _ _ _ _ _ _ _ ,
 858          s _ _ _ _ _ _ _ _ ,
 859          s _ _ _ X _ _ _ _ ,
 860          s _ _ _ _ _ _ _ _ ,
 861          s _ _ _ _ _ _ _ _ ,
C51 COMPILER V9.52.0.0   INIT                                                              01/03/2014 16:41:56 PAGE 15  

 862          s _ _ _ _ _ _ _ _ ,
 863          s _ _ _ _ _ _ _ _ ,
 864          
 865          /* 0x2f / */
 866          s _ _ _ _ _ _ _ _ ,
 867          s _ _ _ _ _ _ _ _ ,
 868          s _ _ _ _ _ _ _ _ ,
 869          s _ _ _ _ _ _ _ _ ,
 870          s _ _ _ _ _ _ _ _ ,
 871          s _ _ _ _ _ _ X _ ,
 872          s _ _ _ _ _ X _ _ ,
 873          s _ _ _ _ X _ _ _ ,
 874          s _ _ _ X _ _ _ _ ,
 875          s _ _ X _ _ _ _ _ ,
 876          s _ X _ _ _ _ _ _ ,
 877          s _ _ _ _ _ _ _ _ ,
 878          s _ _ _ _ _ _ _ _ ,
 879          s _ _ _ _ _ _ _ _ ,
 880          s _ _ _ _ _ _ _ _ ,
 881          s _ _ _ _ _ _ _ _ ,
 882          
 883          /* 0x30 0 */
 884          s _ _ _ _ _ _ _ _ ,
 885          s _ _ _ _ _ _ _ _ ,
 886          s _ _ _ _ _ _ _ _ ,
 887          s _ _ X X X _ _ _ ,
 888          s _ X _ _ _ X _ _ ,
 889          s _ X _ _ _ X _ _ ,
 890          s _ X _ _ X X _ _ ,
 891          s _ X _ X _ X _ _ ,
 892          s _ X X _ _ X _ _ ,
 893          s _ X _ _ _ X _ _ ,
 894          s _ X _ _ _ X _ _ ,
 895          s _ _ X X X _ _ _ ,
 896          s _ _ _ _ _ _ _ _ ,
 897          s _ _ _ _ _ _ _ _ ,
 898          s _ _ _ _ _ _ _ _ ,
 899          s _ _ _ _ _ _ _ _ ,
 900          
 901          /* 0x31 1 */
 902          s _ _ _ _ _ _ _ _ ,
 903          s _ _ _ _ _ _ _ _ ,
 904          s _ _ _ _ _ _ _ _ ,
 905          s _ _ _ X _ _ _ _ ,
 906          s _ _ X X _ _ _ _ ,
 907          s _ _ _ X _ _ _ _ ,
 908          s _ _ _ X _ _ _ _ ,
 909          s _ _ _ X _ _ _ _ ,
 910          s _ _ _ X _ _ _ _ ,
 911          s _ _ _ X _ _ _ _ ,
 912          s _ _ _ X _ _ _ _ ,
 913          s _ _ X X X _ _ _ ,
 914          s _ _ _ _ _ _ _ _ ,
 915          s _ _ _ _ _ _ _ _ ,
 916          s _ _ _ _ _ _ _ _ ,
 917          s _ _ _ _ _ _ _ _ ,
 918          
 919          /* 0x32 2 */
 920          s _ _ _ _ _ _ _ _ ,
 921          s _ _ _ _ _ _ _ _ ,
 922          s _ _ _ _ _ _ _ _ ,
 923          s _ _ X X X _ _ _ ,
C51 COMPILER V9.52.0.0   INIT                                                              01/03/2014 16:41:56 PAGE 16  

 924          s _ X _ _ _ X _ _ ,
 925          s _ _ _ _ _ X _ _ ,
 926          s _ _ _ _ _ X _ _ ,
 927          s _ _ _ _ X _ _ _ ,
 928          s _ _ _ X _ _ _ _ ,
 929          s _ _ X _ _ _ _ _ ,
 930          s _ X _ _ _ _ _ _ ,
 931          s _ X X X X X _ _ ,
 932          s _ _ _ _ _ _ _ _ ,
 933          s _ _ _ _ _ _ _ _ ,
 934          s _ _ _ _ _ _ _ _ ,
 935          s _ _ _ _ _ _ _ _ ,
 936          
 937          /* 0x33 3 */
 938          s _ _ _ _ _ _ _ _ ,
 939          s _ _ _ _ _ _ _ _ ,
 940          s _ _ _ _ _ _ _ _ ,
 941          s _ X X X X X _ _ ,
 942          s _ _ _ _ _ X _ _ ,
 943          s _ _ _ _ X _ _ _ ,
 944          s _ _ _ X _ _ _ _ ,
 945          s _ _ X X X _ _ _ ,
 946          s _ _ _ _ _ X _ _ ,
 947          s _ _ _ _ _ X _ _ ,
 948          s _ _ _ _ _ X _ _ ,
 949          s _ X X X X _ _ _ ,
 950          s _ _ _ _ _ _ _ _ ,
 951          s _ _ _ _ _ _ _ _ ,
 952          s _ _ _ _ _ _ _ _ ,
 953          s _ _ _ _ _ _ _ _ ,
 954          
 955          /* 0x34 4 */
 956          s _ _ _ _ _ _ _ _ ,
 957          s _ _ _ _ _ _ _ _ ,
 958          s _ _ _ _ _ _ _ _ ,
 959          s _ _ _ _ X _ _ _ ,
 960          s _ _ _ X X _ _ _ ,
 961          s _ _ X _ X _ _ _ ,
 962          s _ X _ _ X _ _ _ ,
 963          s _ X _ _ X _ _ _ ,
 964          s _ X X X X X _ _ ,
 965          s _ _ _ _ X _ _ _ ,
 966          s _ _ _ _ X _ _ _ ,
 967          s _ _ _ _ X _ _ _ ,
 968          s _ _ _ _ _ _ _ _ ,
 969          s _ _ _ _ _ _ _ _ ,
 970          s _ _ _ _ _ _ _ _ ,
 971          s _ _ _ _ _ _ _ _ ,
 972          
 973          /* 0x35 5 */
 974          s _ _ _ _ _ _ _ _ ,
 975          s _ _ _ _ _ _ _ _ ,
 976          s _ _ _ _ _ _ _ _ ,
 977          s _ X X X X X _ _ ,
 978          s _ X _ _ _ _ _ _ ,
 979          s _ X _ _ _ _ _ _ ,
 980          s _ X _ _ _ _ _ _ ,
 981          s _ X X X X _ _ _ ,
 982          s _ _ _ _ _ X _ _ ,
 983          s _ _ _ _ _ X _ _ ,
 984          s _ _ _ _ _ X _ _ ,
 985          s _ X X X X _ _ _ ,
C51 COMPILER V9.52.0.0   INIT                                                              01/03/2014 16:41:56 PAGE 17  

 986          s _ _ _ _ _ _ _ _ ,
 987          s _ _ _ _ _ _ _ _ ,
 988          s _ _ _ _ _ _ _ _ ,
 989          s _ _ _ _ _ _ _ _ ,
 990          
 991          /* 0x36 6 */
 992          s _ _ _ _ _ _ _ _ ,
 993          s _ _ _ _ _ _ _ _ ,
 994          s _ _ _ _ _ _ _ _ ,
 995          s _ _ X X X X _ _ ,
 996          s _ X _ _ _ _ _ _ ,
 997          s _ X _ _ _ _ _ _ ,
 998          s _ X _ _ _ _ _ _ ,
 999          s _ X X X X _ _ _ ,
1000          s _ X _ _ _ X _ _ ,
1001          s _ X _ _ _ X _ _ ,
1002          s _ X _ _ _ X _ _ ,
1003          s _ _ X X X _ _ _ ,
1004          s _ _ _ _ _ _ _ _ ,
1005          s _ _ _ _ _ _ _ _ ,
1006          s _ _ _ _ _ _ _ _ ,
1007          s _ _ _ _ _ _ _ _ ,
1008          
1009          /* 0x37 7 */
1010          s _ _ _ _ _ _ _ _ ,
1011          s _ _ _ _ _ _ _ _ ,
1012          s _ _ _ _ _ _ _ _ ,
1013          s _ X X X X X _ _ ,
1014          s _ _ _ _ _ X _ _ ,
1015          s _ _ _ _ _ X _ _ ,
1016          s _ _ _ _ X _ _ _ ,
1017          s _ _ _ X _ _ _ _ ,
1018          s _ _ X _ _ _ _ _ ,
1019          s _ _ X _ _ _ _ _ ,
1020          s _ _ X _ _ _ _ _ ,
1021          s _ _ X _ _ _ _ _ ,
1022          s _ _ _ _ _ _ _ _ ,
1023          s _ _ _ _ _ _ _ _ ,
1024          s _ _ _ _ _ _ _ _ ,
1025          s _ _ _ _ _ _ _ _ ,
1026          
1027          /* 0x38 8 */
1028          s _ _ _ _ _ _ _ _ ,
1029          s _ _ _ _ _ _ _ _ ,
1030          s _ _ _ _ _ _ _ _ ,
1031          s _ _ X X X _ _ _ ,
1032          s _ X _ _ _ X _ _ ,
1033          s _ X _ _ _ X _ _ ,
1034          s _ X _ _ _ X _ _ ,
1035          s _ _ X X X _ _ _ ,
1036          s _ X _ _ _ X _ _ ,
1037          s _ X _ _ _ X _ _ ,
1038          s _ X _ _ _ X _ _ ,
1039          s _ _ X X X _ _ _ ,
1040          s _ _ _ _ _ _ _ _ ,
1041          s _ _ _ _ _ _ _ _ ,
1042          s _ _ _ _ _ _ _ _ ,
1043          s _ _ _ _ _ _ _ _ ,
1044          
1045          /* 0x39 9 */
1046          s _ _ _ _ _ _ _ _ ,
1047          s _ _ _ _ _ _ _ _ ,
C51 COMPILER V9.52.0.0   INIT                                                              01/03/2014 16:41:56 PAGE 18  

1048          s _ _ _ _ _ _ _ _ ,
1049          s _ _ X X X _ _ _ ,
1050          s _ X _ _ _ X _ _ ,
1051          s _ X _ _ _ X _ _ ,
1052          s _ X _ _ _ X _ _ ,
1053          s _ _ X X X X _ _ ,
1054          s _ _ _ _ _ X _ _ ,
1055          s _ _ _ _ _ X _ _ ,
1056          s _ _ _ _ _ X _ _ ,
1057          s _ _ X X X _ _ _ ,
1058          s _ _ _ _ _ _ _ _ ,
1059          s _ _ _ _ _ _ _ _ ,
1060          s _ _ _ _ _ _ _ _ ,
1061          s _ _ _ _ _ _ _ _ ,
1062          
1063          /* 0x3a : */
1064          s _ _ _ _ _ _ _ _ ,
1065          s _ _ _ _ _ _ _ _ ,
1066          s _ _ _ _ _ _ _ _ ,
1067          s _ _ _ _ _ _ _ _ ,
1068          s _ _ _ _ _ _ _ _ ,
1069          s _ _ _ _ _ _ _ _ ,
1070          s _ _ _ _ _ _ _ _ ,
1071          s _ _ _ X _ _ _ _ ,
1072          s _ _ _ _ _ _ _ _ ,
1073          s _ _ _ _ _ _ _ _ ,
1074          s _ _ _ X _ _ _ _ ,
1075          s _ _ _ _ _ _ _ _ ,
1076          s _ _ _ _ _ _ _ _ ,
1077          s _ _ _ _ _ _ _ _ ,
1078          s _ _ _ _ _ _ _ _ ,
1079          s _ _ _ _ _ _ _ _ ,
1080          
1081          /* 0x3b ; */
1082          s _ _ _ _ _ _ _ _ ,
1083          s _ _ _ _ _ _ _ _ ,
1084          s _ _ _ _ _ _ _ _ ,
1085          s _ _ _ _ _ _ _ _ ,
1086          s _ _ _ _ _ _ _ _ ,
1087          s _ _ _ _ _ _ _ _ ,
1088          s _ _ _ _ _ _ _ _ ,
1089          s _ _ _ _ _ _ _ _ ,
1090          s _ _ _ X _ _ _ _ ,
1091          s _ _ _ _ _ _ _ _ ,
1092          s _ _ _ X _ _ _ _ ,
1093          s _ _ _ X _ _ _ _ ,
1094          s _ _ X _ _ _ _ _ ,
1095          s _ _ _ _ _ _ _ _ ,
1096          s _ _ _ _ _ _ _ _ ,
1097          s _ _ _ _ _ _ _ _ ,
1098          
1099          /* 0x3c < */
1100          s _ _ _ _ _ _ _ _ ,
1101          s _ _ _ _ _ _ _ _ ,
1102          s _ _ _ _ _ _ _ _ ,
1103          s _ _ _ _ _ _ _ _ ,
1104          s _ _ _ _ _ _ _ _ ,
1105          s _ _ _ _ _ X _ _ ,
1106          s _ _ _ _ X _ _ _ ,
1107          s _ _ _ X _ _ _ _ ,
1108          s _ _ X _ _ _ _ _ ,
1109          s _ _ _ X _ _ _ _ ,
C51 COMPILER V9.52.0.0   INIT                                                              01/03/2014 16:41:56 PAGE 19  

1110          s _ _ _ _ X _ _ _ ,
1111          s _ _ _ _ _ X _ _ ,
1112          s _ _ _ _ _ _ _ _ ,
1113          s _ _ _ _ _ _ _ _ ,
1114          s _ _ _ _ _ _ _ _ ,
1115          s _ _ _ _ _ _ _ _ ,
1116          
1117          /* 0x3d = */
1118          s _ _ _ _ _ _ _ _ ,
1119          s _ _ _ _ _ _ _ _ ,
1120          s _ _ _ _ _ _ _ _ ,
1121          s _ _ _ _ _ _ _ _ ,
1122          s _ _ _ _ _ _ _ _ ,
1123          s _ _ _ _ _ _ _ _ ,
1124          s _ _ _ _ _ _ _ _ ,
1125          s _ X X X X X _ _ ,
1126          s _ _ _ _ _ _ _ _ ,
1127          s _ X X X X X _ _ ,
1128          s _ _ _ _ _ _ _ _ ,
1129          s _ _ _ _ _ _ _ _ ,
1130          s _ _ _ _ _ _ _ _ ,
1131          s _ _ _ _ _ _ _ _ ,
1132          s _ _ _ _ _ _ _ _ ,
1133          s _ _ _ _ _ _ _ _ ,
1134          
1135          /* 0x3e > */
1136          s _ _ _ _ _ _ _ _ ,
1137          s _ _ _ _ _ _ _ _ ,
1138          s _ _ _ _ _ _ _ _ ,
1139          s _ _ _ _ _ _ _ _ ,
1140          s _ _ _ _ _ _ _ _ ,
1141          s _ _ X _ _ _ _ _ ,
1142          s _ _ _ X _ _ _ _ ,
1143          s _ _ _ _ X _ _ _ ,
1144          s _ _ _ _ _ X _ _ ,
1145          s _ _ _ _ X _ _ _ ,
1146          s _ _ _ X _ _ _ _ ,
1147          s _ _ X _ _ _ _ _ ,
1148          s _ _ _ _ _ _ _ _ ,
1149          s _ _ _ _ _ _ _ _ ,
1150          s _ _ _ _ _ _ _ _ ,
1151          s _ _ _ _ _ _ _ _ ,
1152          
1153          /* 0x3f ? */
1154          s _ _ _ _ _ _ _ _ ,
1155          s _ _ _ _ _ _ _ _ ,
1156          s _ _ X X X _ _ _ ,
1157          s _ X _ _ _ X _ _ ,
1158          s _ X _ _ _ X _ _ ,
1159          s _ _ _ _ _ X _ _ ,
1160          s _ _ _ _ X _ _ _ ,
1161          s _ _ _ X _ _ _ _ ,
1162          s _ _ _ X _ _ _ _ ,
1163          s _ _ _ _ _ _ _ _ ,
1164          s _ _ _ X _ _ _ _ ,
1165          s _ _ _ X _ _ _ _ ,
1166          s _ _ _ _ _ _ _ _ ,
1167          s _ _ _ _ _ _ _ _ ,
1168          s _ _ _ _ _ _ _ _ ,
1169          s _ _ _ _ _ _ _ _ ,
1170          
1171          /* 0x40 @ */
C51 COMPILER V9.52.0.0   INIT                                                              01/03/2014 16:41:56 PAGE 20  

1172          s _ _ _ _ _ _ _ _ ,
1173          s _ _ _ _ _ _ _ _ ,
1174          s _ _ _ _ _ _ _ _ ,
1175          s _ _ _ _ _ _ _ _ ,
1176          s _ _ _ _ _ _ _ _ ,
1177          s _ _ X X X _ _ _ ,
1178          s _ X _ _ _ X _ _ ,
1179          s _ X _ X X X _ _ ,
1180          s _ X _ X _ X _ _ ,
1181          s _ X _ X X X _ _ ,
1182          s _ X _ _ _ _ _ _ ,
1183          s _ _ X X X X _ _ ,
1184          s _ _ _ _ _ _ _ _ ,
1185          s _ _ _ _ _ _ _ _ ,
1186          s _ _ _ _ _ _ _ _ ,
1187          s _ _ _ _ _ _ _ _ ,
1188          
1189          /* 0x41 A */
1190          s _ _ _ _ _ _ _ _ ,
1191          s _ _ _ _ _ _ _ _ ,
1192          s _ _ _ X X _ _ _ ,
1193          s _ _ X _ _ X _ _ ,
1194          s _ X _ _ _ _ X _ ,
1195          s _ X _ _ _ _ X _ ,
1196          s _ X _ _ _ _ X _ ,
1197          s _ X X X X X X _ ,
1198          s _ X _ _ _ _ X _ ,
1199          s _ X _ _ _ _ X _ ,
1200          s _ X _ _ _ _ X _ ,
1201          s _ X _ _ _ _ X _ ,
1202          s _ _ _ _ _ _ _ _ ,
1203          s _ _ _ _ _ _ _ _ ,
1204          s _ _ _ _ _ _ _ _ ,
1205          s _ _ _ _ _ _ _ _ ,
1206          
1207          /* 0x42 B */
1208          s _ _ _ _ _ _ _ _ ,
1209          s _ _ _ _ _ _ _ _ ,
1210          s _ X X X X X _ _ ,
1211          s _ X _ _ _ _ X _ ,
1212          s _ X _ _ _ _ X _ ,
1213          s _ X _ _ _ _ X _ ,
1214          s _ X X X X X _ _ ,
1215          s _ X _ _ _ _ X _ ,
1216          s _ X _ _ _ _ X _ ,
1217          s _ X _ _ _ _ X _ ,
1218          s _ X _ _ _ _ X _ ,
1219          s _ X X X X X _ _ ,
1220          s _ _ _ _ _ _ _ _ ,
1221          s _ _ _ _ _ _ _ _ ,
1222          s _ _ _ _ _ _ _ _ ,
1223          s _ _ _ _ _ _ _ _ ,
1224          
1225          /* 0x43 C */
1226          s _ _ _ _ _ _ _ _ ,
1227          s _ _ _ _ _ _ _ _ ,
1228          s _ _ X X X X _ _ ,
1229          s _ X _ _ _ _ X _ ,
1230          s _ X _ _ _ _ _ _ ,
1231          s _ X _ _ _ _ _ _ ,
1232          s _ X _ _ _ _ _ _ ,
1233          s _ X _ _ _ _ _ _ ,
C51 COMPILER V9.52.0.0   INIT                                                              01/03/2014 16:41:56 PAGE 21  

1234          s _ X _ _ _ _ _ _ ,
1235          s _ X _ _ _ _ _ _ ,
1236          s _ X _ _ _ _ X _ ,
1237          s _ _ X X X X _ _ ,
1238          s _ _ _ _ _ _ _ _ ,
1239          s _ _ _ _ _ _ _ _ ,
1240          s _ _ _ _ _ _ _ _ ,
1241          s _ _ _ _ _ _ _ _ ,
1242          
1243          /* 0x44 D */
1244          s _ _ _ _ _ _ _ _ ,
1245          s _ _ _ _ _ _ _ _ ,
1246          s _ X X X X X _ _ ,
1247          s _ X _ _ _ _ X _ ,
1248          s _ X _ _ _ _ X _ ,
1249          s _ X _ _ _ _ X _ ,
1250          s _ X _ _ _ _ X _ ,
1251          s _ X _ _ _ _ X _ ,
1252          s _ X _ _ _ _ X _ ,
1253          s _ X _ _ _ _ X _ ,
1254          s _ X _ _ _ _ X _ ,
1255          s _ X X X X X _ _ ,
1256          s _ _ _ _ _ _ _ _ ,
1257          s _ _ _ _ _ _ _ _ ,
1258          s _ _ _ _ _ _ _ _ ,
1259          s _ _ _ _ _ _ _ _ ,
1260          
1261          /* 0x45 E */
1262          s _ _ _ _ _ _ _ _ ,
1263          s _ _ _ _ _ _ _ _ ,
1264          s _ X X X X X X _ ,
1265          s _ X _ _ _ _ _ _ ,
1266          s _ X _ _ _ _ _ _ ,
1267          s _ X _ _ _ _ _ _ ,
1268          s _ X X X X _ _ _ ,
1269          s _ X _ _ _ _ _ _ ,
1270          s _ X _ _ _ _ _ _ ,
1271          s _ X _ _ _ _ _ _ ,
1272          s _ X _ _ _ _ _ _ ,
1273          s _ X X X X X X _ ,
1274          s _ _ _ _ _ _ _ _ ,
1275          s _ _ _ _ _ _ _ _ ,
1276          s _ _ _ _ _ _ _ _ ,
1277          s _ _ _ _ _ _ _ _ ,
1278          
1279          /* 0x46 F */
1280          s _ _ _ _ _ _ _ _ ,
1281          s _ _ _ _ _ _ _ _ ,
1282          s _ X X X X X X _ ,
1283          s _ X _ _ _ _ _ _ ,
1284          s _ X _ _ _ _ _ _ ,
1285          s _ X _ _ _ _ _ _ ,
1286          s _ X X X X _ _ _ ,
1287          s _ X _ _ _ _ _ _ ,
1288          s _ X _ _ _ _ _ _ ,
1289          s _ X _ _ _ _ _ _ ,
1290          s _ X _ _ _ _ _ _ ,
1291          s _ X _ _ _ _ _ _ ,
1292          s _ _ _ _ _ _ _ _ ,
1293          s _ _ _ _ _ _ _ _ ,
1294          s _ _ _ _ _ _ _ _ ,
1295          s _ _ _ _ _ _ _ _ ,
C51 COMPILER V9.52.0.0   INIT                                                              01/03/2014 16:41:56 PAGE 22  

1296          
1297          /* 0x47 G */
1298          s _ _ _ _ _ _ _ _ ,
1299          s _ _ _ _ _ _ _ _ ,
1300          s _ _ X X X X _ _ ,
1301          s _ X _ _ _ _ X _ ,
1302          s _ X _ _ _ _ _ _ ,
1303          s _ X _ _ _ _ _ _ ,
1304          s _ X _ X X X X _ ,
1305          s _ X _ _ _ _ X _ ,
1306          s _ X _ _ _ _ X _ ,
1307          s _ X _ _ _ _ X _ ,
1308          s _ X _ _ _ _ X _ ,
1309          s _ _ X X X X _ _ ,
1310          s _ _ _ _ _ _ _ _ ,
1311          s _ _ _ _ _ _ _ _ ,
1312          s _ _ _ _ _ _ _ _ ,
1313          s _ _ _ _ _ _ _ _ ,
1314          
1315          /* 0x48 H */
1316          s _ _ _ _ _ _ _ _ ,
1317          s _ _ _ _ _ _ _ _ ,
1318          s _ X _ _ _ _ X _ ,
1319          s _ X _ _ _ _ X _ ,
1320          s _ X _ _ _ _ X _ ,
1321          s _ X _ _ _ _ X _ ,
1322          s _ X X X X X X _ ,
1323          s _ X _ _ _ _ X _ ,
1324          s _ X _ _ _ _ X _ ,
1325          s _ X _ _ _ _ X _ ,
1326          s _ X _ _ _ _ X _ ,
1327          s _ X _ _ _ _ X _ ,
1328          s _ _ _ _ _ _ _ _ ,
1329          s _ _ _ _ _ _ _ _ ,
1330          s _ _ _ _ _ _ _ _ ,
1331          s _ _ _ _ _ _ _ _ ,
1332          
1333          /* 0x49 I */
1334          s _ _ _ _ _ _ _ _ ,
1335          s _ _ _ _ _ _ _ _ ,
1336          s _ _ X X X _ _ _ ,
1337          s _ _ _ X _ _ _ _ ,
1338          s _ _ _ X _ _ _ _ ,
1339          s _ _ _ X _ _ _ _ ,
1340          s _ _ _ X _ _ _ _ ,
1341          s _ _ _ X _ _ _ _ ,
1342          s _ _ _ X _ _ _ _ ,
1343          s _ _ _ X _ _ _ _ ,
1344          s _ _ _ X _ _ _ _ ,
1345          s _ _ X X X _ _ _ ,
1346          s _ _ _ _ _ _ _ _ ,
1347          s _ _ _ _ _ _ _ _ ,
1348          s _ _ _ _ _ _ _ _ ,
1349          s _ _ _ _ _ _ _ _ ,
1350          
1351          /* 0x4a J */
1352          s _ _ _ _ _ _ _ _ ,
1353          s _ _ _ _ _ _ _ _ ,
1354          s _ _ _ X X X _ _ ,
1355          s _ _ _ _ X _ _ _ ,
1356          s _ _ _ _ X _ _ _ ,
1357          s _ _ _ _ X _ _ _ ,
C51 COMPILER V9.52.0.0   INIT                                                              01/03/2014 16:41:56 PAGE 23  

1358          s _ _ _ _ X _ _ _ ,
1359          s _ _ _ _ X _ _ _ ,
1360          s _ _ _ _ X _ _ _ ,
1361          s _ _ _ _ X _ _ _ ,
1362          s _ X _ _ X _ _ _ ,
1363          s _ _ X X _ _ _ _ ,
1364          s _ _ _ _ _ _ _ _ ,
1365          s _ _ _ _ _ _ _ _ ,
1366          s _ _ _ _ _ _ _ _ ,
1367          s _ _ _ _ _ _ _ _ ,
1368          
1369          /* 0x4b K */
1370          s _ _ _ _ _ _ _ _ ,
1371          s _ _ _ _ _ _ _ _ ,
1372          s _ X _ _ _ _ X _ ,
1373          s _ X _ _ _ X _ _ ,
1374          s _ X _ _ X _ _ _ ,
1375          s _ X _ X _ _ _ _ ,
1376          s _ X X _ _ _ _ _ ,
1377          s _ X X _ _ _ _ _ ,
1378          s _ X _ X _ _ _ _ ,
1379          s _ X _ _ X _ _ _ ,
1380          s _ X _ _ _ X _ _ ,
1381          s _ X _ _ _ _ X _ ,
1382          s _ _ _ _ _ _ _ _ ,
1383          s _ _ _ _ _ _ _ _ ,
1384          s _ _ _ _ _ _ _ _ ,
1385          s _ _ _ _ _ _ _ _ ,
1386          
1387          /* 0x4c L */
1388          s _ _ _ _ _ _ _ _ ,
1389          s _ _ _ _ _ _ _ _ ,
1390          s _ X _ _ _ _ _ _ ,
1391          s _ X _ _ _ _ _ _ ,
1392          s _ X _ _ _ _ _ _ ,
1393          s _ X _ _ _ _ _ _ ,
1394          s _ X _ _ _ _ _ _ ,
1395          s _ X _ _ _ _ _ _ ,
1396          s _ X _ _ _ _ _ _ ,
1397          s _ X _ _ _ _ _ _ ,
1398          s _ X _ _ _ _ _ _ ,
1399          s _ X X X X X X _ ,
1400          s _ _ _ _ _ _ _ _ ,
1401          s _ _ _ _ _ _ _ _ ,
1402          s _ _ _ _ _ _ _ _ ,
1403          s _ _ _ _ _ _ _ _ ,
1404          
1405          /* 0x4d M */
1406          s _ _ _ _ _ _ _ _ ,
1407          s _ _ _ _ _ _ _ _ ,
1408          s X _ _ _ _ _ X _ ,
1409          s X _ _ _ _ _ X _ ,
1410          s X X _ _ _ X X _ ,
1411          s X X _ _ _ X X _ ,
1412          s X _ X _ X _ X _ ,
1413          s X _ X _ X _ X _ ,
1414          s X _ _ X _ _ X _ ,
1415          s X _ _ X _ _ X _ ,
1416          s X _ _ _ _ _ X _ ,
1417          s X _ _ _ _ _ X _ ,
1418          s _ _ _ _ _ _ _ _ ,
1419          s _ _ _ _ _ _ _ _ ,
C51 COMPILER V9.52.0.0   INIT                                                              01/03/2014 16:41:56 PAGE 24  

1420          s _ _ _ _ _ _ _ _ ,
1421          s _ _ _ _ _ _ _ _ ,
1422          
1423          /* 0x4e N */
1424          s _ _ _ _ _ _ _ _ ,
1425          s _ _ _ _ _ _ _ _ ,
1426          s _ X _ _ _ _ X _ ,
1427          s _ X X _ _ _ X _ ,
1428          s _ X X _ _ _ X _ ,
1429          s _ X _ X _ _ X _ ,
1430          s _ X _ X _ _ X _ ,
1431          s _ X _ _ X _ X _ ,
1432          s _ X _ _ X _ X _ ,
1433          s _ X _ _ _ X X _ ,
1434          s _ X _ _ _ X X _ ,
1435          s _ X _ _ _ _ X _ ,
1436          s _ _ _ _ _ _ _ _ ,
1437          s _ _ _ _ _ _ _ _ ,
1438          s _ _ _ _ _ _ _ _ ,
1439          s _ _ _ _ _ _ _ _ ,
1440          
1441          /* 0x4f O */
1442          s _ _ _ _ _ _ _ _ ,
1443          s _ _ _ _ _ _ _ _ ,
1444          s _ _ X X X X _ _ ,
1445          s _ X _ _ _ _ X _ ,
1446          s _ X _ _ _ _ X _ ,
1447          s _ X _ _ _ _ X _ ,
1448          s _ X _ _ _ _ X _ ,
1449          s _ X _ _ _ _ X _ ,
1450          s _ X _ _ _ _ X _ ,
1451          s _ X _ _ _ _ X _ ,
1452          s _ X _ _ _ _ X _ ,
1453          s _ _ X X X X _ _ ,
1454          s _ _ _ _ _ _ _ _ ,
1455          s _ _ _ _ _ _ _ _ ,
1456          s _ _ _ _ _ _ _ _ ,
1457          s _ _ _ _ _ _ _ _ ,
1458          
1459          /* 0x50 P */
1460          s _ _ _ _ _ _ _ _ ,
1461          s _ _ _ _ _ _ _ _ ,
1462          s _ X X X X X _ _ ,
1463          s _ X _ _ _ _ X _ ,
1464          s _ X _ _ _ _ X _ ,
1465          s _ X _ _ _ _ X _ ,
1466          s _ X _ _ _ _ X _ ,
1467          s _ X X X X X _ _ ,
1468          s _ X _ _ _ _ _ _ ,
1469          s _ X _ _ _ _ _ _ ,
1470          s _ X _ _ _ _ _ _ ,
1471          s _ X _ _ _ _ _ _ ,
1472          s _ _ _ _ _ _ _ _ ,
1473          s _ _ _ _ _ _ _ _ ,
1474          s _ _ _ _ _ _ _ _ ,
1475          s _ _ _ _ _ _ _ _ ,
1476          
1477          /* 0x51 Q */
1478          s _ _ _ _ _ _ _ _ ,
1479          s _ _ _ _ _ _ _ _ ,
1480          s _ _ X X X X _ _ ,
1481          s _ X _ _ _ _ X _ ,
C51 COMPILER V9.52.0.0   INIT                                                              01/03/2014 16:41:56 PAGE 25  

1482          s _ X _ _ _ _ X _ ,
1483          s _ X _ _ _ _ X _ ,
1484          s _ X _ _ _ _ X _ ,
1485          s _ X _ _ _ _ X _ ,
1486          s _ X _ _ _ _ X _ ,
1487          s _ X _ _ _ _ X _ ,
1488          s _ X _ _ X _ X _ ,
1489          s _ _ X X X X _ _ ,
1490          s _ _ _ _ X X X _ ,
1491          s _ _ _ _ _ _ _ _ ,
1492          s _ _ _ _ _ _ _ _ ,
1493          s _ _ _ _ _ _ _ _ ,
1494          
1495          /* 0x52 R */
1496          s _ _ _ _ _ _ _ _ ,
1497          s _ _ _ _ _ _ _ _ ,
1498          s _ X X X X X _ _ ,
1499          s _ X _ _ _ _ X _ ,
1500          s _ X _ _ _ _ X _ ,
1501          s _ X _ _ _ _ X _ ,
1502          s _ X _ _ _ _ X _ ,
1503          s _ X X X X X _ _ ,
1504          s _ X _ X _ _ _ _ ,
1505          s _ X _ _ X _ _ _ ,
1506          s _ X _ _ _ X _ _ ,
1507          s _ X _ _ _ _ X _ ,
1508          s _ _ _ _ _ _ _ _ ,
1509          s _ _ _ _ _ _ _ _ ,
1510          s _ _ _ _ _ _ _ _ ,
1511          s _ _ _ _ _ _ _ _ ,
1512          
1513          /* 0x53 S */
1514          s _ _ _ _ _ _ _ _ ,
1515          s _ _ _ _ _ _ _ _ ,
1516          s _ _ X X X X _ _ ,
1517          s _ X _ _ _ _ X _ ,
1518          s _ X _ _ _ _ _ _ ,
1519          s _ X _ _ _ _ _ _ ,
1520          s _ _ X X X X _ _ ,
1521          s _ _ _ _ _ _ X _ ,
1522          s _ _ _ _ _ _ X _ ,
1523          s _ _ _ _ _ _ X _ ,
1524          s _ X _ _ _ _ X _ ,
1525          s _ _ X X X X _ _ ,
1526          s _ _ _ _ _ _ _ _ ,
1527          s _ _ _ _ _ _ _ _ ,
1528          s _ _ _ _ _ _ _ _ ,
1529          s _ _ _ _ _ _ _ _ ,
1530          
1531          /* 0x54 T */
1532          s _ _ _ _ _ _ _ _ ,
1533          s _ _ _ _ _ _ _ _ ,
1534          s _ X X X X X _ _ ,
1535          s _ _ _ X _ _ _ _ ,
1536          s _ _ _ X _ _ _ _ ,
1537          s _ _ _ X _ _ _ _ ,
1538          s _ _ _ X _ _ _ _ ,
1539          s _ _ _ X _ _ _ _ ,
1540          s _ _ _ X _ _ _ _ ,
1541          s _ _ _ X _ _ _ _ ,
1542          s _ _ _ X _ _ _ _ ,
1543          s _ _ _ X _ _ _ _ ,
C51 COMPILER V9.52.0.0   INIT                                                              01/03/2014 16:41:56 PAGE 26  

1544          s _ _ _ _ _ _ _ _ ,
1545          s _ _ _ _ _ _ _ _ ,
1546          s _ _ _ _ _ _ _ _ ,
1547          s _ _ _ _ _ _ _ _ ,
1548          
1549          /* 0x55 U */
1550          s _ _ _ _ _ _ _ _ ,
1551          s _ _ _ _ _ _ _ _ ,
1552          s _ X _ _ _ _ X _ ,
1553          s _ X _ _ _ _ X _ ,
1554          s _ X _ _ _ _ X _ ,
1555          s _ X _ _ _ _ X _ ,
1556          s _ X _ _ _ _ X _ ,
1557          s _ X _ _ _ _ X _ ,
1558          s _ X _ _ _ _ X _ ,
1559          s _ X _ _ _ _ X _ ,
1560          s _ X _ _ _ _ X _ ,
1561          s _ _ X X X X _ _ ,
1562          s _ _ _ _ _ _ _ _ ,
1563          s _ _ _ _ _ _ _ _ ,
1564          s _ _ _ _ _ _ _ _ ,
1565          s _ _ _ _ _ _ _ _ ,
1566          
1567          /* 0x56 V */
1568          s _ _ _ _ _ _ _ _ ,
1569          s _ _ _ _ _ _ _ _ ,
1570          s _ X _ _ _ X _ _ ,
1571          s _ X _ _ _ X _ _ ,
1572          s _ X _ _ _ X _ _ ,
1573          s _ X _ _ _ X _ _ ,
1574          s _ _ X _ X _ _ _ ,
1575          s _ _ X _ X _ _ _ ,
1576          s _ _ X _ X _ _ _ ,
1577          s _ _ _ X _ _ _ _ ,
1578          s _ _ _ X _ _ _ _ ,
1579          s _ _ _ X _ _ _ _ ,
1580          s _ _ _ _ _ _ _ _ ,
1581          s _ _ _ _ _ _ _ _ ,
1582          s _ _ _ _ _ _ _ _ ,
1583          s _ _ _ _ _ _ _ _ ,
1584          
1585          /* 0x57 W */
1586          s _ _ _ _ _ _ _ _ ,
1587          s _ _ _ _ _ _ _ _ ,
1588          s X _ _ _ _ _ X _ ,
1589          s X _ _ _ _ _ X _ ,
1590          s X _ _ _ _ _ X _ ,
1591          s X _ _ _ _ _ X _ ,
1592          s _ X _ X _ X _ _ ,
1593          s _ X _ X _ X _ _ ,
1594          s _ X _ X _ X _ _ ,
1595          s _ _ X _ X _ _ _ ,
1596          s _ _ X _ X _ _ _ ,
1597          s _ _ X _ X _ _ _ ,
1598          s _ _ _ _ _ _ _ _ ,
1599          s _ _ _ _ _ _ _ _ ,
1600          s _ _ _ _ _ _ _ _ ,
1601          s _ _ _ _ _ _ _ _ ,
1602          
1603          /* 0x58 X */
1604          s _ _ _ _ _ _ _ _ ,
1605          s _ _ _ _ _ _ _ _ ,
C51 COMPILER V9.52.0.0   INIT                                                              01/03/2014 16:41:56 PAGE 27  

1606          s _ X _ _ _ _ X _ ,
1607          s _ X _ _ _ _ X _ ,
1608          s _ _ X _ _ X _ _ ,
1609          s _ _ _ X X _ _ _ ,
1610          s _ _ _ X X _ _ _ ,
1611          s _ _ _ X X _ _ _ ,
1612          s _ _ X _ _ X _ _ ,
1613          s _ _ X _ _ X _ _ ,
1614          s _ X _ _ _ _ X _ ,
1615          s _ X _ _ _ _ X _ ,
1616          s _ _ _ _ _ _ _ _ ,
1617          s _ _ _ _ _ _ _ _ ,
1618          s _ _ _ _ _ _ _ _ ,
1619          s _ _ _ _ _ _ _ _ ,
1620          
1621          /* 0x59 Y */
1622          s _ _ _ _ _ _ _ _ ,
1623          s _ _ _ _ _ _ _ _ ,
1624          s _ X _ _ _ X _ _ ,
1625          s _ X _ _ _ X _ _ ,
1626          s _ X _ _ _ X _ _ ,
1627          s _ X _ _ _ X _ _ ,
1628          s _ _ X _ X _ _ _ ,
1629          s _ _ X _ X _ _ _ ,
1630          s _ _ _ X _ _ _ _ ,
1631          s _ _ _ X _ _ _ _ ,
1632          s _ _ _ X _ _ _ _ ,
1633          s _ _ _ X _ _ _ _ ,
1634          s _ _ _ _ _ _ _ _ ,
1635          s _ _ _ _ _ _ _ _ ,
1636          s _ _ _ _ _ _ _ _ ,
1637          s _ _ _ _ _ _ _ _ ,
1638          
1639          /* 0x5a Z */
1640          s _ _ _ _ _ _ _ _ ,
1641          s _ _ _ _ _ _ _ _ ,
1642          s _ X X X X X X _ ,
1643          s _ _ _ _ _ _ X _ ,
1644          s _ _ _ _ _ _ X _ ,
1645          s _ _ _ _ _ X _ _ ,
1646          s _ _ _ _ X _ _ _ ,
1647          s _ _ _ X _ _ _ _ ,
1648          s _ _ X _ _ _ _ _ ,
1649          s _ X _ _ _ _ _ _ ,
1650          s _ X _ _ _ _ _ _ ,
1651          s _ X X X X X X _ ,
1652          s _ _ _ _ _ _ _ _ ,
1653          s _ _ _ _ _ _ _ _ ,
1654          s _ _ _ _ _ _ _ _ ,
1655          s _ _ _ _ _ _ _ _ ,
1656          
1657          /* 0x5b [ */
1658          s _ _ _ _ _ _ _ _ ,
1659          s _ _ _ _ _ _ _ _ ,
1660          s _ _ X X X _ _ _ ,
1661          s _ _ X _ _ _ _ _ ,
1662          s _ _ X _ _ _ _ _ ,
1663          s _ _ X _ _ _ _ _ ,
1664          s _ _ X _ _ _ _ _ ,
1665          s _ _ X _ _ _ _ _ ,
1666          s _ _ X _ _ _ _ _ ,
1667          s _ _ X _ _ _ _ _ ,
C51 COMPILER V9.52.0.0   INIT                                                              01/03/2014 16:41:56 PAGE 28  

1668          s _ _ X _ _ _ _ _ ,
1669          s _ _ X X X _ _ _ ,
1670          s _ _ _ _ _ _ _ _ ,
1671          s _ _ _ _ _ _ _ _ ,
1672          s _ _ _ _ _ _ _ _ ,
1673          s _ _ _ _ _ _ _ _ ,
1674          
1675          /* 0x5c \ */
1676          s _ _ _ _ _ _ _ _ ,
1677          s _ _ _ _ _ _ _ _ ,
1678          s _ _ _ _ _ _ _ _ ,
1679          s _ _ _ _ _ _ _ _ ,
1680          s _ _ _ _ _ _ _ _ ,
1681          s _ _ _ _ _ _ _ _ ,
1682          s _ X _ _ _ _ _ _ ,
1683          s _ _ X _ _ _ _ _ ,
1684          s _ _ _ X _ _ _ _ ,
1685          s _ _ _ _ X _ _ _ ,
1686          s _ _ _ _ _ X _ _ ,
1687          s _ _ _ _ _ _ X _ ,
1688          s _ _ _ _ _ _ _ _ ,
1689          s _ _ _ _ _ _ _ _ ,
1690          s _ _ _ _ _ _ _ _ ,
1691          s _ _ _ _ _ _ _ _ ,
1692          
1693          /* 0x5d ] */
1694          s _ _ _ _ _ _ _ _ ,
1695          s _ _ _ _ _ _ _ _ ,
1696          s _ _ _ X X X _ _ ,
1697          s _ _ _ _ _ X _ _ ,
1698          s _ _ _ _ _ X _ _ ,
1699          s _ _ _ _ _ X _ _ ,
1700          s _ _ _ _ _ X _ _ ,
1701          s _ _ _ _ _ X _ _ ,
1702          s _ _ _ _ _ X _ _ ,
1703          s _ _ _ _ _ X _ _ ,
1704          s _ _ _ _ _ X _ _ ,
1705          s _ _ _ X X X _ _ ,
1706          s _ _ _ _ _ _ _ _ ,
1707          s _ _ _ _ _ _ _ _ ,
1708          s _ _ _ _ _ _ _ _ ,
1709          s _ _ _ _ _ _ _ _ ,
1710          
1711          /* 0x5e ^ */
1712          s _ _ _ _ _ _ _ _ ,
1713          s _ _ _ _ _ _ _ _ ,
1714          s _ _ _ _ _ _ _ _ ,
1715          s _ _ _ _ _ _ _ _ ,
1716          s _ _ _ X _ _ _ _ ,
1717          s _ _ X _ X _ _ _ ,
1718          s _ X _ _ _ X _ _ ,
1719          s _ _ _ _ _ _ _ _ ,
1720          s _ _ _ _ _ _ _ _ ,
1721          s _ _ _ _ _ _ _ _ ,
1722          s _ _ _ _ _ _ _ _ ,
1723          s _ _ _ _ _ _ _ _ ,
1724          s _ _ _ _ _ _ _ _ ,
1725          s _ _ _ _ _ _ _ _ ,
1726          s _ _ _ _ _ _ _ _ ,
1727          s _ _ _ _ _ _ _ _ ,
1728          
1729          /* 0x5f _ */
C51 COMPILER V9.52.0.0   INIT                                                              01/03/2014 16:41:56 PAGE 29  

1730          s _ _ _ _ _ _ _ _ ,
1731          s _ _ _ _ _ _ _ _ ,
1732          s _ _ _ _ _ _ _ _ ,
1733          s _ _ _ _ _ _ _ _ ,
1734          s _ _ _ _ _ _ _ _ ,
1735          s _ _ _ _ _ _ _ _ ,
1736          s _ _ _ _ _ _ _ _ ,
1737          s _ _ _ _ _ _ _ _ ,
1738          s _ _ _ _ _ _ _ _ ,
1739          s _ _ _ _ _ _ _ _ ,
1740          s _ _ _ _ _ _ _ _ ,
1741          s _ _ _ _ _ _ _ _ ,
1742          s X X X X X X X X ,
1743          s _ _ _ _ _ _ _ _ ,
1744          s _ _ _ _ _ _ _ _ ,
1745          s _ _ _ _ _ _ _ _ ,
1746          
1747          /* 0x60 ` */
1748          s _ _ _ _ _ _ _ _ ,
1749          s _ _ _ _ _ _ _ _ ,
1750          s _ _ _ _ _ _ _ _ ,
1751          s _ _ _ X _ _ _ _ ,
1752          s _ _ _ X _ _ _ _ ,
1753          s _ _ _ _ X _ _ _ ,
1754          s _ _ _ _ _ _ _ _ ,
1755          s _ _ _ _ _ _ _ _ ,
1756          s _ _ _ _ _ _ _ _ ,
1757          s _ _ _ _ _ _ _ _ ,
1758          s _ _ _ _ _ _ _ _ ,
1759          s _ _ _ _ _ _ _ _ ,
1760          s _ _ _ _ _ _ _ _ ,
1761          s _ _ _ _ _ _ _ _ ,
1762          s _ _ _ _ _ _ _ _ ,
1763          s _ _ _ _ _ _ _ _ ,
1764          
1765          /* 0x61 a */
1766          s _ _ _ _ _ _ _ _ ,
1767          s _ _ _ _ _ _ _ _ ,
1768          s _ _ _ _ _ _ _ _ ,
1769          s _ _ _ _ _ _ _ _ ,
1770          s _ _ _ _ _ _ _ _ ,
1771          s _ X X X X _ _ _ ,
1772          s _ _ _ _ _ X _ _ ,
1773          s _ _ X X X X _ _ ,
1774          s _ X _ _ _ X _ _ ,
1775          s _ X _ _ _ X _ _ ,
1776          s _ X _ _ _ X _ _ ,
1777          s _ _ X X X _ X _ ,
1778          s _ _ _ _ _ _ _ _ ,
1779          s _ _ _ _ _ _ _ _ ,
1780          s _ _ _ _ _ _ _ _ ,
1781          s _ _ _ _ _ _ _ _ ,
1782          
1783          /* 0x62 b */
1784          s _ _ _ _ _ _ _ _ ,
1785          s _ _ _ _ _ _ _ _ ,
1786          s _ X _ _ _ _ _ _ ,
1787          s _ X _ _ _ _ _ _ ,
1788          s _ X _ _ _ _ _ _ ,
1789          s _ X _ X X X _ _ ,
1790          s _ X X _ _ _ X _ ,
1791          s _ X _ _ _ _ X _ ,
C51 COMPILER V9.52.0.0   INIT                                                              01/03/2014 16:41:56 PAGE 30  

1792          s _ X _ _ _ _ X _ ,
1793          s _ X _ _ _ _ X _ ,
1794          s _ X X _ _ _ X _ ,
1795          s _ X _ X X X _ _ ,
1796          s _ _ _ _ _ _ _ _ ,
1797          s _ _ _ _ _ _ _ _ ,
1798          s _ _ _ _ _ _ _ _ ,
1799          s _ _ _ _ _ _ _ _ ,
1800          
1801          /* 0x63 c */
1802          s _ _ _ _ _ _ _ _ ,
1803          s _ _ _ _ _ _ _ _ ,
1804          s _ _ _ _ _ _ _ _ ,
1805          s _ _ _ _ _ _ _ _ ,
1806          s _ _ _ _ _ _ _ _ ,
1807          s _ _ X X X X _ _ ,
1808          s _ X _ _ _ _ X _ ,
1809          s _ X _ _ _ _ _ _ ,
1810          s _ X _ _ _ _ _ _ ,
1811          s _ X _ _ _ _ _ _ ,
1812          s _ X _ _ _ _ X _ ,
1813          s _ _ X X X X _ _ ,
1814          s _ _ _ _ _ _ _ _ ,
1815          s _ _ _ _ _ _ _ _ ,
1816          s _ _ _ _ _ _ _ _ ,
1817          s _ _ _ _ _ _ _ _ ,
1818          
1819          /* 0x64 d */
1820          s _ _ _ _ _ _ _ _ ,
1821          s _ _ _ _ _ _ _ _ ,
1822          s _ _ _ _ _ _ X _ ,
1823          s _ _ _ _ _ _ X _ ,
1824          s _ _ _ _ _ _ X _ ,
1825          s _ _ X X X _ X _ ,
1826          s _ X _ _ _ X X _ ,
1827          s _ X _ _ _ _ X _ ,
1828          s _ X _ _ _ _ X _ ,
1829          s _ X _ _ _ _ X _ ,
1830          s _ X _ _ _ X X _ ,
1831          s _ _ X X X _ X _ ,
1832          s _ _ _ _ _ _ _ _ ,
1833          s _ _ _ _ _ _ _ _ ,
1834          s _ _ _ _ _ _ _ _ ,
1835          s _ _ _ _ _ _ _ _ ,
1836          
1837          /* 0x65 e */
1838          s _ _ _ _ _ _ _ _ ,
1839          s _ _ _ _ _ _ _ _ ,
1840          s _ _ _ _ _ _ _ _ ,
1841          s _ _ _ _ _ _ _ _ ,
1842          s _ _ _ _ _ _ _ _ ,
1843          s _ _ X X X X _ _ ,
1844          s _ X _ _ _ _ X _ ,
1845          s _ X _ _ _ _ X _ ,
1846          s _ X X X X X X _ ,
1847          s _ X _ _ _ _ _ _ ,
1848          s _ X _ _ _ _ X _ ,
1849          s _ _ X X X X _ _ ,
1850          s _ _ _ _ _ _ _ _ ,
1851          s _ _ _ _ _ _ _ _ ,
1852          s _ _ _ _ _ _ _ _ ,
1853          s _ _ _ _ _ _ _ _ ,
C51 COMPILER V9.52.0.0   INIT                                                              01/03/2014 16:41:56 PAGE 31  

1854          
1855          /* 0x66 f */
1856          s _ _ _ _ _ _ _ _ ,
1857          s _ _ _ _ _ _ _ _ ,
1858          s _ _ _ _ X X X _ ,
1859          s _ _ _ X _ _ _ _ ,
1860          s _ _ _ X _ _ _ _ ,
1861          s _ _ _ X _ _ _ _ ,
1862          s _ _ X X X X _ _ ,
1863          s _ _ _ X _ _ _ _ ,
1864          s _ _ _ X _ _ _ _ ,
1865          s _ _ _ X _ _ _ _ ,
1866          s _ _ _ X _ _ _ _ ,
1867          s _ _ _ X _ _ _ _ ,
1868          s _ _ _ _ _ _ _ _ ,
1869          s _ _ _ _ _ _ _ _ ,
1870          s _ _ _ _ _ _ _ _ ,
1871          s _ _ _ _ _ _ _ _ ,
1872          
1873          /* 0x67 g */
1874          s _ _ _ _ _ _ _ _ ,
1875          s _ _ _ _ _ _ _ _ ,
1876          s _ _ _ _ _ _ _ _ ,
1877          s _ _ _ _ _ _ _ _ ,
1878          s _ _ _ _ _ _ _ _ ,
1879          s _ _ X X X X X _ ,
1880          s _ X _ _ _ _ X _ ,
1881          s _ X _ _ _ _ X _ ,
1882          s _ X _ _ _ _ X _ ,
1883          s _ X _ _ _ _ X _ ,
1884          s _ _ X X X X X _ ,
1885          s _ _ _ _ _ _ X _ ,
1886          s _ _ _ _ _ _ X _ ,
1887          s _ _ X X X X _ _ ,
1888          s _ _ _ _ _ _ _ _ ,
1889          s _ _ _ _ _ _ _ _ ,
1890          
1891          /* 0x68 h */
1892          s _ _ _ _ _ _ _ _ ,
1893          s _ _ _ _ _ _ _ _ ,
1894          s _ X _ _ _ _ _ _ ,
1895          s _ X _ _ _ _ _ _ ,
1896          s _ X _ _ _ _ _ _ ,
1897          s _ X _ X X X _ _ ,
1898          s _ X X _ _ _ X _ ,
1899          s _ X _ _ _ _ X _ ,
1900          s _ X _ _ _ _ X _ ,
1901          s _ X _ _ _ _ X _ ,
1902          s _ X _ _ _ _ X _ ,
1903          s _ X _ _ _ _ X _ ,
1904          s _ _ _ _ _ _ _ _ ,
1905          s _ _ _ _ _ _ _ _ ,
1906          s _ _ _ _ _ _ _ _ ,
1907          s _ _ _ _ _ _ _ _ ,
1908          
1909          /* 0x69 i */
1910          s _ _ _ _ _ _ _ _ ,
1911          s _ _ _ _ _ _ _ _ ,
1912          s _ _ _ _ _ _ _ _ ,
1913          s _ _ _ _ X _ _ _ ,
1914          s _ _ _ _ _ _ _ _ ,
1915          s _ _ _ _ X _ _ _ ,
C51 COMPILER V9.52.0.0   INIT                                                              01/03/2014 16:41:56 PAGE 32  

1916          s _ _ _ _ X _ _ _ ,
1917          s _ _ _ _ X _ _ _ ,
1918          s _ _ _ _ X _ _ _ ,
1919          s _ _ _ _ X _ _ _ ,
1920          s _ _ _ _ X _ _ _ ,
1921          s _ _ _ _ X _ _ _ ,
1922          s _ _ _ _ _ _ _ _ ,
1923          s _ _ _ _ _ _ _ _ ,
1924          s _ _ _ _ _ _ _ _ ,
1925          s _ _ _ _ _ _ _ _ ,
1926          
1927          /* 0x6a j */
1928          s _ _ _ _ _ _ _ _ ,
1929          s _ _ _ _ _ _ _ _ ,
1930          s _ _ _ _ _ _ _ _ ,
1931          s _ _ _ _ _ X _ _ ,
1932          s _ _ _ _ _ _ _ _ ,
1933          s _ _ _ _ _ X _ _ ,
1934          s _ _ _ _ _ X _ _ ,
1935          s _ _ _ _ _ X _ _ ,
1936          s _ _ _ _ _ X _ _ ,
1937          s _ _ _ _ _ X _ _ ,
1938          s _ _ _ _ _ X _ _ ,
1939          s _ _ _ _ _ X _ _ ,
1940          s _ X _ _ _ X _ _ ,
1941          s _ _ X X X _ _ _ ,
1942          s _ _ _ _ _ _ _ _ ,
1943          s _ _ _ _ _ _ _ _ ,
1944          
1945          /* 0x6b k */
1946          s _ _ _ _ _ _ _ _ ,
1947          s _ _ _ _ _ _ _ _ ,
1948          s _ X _ _ _ _ _ _ ,
1949          s _ X _ _ _ _ _ _ ,
1950          s _ X _ _ _ _ _ _ ,
1951          s _ X _ _ _ _ X _ ,
1952          s _ X _ _ _ X _ _ ,
1953          s _ X _ _ X _ _ _ ,
1954          s _ X _ X _ _ _ _ ,
1955          s _ X X _ X _ _ _ ,
1956          s _ X _ _ _ X _ _ ,
1957          s _ X _ _ _ _ X _ ,
1958          s _ _ _ _ _ _ _ _ ,
1959          s _ _ _ _ _ _ _ _ ,
1960          s _ _ _ _ _ _ _ _ ,
1961          s _ _ _ _ _ _ _ _ ,
1962          
1963          /* 0x6c l */
1964          s _ _ _ _ _ _ _ _ ,
1965          s _ _ _ _ _ _ _ _ ,
1966          s _ _ _ X _ _ _ _ ,
1967          s _ _ _ X _ _ _ _ ,
1968          s _ _ _ X _ _ _ _ ,
1969          s _ _ _ X _ _ _ _ ,
1970          s _ _ _ X _ _ _ _ ,
1971          s _ _ _ X _ _ _ _ ,
1972          s _ _ _ X _ _ _ _ ,
1973          s _ _ _ X _ _ _ _ ,
1974          s _ _ _ X _ _ _ _ ,
1975          s _ _ _ X _ _ _ _ ,
1976          s _ _ _ _ _ _ _ _ ,
1977          s _ _ _ _ _ _ _ _ ,
C51 COMPILER V9.52.0.0   INIT                                                              01/03/2014 16:41:56 PAGE 33  

1978          s _ _ _ _ _ _ _ _ ,
1979          s _ _ _ _ _ _ _ _ ,
1980          
1981          /* 0x6d m */
1982          s _ _ _ _ _ _ _ _ ,
1983          s _ _ _ _ _ _ _ _ ,
1984          s _ _ _ _ _ _ _ _ ,
1985          s _ _ _ _ _ _ _ _ ,
1986          s _ _ _ _ _ _ _ _ ,
1987          s X X X _ X X _ _ ,
1988          s X _ _ X _ _ X _ ,
1989          s X _ _ X _ _ X _ ,
1990          s X _ _ X _ _ X _ ,
1991          s X _ _ X _ _ X _ ,
1992          s X _ _ X _ _ X _ ,
1993          s X _ _ X _ _ X _ ,
1994          s _ _ _ _ _ _ _ _ ,
1995          s _ _ _ _ _ _ _ _ ,
1996          s _ _ _ _ _ _ _ _ ,
1997          s _ _ _ _ _ _ _ _ ,
1998          
1999          /* 0x6e n */
2000          s _ _ _ _ _ _ _ _ ,
2001          s _ _ _ _ _ _ _ _ ,
2002          s _ _ _ _ _ _ _ _ ,
2003          s _ _ _ _ _ _ _ _ ,
2004          s _ _ _ _ _ _ _ _ ,
2005          s _ X X X X X _ _ ,
2006          s _ X _ _ _ _ X _ ,
2007          s _ X _ _ _ _ X _ ,
2008          s _ X _ _ _ _ X _ ,
2009          s _ X _ _ _ _ X _ ,
2010          s _ X _ _ _ _ X _ ,
2011          s _ X _ _ _ _ X _ ,
2012          s _ _ _ _ _ _ _ _ ,
2013          s _ _ _ _ _ _ _ _ ,
2014          s _ _ _ _ _ _ _ _ ,
2015          s _ _ _ _ _ _ _ _ ,
2016          
2017          /* 0x6f o */
2018          s _ _ _ _ _ _ _ _ ,
2019          s _ _ _ _ _ _ _ _ ,
2020          s _ _ _ _ _ _ _ _ ,
2021          s _ _ _ _ _ _ _ _ ,
2022          s _ _ _ _ _ _ _ _ ,
2023          s _ _ X X X X _ _ ,
2024          s _ X _ _ _ _ X _ ,
2025          s _ X _ _ _ _ X _ ,
2026          s _ X _ _ _ _ X _ ,
2027          s _ X _ _ _ _ X _ ,
2028          s _ X _ _ _ _ X _ ,
2029          s _ _ X X X X _ _ ,
2030          s _ _ _ _ _ _ _ _ ,
2031          s _ _ _ _ _ _ _ _ ,
2032          s _ _ _ _ _ _ _ _ ,
2033          s _ _ _ _ _ _ _ _ ,
2034          
2035          /* 0x70 p */
2036          s _ _ _ _ _ _ _ _ ,
2037          s _ _ _ _ _ _ _ _ ,
2038          s _ _ _ _ _ _ _ _ ,
2039          s _ _ _ _ _ _ _ _ ,
C51 COMPILER V9.52.0.0   INIT                                                              01/03/2014 16:41:56 PAGE 34  

2040          s _ _ _ _ _ _ _ _ ,
2041          s _ X _ X X X _ _ ,
2042          s _ X X _ _ _ X _ ,
2043          s _ X _ _ _ _ X _ ,
2044          s _ X _ _ _ _ X _ ,
2045          s _ X _ _ _ _ X _ ,
2046          s _ X X _ _ _ X _ ,
2047          s _ X _ X X X _ _ ,
2048          s _ X _ _ _ _ _ _ ,
2049          s _ X _ _ _ _ _ _ ,
2050          s _ _ _ _ _ _ _ _ ,
2051          s _ _ _ _ _ _ _ _ ,
2052          
2053          /* 0x71 q */
2054          s _ _ _ _ _ _ _ _ ,
2055          s _ _ _ _ _ _ _ _ ,
2056          s _ _ _ _ _ _ _ _ ,
2057          s _ _ _ _ _ _ _ _ ,
2058          s _ _ _ _ _ _ _ _ ,
2059          s _ _ X X X _ X _ ,
2060          s _ X _ _ _ X X _ ,
2061          s _ X _ _ _ _ X _ ,
2062          s _ X _ _ _ _ X _ ,
2063          s _ X _ _ _ _ X _ ,
2064          s _ X _ _ _ X X _ ,
2065          s _ _ X X X _ X _ ,
2066          s _ _ _ _ _ _ X _ ,
2067          s _ _ _ _ _ _ X _ ,
2068          s _ _ _ _ _ _ _ _ ,
2069          s _ _ _ _ _ _ _ _ ,
2070          
2071          /* 0x72 r */
2072          s _ _ _ _ _ _ _ _ ,
2073          s _ _ _ _ _ _ _ _ ,
2074          s _ _ _ _ _ _ _ _ ,
2075          s _ _ _ _ _ _ _ _ ,
2076          s _ _ _ _ _ _ _ _ ,
2077          s _ X _ X X X _ _ ,
2078          s _ X X _ _ _ X _ ,
2079          s _ X _ _ _ _ _ _ ,
2080          s _ X _ _ _ _ _ _ ,
2081          s _ X _ _ _ _ _ _ ,
2082          s _ X _ _ _ _ _ _ ,
2083          s _ X _ _ _ _ _ _ ,
2084          s _ _ _ _ _ _ _ _ ,
2085          s _ _ _ _ _ _ _ _ ,
2086          s _ _ _ _ _ _ _ _ ,
2087          s _ _ _ _ _ _ _ _ ,
2088          
2089          /* 0x73 s */
2090          s _ _ _ _ _ _ _ _ ,
2091          s _ _ _ _ _ _ _ _ ,
2092          s _ _ _ _ _ _ _ _ ,
2093          s _ _ _ _ _ _ _ _ ,
2094          s _ _ _ _ _ _ _ _ ,
2095          s _ _ X X X X _ _ ,
2096          s _ X _ _ _ _ X _ ,
2097          s _ X _ _ _ _ _ _ ,
2098          s _ _ X X X X _ _ ,
2099          s _ _ _ _ _ _ X _ ,
2100          s _ X _ _ _ _ X _ ,
2101          s _ _ X X X X _ _ ,
C51 COMPILER V9.52.0.0   INIT                                                              01/03/2014 16:41:56 PAGE 35  

2102          s _ _ _ _ _ _ _ _ ,
2103          s _ _ _ _ _ _ _ _ ,
2104          s _ _ _ _ _ _ _ _ ,
2105          s _ _ _ _ _ _ _ _ ,
2106          
2107          /* 0x74 t */
2108          s _ _ _ _ _ _ _ _ ,
2109          s _ _ _ _ _ _ _ _ ,
2110          s _ _ _ _ _ _ _ _ ,
2111          s _ _ X _ _ _ _ _ ,
2112          s _ _ X _ _ _ _ _ ,
2113          s _ X X X X _ _ _ ,
2114          s _ _ X _ _ _ _ _ ,
2115          s _ _ X _ _ _ _ _ ,
2116          s _ _ X _ _ _ _ _ ,
2117          s _ _ X _ _ _ _ _ ,
2118          s _ _ X _ _ _ X _ ,
2119          s _ _ _ X X X _ _ ,
2120          s _ _ _ _ _ _ _ _ ,
2121          s _ _ _ _ _ _ _ _ ,
2122          s _ _ _ _ _ _ _ _ ,
2123          s _ _ _ _ _ _ _ _ ,
2124          
2125          /* 0x75 u */
2126          s _ _ _ _ _ _ _ _ ,
2127          s _ _ _ _ _ _ _ _ ,
2128          s _ _ _ _ _ _ _ _ ,
2129          s _ _ _ _ _ _ _ _ ,
2130          s _ _ _ _ _ _ _ _ ,
2131          s _ X _ _ _ _ X _ ,
2132          s _ X _ _ _ _ X _ ,
2133          s _ X _ _ _ _ X _ ,
2134          s _ X _ _ _ _ X _ ,
2135          s _ X _ _ _ _ X _ ,
2136          s _ X _ _ _ _ X _ ,
2137          s _ _ X X X X X _ ,
2138          s _ _ _ _ _ _ _ _ ,
2139          s _ _ _ _ _ _ _ _ ,
2140          s _ _ _ _ _ _ _ _ ,
2141          s _ _ _ _ _ _ _ _ ,
2142          
2143          /* 0x76 v */
2144          s _ _ _ _ _ _ _ _ ,
2145          s _ _ _ _ _ _ _ _ ,
2146          s _ _ _ _ _ _ _ _ ,
2147          s _ _ _ _ _ _ _ _ ,
2148          s _ _ _ _ _ _ _ _ ,
2149          s _ X _ _ _ _ X _ ,
2150          s _ X _ _ _ _ X _ ,
2151          s _ X _ _ _ _ X _ ,
2152          s _ X _ _ _ _ X _ ,
2153          s _ X _ _ _ _ X _ ,
2154          s _ _ X _ _ X _ _ ,
2155          s _ _ _ X X _ _ _ ,
2156          s _ _ _ _ _ _ _ _ ,
2157          s _ _ _ _ _ _ _ _ ,
2158          s _ _ _ _ _ _ _ _ ,
2159          s _ _ _ _ _ _ _ _ ,
2160          
2161          /* 0x77 w */
2162          s _ _ _ _ _ _ _ _ ,
2163          s _ _ _ _ _ _ _ _ ,
C51 COMPILER V9.52.0.0   INIT                                                              01/03/2014 16:41:56 PAGE 36  

2164          s _ _ _ _ _ _ _ _ ,
2165          s _ _ _ _ _ _ _ _ ,
2166          s _ _ _ _ _ _ _ _ ,
2167          s X _ _ _ _ _ X _ ,
2168          s X _ _ _ _ _ X _ ,
2169          s X _ _ _ _ _ X _ ,
2170          s X _ _ X _ _ X _ ,
2171          s X _ _ X _ _ X _ ,
2172          s X _ X _ X _ X _ ,
2173          s _ X _ _ _ X _ _ ,
2174          s _ _ _ _ _ _ _ _ ,
2175          s _ _ _ _ _ _ _ _ ,
2176          s _ _ _ _ _ _ _ _ ,
2177          s _ _ _ _ _ _ _ _ ,
2178          
2179          /* 0x78 x */
2180          s _ _ _ _ _ _ _ _ ,
2181          s _ _ _ _ _ _ _ _ ,
2182          s _ _ _ _ _ _ _ _ ,
2183          s _ _ _ _ _ _ _ _ ,
2184          s _ _ _ _ _ _ _ _ ,
2185          s _ X _ _ _ _ X _ ,
2186          s _ X _ _ _ _ X _ ,
2187          s _ _ X _ _ X _ _ ,
2188          s _ _ _ X X _ _ _ ,
2189          s _ _ X _ _ X _ _ ,
2190          s _ X _ _ _ _ X _ ,
2191          s _ X _ _ _ _ X _ ,
2192          s _ _ _ _ _ _ _ _ ,
2193          s _ _ _ _ _ _ _ _ ,
2194          s _ _ _ _ _ _ _ _ ,
2195          s _ _ _ _ _ _ _ _ ,
2196          
2197          /* 0x79 y */
2198          s _ _ _ _ _ _ _ _ ,
2199          s _ _ _ _ _ _ _ _ ,
2200          s _ _ _ _ _ _ _ _ ,
2201          s _ _ _ _ _ _ _ _ ,
2202          s _ _ _ _ _ _ _ _ ,
2203          s _ X _ _ _ _ X _ ,
2204          s _ X _ _ _ _ X _ ,
2205          s _ X _ _ _ _ X _ ,
2206          s _ X _ _ _ _ X _ ,
2207          s _ X _ _ _ _ X _ ,
2208          s _ _ X X X X X _ ,
2209          s _ _ _ _ _ _ X _ ,
2210          s _ _ _ _ _ _ X _ ,
2211          s _ _ X X X X _ _ ,
2212          s _ _ _ _ _ _ _ _ ,
2213          s _ _ _ _ _ _ _ _ ,
2214          
2215          /* 0x7a z */
2216          s _ _ _ _ _ _ _ _ ,
2217          s _ _ _ _ _ _ _ _ ,
2218          s _ _ _ _ _ _ _ _ ,
2219          s _ _ _ _ _ _ _ _ ,
2220          s _ _ _ _ _ _ _ _ ,
2221          s _ X X X X X X _ ,
2222          s _ _ _ _ _ _ X _ ,
2223          s _ _ _ _ _ X _ _ ,
2224          s _ _ _ X X _ _ _ ,
2225          s _ _ X _ _ _ _ _ ,
C51 COMPILER V9.52.0.0   INIT                                                              01/03/2014 16:41:56 PAGE 37  

2226          s _ X _ _ _ _ _ _ ,
2227          s _ X X X X X X _ ,
2228          s _ _ _ _ _ _ _ _ ,
2229          s _ _ _ _ _ _ _ _ ,
2230          s _ _ _ _ _ _ _ _ ,
2231          s _ _ _ _ _ _ _ _ ,
2232          
2233          /* 0x7b { */
2234          s _ _ _ _ _ _ _ _ ,
2235          s _ _ _ _ _ _ _ _ ,
2236          s _ _ _ _ X _ _ _ ,
2237          s _ _ _ X _ _ _ _ ,
2238          s _ _ _ X _ _ _ _ ,
2239          s _ _ _ X _ _ _ _ ,
2240          s _ _ X _ _ _ _ _ ,
2241          s _ X _ _ _ _ _ _ ,
2242          s _ _ X _ _ _ _ _ ,
2243          s _ _ _ X _ _ _ _ ,
2244          s _ _ _ X _ _ _ _ ,
2245          s _ _ _ X _ _ _ _ ,
2246          s _ _ _ _ X _ _ _ ,
2247          s _ _ _ _ _ _ _ _ ,
2248          s _ _ _ _ _ _ _ _ ,
2249          s _ _ _ _ _ _ _ _ ,
2250          
2251          /* 0x7c | */
2252          s _ _ _ _ _ _ _ _ ,
2253          s _ _ _ X _ _ _ _ ,
2254          s _ _ _ X _ _ _ _ ,
2255          s _ _ _ X _ _ _ _ ,
2256          s _ _ _ X _ _ _ _ ,
2257          s _ _ _ X _ _ _ _ ,
2258          s _ _ _ X _ _ _ _ ,
2259          s _ _ _ X _ _ _ _ ,
2260          s _ _ _ X _ _ _ _ ,
2261          s _ _ _ X _ _ _ _ ,
2262          s _ _ _ X _ _ _ _ ,
2263          s _ _ _ X _ _ _ _ ,
2264          s _ _ _ X _ _ _ _ ,
2265          s _ _ _ X _ _ _ _ ,
2266          s _ _ _ X _ _ _ _ ,
2267          s _ _ _ _ _ _ _ _ ,
2268          
2269          /* 0x7d } */
2270          s _ _ _ _ _ _ _ _ ,
2271          s _ _ _ _ _ _ _ _ ,
2272          s _ _ X _ _ _ _ _ ,
2273          s _ _ _ X _ _ _ _ ,
2274          s _ _ _ X _ _ _ _ ,
2275          s _ _ _ X _ _ _ _ ,
2276          s _ _ _ _ X _ _ _ ,
2277          s _ _ _ _ _ X _ _ ,
2278          s _ _ _ _ X _ _ _ ,
2279          s _ _ _ X _ _ _ _ ,
2280          s _ _ _ X _ _ _ _ ,
2281          s _ _ _ X _ _ _ _ ,
2282          s _ _ X _ _ _ _ _ ,
2283          s _ _ _ _ _ _ _ _ ,
2284          s _ _ _ _ _ _ _ _ ,
2285          s _ _ _ _ _ _ _ _ ,
2286          
2287          /* 0x7e ~ */
C51 COMPILER V9.52.0.0   INIT                                                              01/03/2014 16:41:56 PAGE 38  

2288          s _ _ _ _ _ _ _ _ ,
2289          s _ _ _ _ _ _ _ _ ,
2290          s _ _ _ _ _ _ _ _ ,
2291          s _ _ _ _ _ _ _ _ ,
2292          s _ _ _ _ _ _ _ _ ,
2293          s _ _ _ _ _ _ _ _ ,
2294          s _ _ X _ _ _ X _ ,
2295          s _ X _ X _ X _ _ ,
2296          s X _ _ _ X _ _ _ ,
2297          s _ _ _ _ _ _ _ _ ,
2298          s _ _ _ _ _ _ _ _ ,
2299          s _ _ _ _ _ _ _ _ ,
2300          s _ _ _ _ _ _ _ _ ,
2301          s _ _ _ _ _ _ _ _ ,
2302          s _ _ _ _ _ _ _ _ ,
2303          s _ _ _ _ _ _ _ _ ,
2304          
2305          /* 0x7f */
2306          s _ _ _ _ _ _ _ _ ,
2307          s _ _ _ _ _ _ _ _ ,
2308          s _ _ _ _ _ _ _ _ ,
2309          s _ _ _ _ _ _ _ _ ,
2310          s _ _ _ _ _ _ _ _ ,
2311          s _ _ _ _ _ _ _ _ ,
2312          s _ _ _ _ _ _ _ _ ,
2313          s _ _ _ _ _ _ _ _ ,
2314          s _ _ _ _ _ _ _ _ ,
2315          s _ _ _ _ _ _ _ _ ,
2316          s _ _ _ _ _ _ _ _ ,
2317          s _ _ _ _ _ _ _ _ ,
2318          s _ _ _ _ _ _ _ _ ,
2319          s _ _ _ _ _ _ _ _ , 
2320          s _ _ _ _ _ _ _ _ ,
2321          s _ _ _ _ _ _ _ _ ,
2322          };
2323          #undef s
2324          #undef X
2325          #undef _
2326          
2327          //unsigned int TP_X,TP_Y;    //
2328          
2329          void spistar()                                     //SPI
2330          {
2331   1        CS=1;
2332   1        DCLK=1;
2333   1        DIN=1;
2334   1        DCLK=1;
2335   1      }
2336          //**********************************************************
2337          void WriteCharTo7843(unsigned char num)          //SPI
2338          {
2339   1        unsigned char count=0;
2340   1        DCLK=0;
2341   1        for(count=0;count<8;count++)
2342   1        {
2343   2          num<<=1;
2344   2          DIN=CY;
2345   2          DCLK=0; _nop_();_nop_();_nop_();                //
2346   2          DCLK=1; _nop_();_nop_();_nop_();
2347   2        }
2348   1      }
2349          //**********************************************************
C51 COMPILER V9.52.0.0   INIT                                                              01/03/2014 16:41:56 PAGE 39  

2350          unsigned int ReadFromCharFrom7843()             //SPI 
2351          {
2352   1        unsigned char count=0;
2353   1        unsigned int Num=0;
2354   1        for(count=0;count<12;count++)
2355   1        {
2356   2          Num<<=1;
2357   2          DCLK=1; _nop_();_nop_();_nop_();                //
2358   2          DCLK=0; _nop_();_nop_();_nop_();
2359   2          if(DOUT) Num++;
2360   2        }
2361   1        return(Num);
2362   1      }
2363          
2364          void delayms(int count)  // /* X1ms */
2365          {
2366   1              int i,j;
2367   1              for(i=0;i<count;i++)
2368   1                      for(j=0;j<1000;j++);
2369   1      }
2370          
2371          #ifdef  Bus_16    //-16   
              void LCD_Writ_Bus(char VH,char VL)   //
              {
                  LCD_DataPortH=VH; 
                LCD_DataPortL=VL;   
                LCD_WR=0;
                LCD_WR=1; 
              }
              #else     //-8 
2380          void LCD_Writ_Bus(char VH,char VL)   //
2381          { 
2382   1          LCD_DataPortH=VH; 
2383   1          LCD_WR=0;
2384   1        LCD_WR=1;
2385   1        LCD_DataPortH=VL;   
2386   1        LCD_WR=0;
2387   1        LCD_WR=1;
2388   1      }
2389          #endif
2390          
2391          void Lcd_Write_Com(char VH,char VL)  //
2392          { 
2393   1          LCD_RS=0;
2394   1        LCD_Writ_Bus(VH,VL);
2395   1      }
2396          
2397          
2398          void Lcd_Write_Data(char VH,char VL)  //
2399          {
2400   1          LCD_RS=1;
2401   1        LCD_Writ_Bus(VH,VL);
2402   1      }
2403          
2404          void Address_set(unsigned int x1,unsigned int y1,unsigned int x2,unsigned int y2)
2405          {
2406   1        Lcd_Write_Com(0x00,0x20);Lcd_Write_Data(x1>>8,x1);    //X
2407   1          Lcd_Write_Com(0x00,0x21);Lcd_Write_Data(y1>>8,y1);   //Y
2408   1          Lcd_Write_Com(0x00,0x50);Lcd_Write_Data(x1>>8,x1);   //X
2409   1        Lcd_Write_Com(0x00,0x52);Lcd_Write_Data(y1>>8,y1);    //Y
2410   1          Lcd_Write_Com(0x00,0x51);Lcd_Write_Data(x2>>8,x2);   //X
2411   1        Lcd_Write_Com(0x00,0x53);Lcd_Write_Data(y2>>8,y2);   //Y
C51 COMPILER V9.52.0.0   INIT                                                              01/03/2014 16:41:56 PAGE 40  

2412   1          Lcd_Write_Com(0x00,0x22);              
2413   1      }
2414          
2415          void Lcd_Init(void)
2416          {
2417   1      
2418   1        RD=1;
2419   1          LCD_REST=1;
2420   1          delayms(5); 
2421   1        LCD_REST=0;
2422   1        delayms(5);
2423   1        LCD_REST=1;
2424   1        LCD_CS=1;
2425   1        LCD_RD=1;
2426   1        LCD_WR=1;
2427   1        delayms(5);
2428   1         
2429   1        LCD_CS =0;  //
2430   1        //************* Start Initial Sequence **********//
2431   1        Lcd_Write_Com(0x00,0xE5); Lcd_Write_Data(0x78,0xF0); // set SRAM internal timing
2432   1        Lcd_Write_Com(0x00,0x01); Lcd_Write_Data(0x01,0x00); // set SS and SM bit
2433   1        Lcd_Write_Com(0x00,0x02); Lcd_Write_Data(0x07,0x00); // set 1 line inversion
2434   1        Lcd_Write_Com(0x00,0x03); Lcd_Write_Data(0x10,0x30); // set GRAM write direction and BGR=1.
2435   1        Lcd_Write_Com(0x00,0x04); Lcd_Write_Data(0x00,0x00); // Resize register
2436   1        Lcd_Write_Com(0x00,0x08); Lcd_Write_Data(0x02,0x07); // set the back porch and front porch
2437   1        Lcd_Write_Com(0x00,0x09); Lcd_Write_Data(0x00,0x00); // set non-display area refresh cycle ISC[3:0]
2438   1        Lcd_Write_Com(0x00,0x0A); Lcd_Write_Data(0x00,0x00); // FMARK function
2439   1        Lcd_Write_Com(0x00,0x0C); Lcd_Write_Data(0x00,0x00); // RGB interface setting
2440   1        Lcd_Write_Com(0x00,0x0D); Lcd_Write_Data(0x00,0x00); // Frame marker Position
2441   1        Lcd_Write_Com(0x00,0x0F); Lcd_Write_Data(0x00,0x00); // RGB interface polarity
2442   1        //*************Power On sequence ****************//
2443   1        Lcd_Write_Com(0x00,0x10); Lcd_Write_Data(0x00,0x00); // SAP, BT[3:0], AP, DSTB, SLP, STB
2444   1        Lcd_Write_Com(0x00,0x11); Lcd_Write_Data(0x00,0x07); // DC1[2:0], DC0[2:0], VC[2:0]
2445   1        Lcd_Write_Com(0x00,0x12); Lcd_Write_Data(0x00,0x00); // VREG1OUT voltage
2446   1        Lcd_Write_Com(0x00,0x13); Lcd_Write_Data(0x00,0x00); // VDV[4:0] for VCOM amplitude
2447   1        Lcd_Write_Com(0x00,0x07); Lcd_Write_Data(0x00,0x01);
2448   1        delayms(50); // Dis-charge capacitor power voltage
2449   1        Lcd_Write_Com(0x00,0x10); Lcd_Write_Data(0x10,0x90); // 1490//SAP, BT[3:0], AP, DSTB, SLP, STB
2450   1        Lcd_Write_Com(0x00,0x11); Lcd_Write_Data(0x02,0x27); // DC1[2:0], DC0[2:0], VC[2:0]
2451   1        delayms(50); // Delay 50ms
2452   1        Lcd_Write_Com(0x00,0x12); Lcd_Write_Data(0x00,0x1F); //001C// Internal reference voltage= Vci;
2453   1        delayms(50); // Delay 50ms
2454   1        Lcd_Write_Com(0x00,0x13); Lcd_Write_Data(0x15,0x00); //0x1000//1400   Set VDV[4:0] for VCOM amplitude  1A
             -00
2455   1        Lcd_Write_Com(0x00,0x29); Lcd_Write_Data(0x00,0x27); //0x0012 //001a  Set VCM[5:0] for VCOMH  //0x0025  0
             -034
2456   1        Lcd_Write_Com(0x00,0x2B); Lcd_Write_Data(0x00,0x0D); // Set Frame Rate   000C
2457   1        delayms(50); // Delay 50ms
2458   1        Lcd_Write_Com(0x00,0x20); Lcd_Write_Data(0x00,0x00); // GRAM horizontal Address
2459   1        Lcd_Write_Com(0x00,0x21); Lcd_Write_Data(0x00,0x00); // GRAM Vertical Address
2460   1        // ----------- Adjust the Gamma Curve ----------//
2461   1        Lcd_Write_Com(0x00,0x30); Lcd_Write_Data(0x00,0x00);
2462   1        Lcd_Write_Com(0x00,0x31); Lcd_Write_Data(0x07,0x07);
2463   1        Lcd_Write_Com(0x00,0x32); Lcd_Write_Data(0x03,0x07);
2464   1        Lcd_Write_Com(0x00,0x35); Lcd_Write_Data(0x02,0x00);
2465   1        Lcd_Write_Com(0x00,0x36); Lcd_Write_Data(0x00,0x08);//0207
2466   1        Lcd_Write_Com(0x00,0x37); Lcd_Write_Data(0x00,0x04);//0306
2467   1        Lcd_Write_Com(0x00,0x38); Lcd_Write_Data(0x00,0x00);//0102
2468   1        Lcd_Write_Com(0x00,0x39); Lcd_Write_Data(0x07,0x07);//0707
2469   1        Lcd_Write_Com(0x00,0x3C); Lcd_Write_Data(0x00,0x02);//0702
2470   1        Lcd_Write_Com(0x00,0x3D); Lcd_Write_Data(0x1D,0x04);//1604
2471   1        
C51 COMPILER V9.52.0.0   INIT                                                              01/03/2014 16:41:56 PAGE 41  

2472   1        //------------------ Set GRAM area ---------------//
2473   1        Lcd_Write_Com(0x00,0x50); Lcd_Write_Data(0x00,0x00); // Horizontal GRAM Start Address
2474   1        Lcd_Write_Com(0x00,0x51); Lcd_Write_Data(0x00,0xEF); // Horizontal GRAM End Address
2475   1        Lcd_Write_Com(0x00,0x52); Lcd_Write_Data(0x00,0x00); // Vertical GRAM Start Address
2476   1        Lcd_Write_Com(0x00,0x53); Lcd_Write_Data(0x01,0x3F); // Vertical GRAM Start Address
2477   1        Lcd_Write_Com(0x00,0x60); Lcd_Write_Data(0xA7,0x00); // Gate Scan Line
2478   1        Lcd_Write_Com(0x00,0x61); Lcd_Write_Data(0x00,0x01); // NDL,VLE, REV
2479   1        Lcd_Write_Com(0x00,0x6A); Lcd_Write_Data(0x00,0x00); // set scrolling line
2480   1        //-------------- Partial Display Control ---------//
2481   1        Lcd_Write_Com(0x00,0x80); Lcd_Write_Data(0x00,0x00);
2482   1        Lcd_Write_Com(0x00,0x81); Lcd_Write_Data(0x00,0x00);
2483   1        Lcd_Write_Com(0x00,0x82); Lcd_Write_Data(0x00,0x00);
2484   1        Lcd_Write_Com(0x00,0x83); Lcd_Write_Data(0x00,0x00);
2485   1        Lcd_Write_Com(0x00,0x84); Lcd_Write_Data(0x00,0x00);
2486   1        Lcd_Write_Com(0x00,0x85); Lcd_Write_Data(0x00,0x00);
2487   1        //-------------- Panel Control -------------------//
2488   1        Lcd_Write_Com(0x00,0x90); Lcd_Write_Data(0x00,0x10);
2489   1        Lcd_Write_Com(0x00,0x92); Lcd_Write_Data(0x06,0x00);
2490   1        Lcd_Write_Com(0x00,0x07); Lcd_Write_Data(0x01,0x33); // 262K color and display ON
2491   1        LCD_CS =1;  //
2492   1      
2493   1      }
2494          
2495          void Pant(int dcolor)
2496          {
2497   1        int i,j;
2498   1        Address_set(0,0,240,320);
2499   1          for(i=0;i<320;i++)
2500   1         {
2501   2          for (j=0;j<240;j++)
2502   2            {
2503   3                 Lcd_Write_Data(dcolor>>8,dcolor);
2504   3            }   
2505   2          }
2506   1      }
2507          
2508          void draw_rec(unsigned int x1,unsigned int y1,unsigned int x2,unsigned int y2, int dcolor)
2509          {
2510   1        int i, j;
2511   1        Address_set(x1, y1, x2, y2);
2512   1        for (i = y1; i <= y2; i ++)
2513   1        {
2514   2          for (j = x1; j <= x2; j ++)
2515   2          {
2516   3            Lcd_Write_Data(dcolor>>8,dcolor);
2517   3          }
2518   2        }
2519   1      }
2520          
2521          void LCD_PutChar8x16(unsigned short x, unsigned short y, char c, unsigned int fColor, unsigned int bColor)
2522          {
2523   1        unsigned int i,j;
2524   1        LCD_SetPos(x,x+8-1,y,y+16-1);
2525   1        for(i=0; i<16;i++) {
2526   2          unsigned char m=Font8x16[c*16+i];
2527   2          for(j=0;j<8;j++) {
2528   3            if((m&0x80)==0x80) {
2529   4              Write_Data_U16(fColor);
2530   4              }
2531   3            else {
2532   4              Write_Data_U16(bColor);
2533   4              }
C51 COMPILER V9.52.0.0   INIT                                                              01/03/2014 16:41:56 PAGE 42  

2534   3            m<<=1;
2535   3            }
2536   2          }
2537   1      }
2538          
2539          
2540          void LCD_PutChar(unsigned short x, unsigned short y, char c, unsigned int fColor, unsigned int bColor) 
2541          {
2542   1      
2543   1        LCD_PutChar8x16( x, y, c, fColor, bColor );
2544   1      }
2545          
2546          void LCD_PutString(unsigned short x, unsigned short y, unsigned char *s, unsigned int fColor, unsigned int
             - bColor) 
2547          {
2548   1        unsigned char l=0;
2549   1        while(*s) {
2550   2        if( *s < 0x80) 
2551   2            {
2552   3          LCD_PutChar(x+l*8,y,*s,fColor,bColor);
2553   3          s++;l++;
2554   3          }
2555   2        }
2556   1      }
2557          
2558          void  Write_Data_U16(unsigned int y)
2559          {
2560   1        unsigned char m,n;
2561   1        m=y>>8;
2562   1        n=y;
2563   1        Write_Data(m,n);
2564   1      
2565   1      }
2566          
2567          void Write_Cmd(char YH,char YL)  
2568          { 
2569   1          LCD_CS=0;
2570   1        LCD_RS=0;
2571   1        LCD_Writ_Bus(YH,YL);
2572   1          LCD_CS=1;
2573   1      }
2574          ///////////////////////////////////////////////////////////////
2575          
2576          void Write_Data(char YH,char YL)  
2577          {
2578   1          LCD_CS=0;
2579   1        LCD_RS=1;
2580   1        LCD_Writ_Bus(YH,YL);
2581   1        LCD_CS=1;
2582   1      }
2583          /////////////////////////////////////////////////////////////
2584          void  Write_Cmd_Data (unsigned char x,unsigned int y)
2585          {
2586   1        unsigned char m,n;
2587   1        m=y>>8;
2588   1        n=y;
2589   1        Write_Cmd(0x00,x);
2590   1        Write_Data(m,n);
2591   1      }
2592          
2593          static void LCD_SetPos(unsigned int x0,unsigned int x1,unsigned int y0,unsigned int y1)
2594          {
C51 COMPILER V9.52.0.0   INIT                                                              01/03/2014 16:41:56 PAGE 43  

2595   1        Write_Cmd_Data(WINDOW_XADDR_START,x0);
2596   1        Write_Cmd_Data(WINDOW_XADDR_END,x1);
2597   1        Write_Cmd_Data(WINDOW_YADDR_START,y0);
2598   1        Write_Cmd_Data(WINDOW_YADDR_END,y1);
2599   1        Write_Cmd_Data(GRAM_XADDR,x0);
2600   1        Write_Cmd_Data(GRAM_YADDR,y0);
2601   1        Write_Cmd (0x00,0x22);//LCD_WriteCMD(GRAMWR);
2602   1      }


MODULE INFORMATION:   STATIC OVERLAYABLE
   CODE SIZE        =   1225    ----
   CONSTANT SIZE    =   2048    ----
   XDATA SIZE       =   ----    ----
   PDATA SIZE       =   ----    ----
   DATA SIZE        =   ----      67
   IDATA SIZE       =   ----    ----
   BIT SIZE         =   ----    ----
END OF MODULE INFORMATION.


C51 COMPILATION COMPLETE.  0 WARNING(S),  0 ERROR(S)
