C51 COMPILER V9.52.0.0   SIMLED                                                            10/06/2013 12:23:50 PAGE 1   


C51 COMPILER V9.52.0.0, COMPILATION OF MODULE SIMLED
NO OBJECT MODULE REQUESTED
COMPILER INVOKED BY: E:\C51Keil\C51\BIN\C51.EXE simled.c BROWSE DEBUG OBJECTEXTEND

line level    source

*** WARNING C500 IN LINE 1 OF simled.c: INCORRECT LICENSE ID CODE (LIC) IN 'TOOLS.INI'
   1          /*A simple led example
   2           *
   3          */
   4          sfr P0 = 0x80;
   5          sfr P1 = 0x90;
   6          
   7          
   8          sbit P11 = P1^1;
   9          sbit P00 = P0^0;
  10          
  11          void delay(unsigned int time);
  12          void disableDigital();
  13          
  14          void main(void)
  15          {
  16   1              disableDigital();
  17   1              while(1) {
  18   2                      P00 = ~P00;
  19   2                      delay(1200);
  20   2              }
  21   1      }
  22          
  23          void disableDigital()
  24          {
  25   1              P11 = 1;
  26   1              P0  = 0xFF;
  27   1              P11 = 0;
  28   1      }
  29          
  30          void delay(unsigned int time)
  31          {
  32   1              for(; time > 0; time --);
  33   1      }


MODULE INFORMATION:   STATIC OVERLAYABLE
   CODE SIZE        =     39    ----
   CONSTANT SIZE    =   ----    ----
   XDATA SIZE       =   ----    ----
   PDATA SIZE       =   ----    ----
   DATA SIZE        =   ----    ----
   IDATA SIZE       =   ----    ----
   BIT SIZE         =   ----    ----
END OF MODULE INFORMATION.


C51 COMPILATION COMPLETE.  1 WARNING(S),  0 ERROR(S)
