C51 COMPILER V9.52.0.0   START_TASK                                                        10/14/2013 17:29:21 PAGE 1   


C51 COMPILER V9.52.0.0, COMPILATION OF MODULE START_TASK
OBJECT MODULE PLACED IN start_task.OBJ
COMPILER INVOKED BY: E:\C51Keil\C51\BIN\C51.EXE start_task.c BROWSE DEBUG OBJECTEXTEND

line level    source

   1          #include "initLCD.h"
   2          
   3          void init_timer();
   4          
   5          unsigned short x = 0, y = 0;
   6          unsigned char  change = 0;
   7          unsigned char  sign = 0;
   8          
   9          unsigned char count = 0;
  10          unsigned char i = 0;
  11          
  12          void main(void)
  13          {
  14   1          TFT_Initial();
  15   1          CLR_Screen(Black);
  16   1          init_timer(); 
  17   1          
  18   1          while(1);
  19   1      }
  20          
  21          void init_timer()
  22          {
  23   1          TMOD = 0x10;
  24   1          TH1  = 0x3C;
  25   1          TL1  = 0xB0;
  26   1          IE   = 0x88;
  27   1          TR1  = 1;
  28   1      }
  29          
  30          void squate_go() interrupt 3
  31          {
  32   1          TH1  = 0x3C;
  33   1          TL1  = 0xB0;
  34   1              
  35   1          if(++x < 240) {
  36   2              for(i = x; i > 0; i --) { 
  37   3                  if(++change == 20) {
  38   4                      change = 0;
  39   4                      if(sign) {
  40   5                          for(y = 80; y < 120; y ++)
  41   5                              Put_pixel(i, y, Blue);
  42   5                          sign = 0;
  43   5                      } else {
  44   5                          for(y = 80; y < 120; y ++)
  45   5                              Put_pixel(i, y, Blue);
  46   5                          sign = 1;
  47   5                      }
  48   4                  }
  49   3                  
  50   3                  if(sign) {
  51   4                      Put_pixel(i, 80, Blue);
  52   4                  }  else {
  53   4                      Put_pixel(i, 120, Blue);
  54   4                  }
  55   3              }
C51 COMPILER V9.52.0.0   START_TASK                                                        10/14/2013 17:29:21 PAGE 2   

  56   2              
  57   2              count = x/20;
  58   2              
  59   2              for(i = 0; i < count; i ++)
  60   2                  for(y = 80; y < 121; y ++)
  61   2                      Put_pixel(x-20*(i+1), y, Black);
  62   2              
  63   2              change = 0; 
  64   2              sign = 0;
  65   2            
  66   2          } else {
  67   2              if(++change == 20) {
  68   3                  change = 0;
  69   3                  if(sign)
  70   3                      sign = 0;
  71   3                  else
  72   3                      sign = 1;
  73   3              } 
  74   2                  for(x = 240; x > 0; x -= 20) {
  75   3                      if(sign) {
  76   4                          sign = 0;
  77   4      //                    for(y = 80; y < 121; y ++) {
  78   4      //                        Put_pixel(x-20+change-1, y, Black);
  79   4      //                        Put_pixel(x-20+change, y, Blue);
  80   4      //                    }
  81   4                          for(y = 80; y < 121; y ++)  
  82   4                              Put_pixel(x-20+change-1, y, Black);
  83   4                          for(y = 80; y < 121; y ++) 
  84   4                              Put_pixel(x-20+change, y, Blue); 
  85   4                          Put_pixel(x-20+change-1, 120, Blue);
  86   4                      } else {
  87   4                          sign = 1;
  88   4      //                    for(y = 80; y < 121; y ++) {
  89   4      //                        Put_pixel(x-20+change-1, y, Black);
  90   4      //                        Put_pixel(x-20+change, y, Blue);
  91   4      //                    }
  92   4                          for(y = 80; y < 121; y ++)  
  93   4                              Put_pixel(x-20+change-1, y, Black);
  94   4                          for(y = 80; y < 121; y ++) 
  95   4                              Put_pixel(x-20+change, y, Blue);
  96   4                          Put_pixel(x-20+change-1, 80, Blue);
  97   4                      }
  98   3                  } 
  99   2              x = 249;
 100   2          }
 101   1      }


MODULE INFORMATION:   STATIC OVERLAYABLE
   CODE SIZE        =    687    ----
   CONSTANT SIZE    =   ----    ----
   XDATA SIZE       =   ----    ----
   PDATA SIZE       =   ----    ----
   DATA SIZE        =      8    ----
   IDATA SIZE       =   ----    ----
   BIT SIZE         =   ----    ----
END OF MODULE INFORMATION.


C51 COMPILATION COMPLETE.  0 WARNING(S),  0 ERROR(S)
