C51 COMPILER V9.52.0.0   INITLCD                                                           10/13/2013 16:35:34 PAGE 1   


C51 COMPILER V9.52.0.0, COMPILATION OF MODULE INITLCD
OBJECT MODULE PLACED IN initLCD.OBJ
COMPILER INVOKED BY: E:\C51Keil\C51\BIN\C51.EXE initLCD.c COMPACT BROWSE DEBUG OBJECTEXTEND

line level    source

   1          #include <reg51.h>
   2          #include <math.h>
   3          #include "initLCD.h"
   4          
   5          #define DataPort P1   // ˝æ›ø⁄ π”√DataPor
   6          #define PI 3.141592
   7          
   8          sbit RS    =P2^5;               // ˝æ›√¸¡Ó—°‘Ò
   9          sbit RW    =P2^4;       //–¥ ˝æ›/√¸¡Ó
  10          sbit nRD   =P2^3;       //∂¡øÿ÷∆
  11          sbit CS    =P2^2;               //∆¨—°
  12          sbit RES   =P2^1;               //∏¥Œª
  13          
  14          sbit LE    =P2^0;       //74HC573À¯¥Êøÿ÷∆
  15          
  16          unsigned int Device_code=0x9328;
  17          
  18          void delayms(unsigned int count)
  19          {
  20   1          int i,j;                                                                                
  21   1          for(i=0;i<count;i++)                                                                    
  22   1             {
  23   2                   for(j=0;j<255;j++);
  24   2             }                                                                                     
  25   1      }
  26          
  27          void Write_Cmd(unsigned char DH,unsigned char DL)
  28          {
  29   1              CS=0;
  30   1              RS=0;
  31   1          nRD=1;
  32   1          RW=0;
  33   1      
  34   1          //◊¢“‚£∫µ± π”√8Œª ˝æ›ø⁄«˝∂Ø16Œª ˝æ›ƒ£ Ω ±£¨ π”√74HC573◊˜Œ™IO¿©’π£¨≥Ã–Ú»Áœ¬
  35   1          DataPort=DL;            //ÀÕµÕ8Œª√¸¡Ó∏¯573¥˝À¯¥Ê
  36   1          LE=1;                   //À¯¥ÊŒª
  37   1          LE=0;                   //∂œø™À¯¥Ê,Œª—°573µƒQ7~Q0»‘±£≥÷ 
  38   1      
  39   1              DataPort=DH;            //ÀÕ∏ﬂ8Œª√¸¡Ó∏¯TFT
  40   1      
  41   1              /*
  42   1          //»Áπ˚ π”√16Œª ˝æ›ø⁄«˝∂Ø16Œª ˝æ›ƒ£ Ω£¨‘ÚŒﬁ–ËIO¿©’π£¨÷±Ω”Ω´ ˝æ›ÀÕµΩ ˝æ›ø⁄º¥ø…
  43   1          DataPort_L=DL; 
  44   1          DataPort_H=DH;
  45   1              */
  46   1      
  47   1              RW=1;
  48   1              CS=1;
  49   1      }
  50          
  51          void Write_Data(unsigned char DH,unsigned char DL)
  52          {
  53   1              
  54   1              CS=0;
  55   1              RS=1;
C51 COMPILER V9.52.0.0   INITLCD                                                           10/13/2013 16:35:34 PAGE 2   

  56   1      
  57   1          //◊¢“‚£∫µ± π”√8Œª ˝æ›ø⁄«˝∂Ø16Œª ˝æ›ƒ£ Ω ±£¨ π”√74HC573◊˜Œ™IO¿©’π£¨≥Ã–Ú»Áœ¬
  58   1              DataPort=DL;            //ÀÕµÕ8Œª ˝æ›∏¯573¥˝À¯¥Ê
  59   1          LE=1;                   //À¯¥ÊŒª
  60   1          LE=0;                   //∂œø™À¯¥Ê,Œª—°573µƒQ7~Q0»‘±£≥÷ 
  61   1      
  62   1              DataPort=DH;            //ÀÕ∏ﬂ8Œª ˝æ›∏¯TFT
  63   1      
  64   1              /*
  65   1          //˝æ›ø⁄«˝∂Ø16Œª ˝æ›ƒ£ Ω£¨‘ÚŒﬁ–ËIO¿©’π£¨÷±Ω”Ω´ ˝æ›ÀÕµΩ ˝æ›ø⁄º¥ø…
  66   1          DataPort_L=DL; 
  67   1          DataPort_H=DH;
  68   1              */
  69   1      
  70   1              RW=0;
  71   1              RW=1;
  72   1              CS=1;
  73   1      }
  74          
  75          void  Write_Data_U16(unsigned int y)
  76          {
  77   1              unsigned char m,n; 
  78   1              m=y>>8;
  79   1              n=y;
  80   1              Write_Data(m,n);
  81   1      }
  82          
  83          void  Write_Cmd_Data (unsigned char x,unsigned int y)
  84          {
  85   1              unsigned char m,n;
  86   1              m=y>>8;
  87   1              n=y;
  88   1              Write_Cmd(0x00,x);
  89   1              Write_Data(m,n);
  90   1      }
  91          
  92          void TFT_Initial(void)
  93          {  
  94   1      
  95   1          RES = 1;    
  96   1              delayms(1);                    // Delay 1ms 
  97   1              RES = 0;  
  98   1              delayms(10);                   // Delay 10ms            
  99   1              RES = 1;  
 100   1              delayms(50);                   // Delay 50 ms  
 101   1        
 102   1              if(Device_code==0x9320)
 103   1           {
 104   2      
 105   2          //************* Start Initial Sequence **********//
 106   2              Write_Cmd_Data(0x00,0x0001);   //Set the OSC bit as °Æ1°Ø to start the internal oscillator
 107   2          Write_Cmd_Data(0x01,0x0100);   // set SS and SM bit
 108   2              Write_Cmd_Data(0x02,0x0700);   // set 1 line inversion
 109   2              Write_Cmd_Data(0x03,0x1030);   //set GRAM Write direction and BGR=1
 110   2          Write_Cmd_Data(0x04,0x0000);   // Resize register
 111   2              Write_Cmd_Data(0x08,0x0202);   // set the back porch and front porch
 112   2          Write_Cmd_Data(0x09,0x0000);   // set non-display area refresh cycle ISC[3:0]
 113   2          Write_Cmd_Data(0x0A,0x0000);   // FMARK function
 114   2          Write_Cmd_Data(0x0C,0x0000);   // RGB interface setting
 115   2              Write_Cmd_Data(0x0D,0x0000);   // Frame marker Position
 116   2          Write_Cmd_Data(0x0F,0x0000);   // RGB interface polarity
 117   2          delayms(30);
C51 COMPILER V9.52.0.0   INITLCD                                                           10/13/2013 16:35:34 PAGE 3   

 118   2              //*************Power On sequence ****************//
 119   2              Write_Cmd_Data(0x10, 0x16b0);   // SAP, BT[3:0], AP, DSTB, SLP, STB
 120   2              delayms(30);
 121   2              Write_Cmd_Data(0x11, 0x0007);   //Write final user°Øs setting values to VC bit
 122   2              Write_Cmd_Data(0x12, 0x013a);   // set Internal reference voltage
 123   2              Write_Cmd_Data(0x13, 0x1a00);   // VDV[4:0] for VCOM amplitude
 124   2          delayms(30);
 125   2          Write_Cmd_Data(0x29, 0x000c);   // Set VCM[5:0] for VCOMH
 126   2              delayms(30); // Delay 50ms
 127   2      
 128   2              // ----------- Adjust the Gamma Curve ----------//
 129   2              Write_Cmd_Data(0x0030, 0x0000);
 130   2              Write_Cmd_Data(0x0031, 0x0505);
 131   2              Write_Cmd_Data(0x0032, 0x0304);
 132   2              Write_Cmd_Data(0x0035, 0x0006);
 133   2              Write_Cmd_Data(0x0036, 0x0707);
 134   2              Write_Cmd_Data(0x0037, 0x0105);
 135   2              Write_Cmd_Data(0x0038, 0x0002);
 136   2              Write_Cmd_Data(0x0039, 0x0707);
 137   2              Write_Cmd_Data(0x003C, 0x0704);
 138   2              Write_Cmd_Data(0x003D, 0x0807);
 139   2      
 140   2              //------------------ Set GRAM area ---------------//
 141   2              Write_Cmd_Data(0x0050, 0x0000); // Horizontal GRAM Start Address
 142   2              Write_Cmd_Data(0x0051, 0x00EF); // Horizontal GRAM End Address
 143   2              Write_Cmd_Data(0x0052, 0x0000); // Vertical GRAM Start Address
 144   2              Write_Cmd_Data(0x0053, 0x013F); // Vertical GRAM Start Address
 145   2              Write_Cmd_Data(0x0060, 0x2700); // Gate Scan Line
 146   2              Write_Cmd_Data(0x0061, 0x0001); // NDL,VLE, REV
 147   2              Write_Cmd_Data(0x006A, 0x0000); // set scrolling line
 148   2          Write_Cmd_Data(0x20, 0x0000);   // GRAM horizontal Address
 149   2              Write_Cmd_Data(0x21, 0x0000);   // GRAM Vertical Address
 150   2      
 151   2              //-------------- Partial Display Control ---------//
 152   2              Write_Cmd_Data(0x0080, 0x0000);
 153   2              Write_Cmd_Data(0x0081, 0x0000);
 154   2              Write_Cmd_Data(0x0082, 0x0000);
 155   2              Write_Cmd_Data(0x0083, 0x0000);
 156   2              Write_Cmd_Data(0x0084, 0x0000);
 157   2              Write_Cmd_Data(0x0085, 0x0000);
 158   2      
 159   2              //-------------- Panel Control ---------//
 160   2          Write_Cmd_Data(0x90,0x0010);   //Frame Cycle Contral
 161   2              Write_Cmd_Data(0x92,0x0000);   //Panel Interface Contral
 162   2              Write_Cmd_Data(0x93,0x0003);   //Panel Interface Contral 3. 
 163   2              Write_Cmd_Data(0x95,0x0110);   //Frame Cycle Contral
 164   2              Write_Cmd_Data(0x97,0x0000);   // 
 165   2              Write_Cmd_Data(0x98,0x0000);   //Frame Cycle Contral.     
 166   2      
 167   2              //-------------- Display on ---------//
 168   2          Write_Cmd_Data(0x07,0x0173); 
 169   2      
 170   2              }
 171   1      
 172   1              else if(Device_code==0x1505 )
 173   1           {
 174   2      
 175   2          //************* Start Initial Sequence **********//
 176   2              Write_Cmd_Data(0x00,0x0001);   //Set the OSC bit as °Æ1°Ø to start the internal oscillator
 177   2          Write_Cmd_Data(0x01,0x0100);   // set SS and SM bit
 178   2              Write_Cmd_Data(0x02,0x0700);   // set 1 line inversion
 179   2              Write_Cmd_Data(0x03,0x1030);   //set GRAM Write direction and BGR=1
C51 COMPILER V9.52.0.0   INITLCD                                                           10/13/2013 16:35:34 PAGE 4   

 180   2          Write_Cmd_Data(0x04,0x0000);   // Resize register
 181   2              Write_Cmd_Data(0x08,0x0202);   // set the back porch and front porch
 182   2          Write_Cmd_Data(0x09,0x0000);   // set non-display area refresh cycle ISC[3:0]
 183   2          Write_Cmd_Data(0x0A,0x0000);   // FMARK function
 184   2          Write_Cmd_Data(0x0C,0x0000);   // RGB interface setting
 185   2              Write_Cmd_Data(0x0D,0x0000);   // Frame marker Position
 186   2          Write_Cmd_Data(0x0F,0x0000);   // RGB interface polarity
 187   2          delayms(30);
 188   2              //*************Power On sequence ****************//
 189   2              Write_Cmd_Data(0x10, 0x16b0);   // SAP, BT[3:0], AP, DSTB, SLP, STB
 190   2              delayms(30);
 191   2              Write_Cmd_Data(0x11, 0x0007);   //Write final user°Øs setting values to VC bit
 192   2              Write_Cmd_Data(0x12, 0x013a);   // set Internal reference voltage
 193   2              Write_Cmd_Data(0x13, 0x1a00);   // VDV[4:0] for VCOM amplitude
 194   2          delayms(30);
 195   2          Write_Cmd_Data(0x29, 0x000c);   // Set VCM[5:0] for VCOMH
 196   2              delayms(30); // Delay 50ms
 197   2      
 198   2              // ----------- Adjust the Gamma Curve ----------//
 199   2              Write_Cmd_Data(0x0030, 0x0000);
 200   2              Write_Cmd_Data(0x0031, 0x0505);
 201   2              Write_Cmd_Data(0x0032, 0x0304);
 202   2              Write_Cmd_Data(0x0035, 0x0006);
 203   2              Write_Cmd_Data(0x0036, 0x0707);
 204   2              Write_Cmd_Data(0x0037, 0x0105);
 205   2              Write_Cmd_Data(0x0038, 0x0002);
 206   2              Write_Cmd_Data(0x0039, 0x0707);
 207   2              Write_Cmd_Data(0x003C, 0x0704);
 208   2              Write_Cmd_Data(0x003D, 0x0807);
 209   2      
 210   2              //------------------ Set GRAM area ---------------//
 211   2              Write_Cmd_Data(0x0050, 0x0000); // Horizontal GRAM Start Address
 212   2              Write_Cmd_Data(0x0051, 0x00EF); // Horizontal GRAM End Address
 213   2              Write_Cmd_Data(0x0052, 0x0000); // Vertical GRAM Start Address
 214   2              Write_Cmd_Data(0x0053, 0x013F); // Vertical GRAM Start Address
 215   2              Write_Cmd_Data(0x0060, 0x2700); // Gate Scan Line
 216   2              Write_Cmd_Data(0x0061, 0x0001); // NDL,VLE, REV
 217   2              Write_Cmd_Data(0x006A, 0x2700); // set scrolling line
 218   2          Write_Cmd_Data(0x20, 0x0000);   // GRAM horizontal Address
 219   2              Write_Cmd_Data(0x21, 0x0000);   // GRAM Vertical Address
 220   2      
 221   2              //-------------- Partial Display Control ---------//
 222   2              Write_Cmd_Data(0x0080, 0x0000);
 223   2              Write_Cmd_Data(0x0081, 0x0000);
 224   2              Write_Cmd_Data(0x0082, 0x0000);
 225   2              Write_Cmd_Data(0x0083, 0x0000);
 226   2              Write_Cmd_Data(0x0084, 0x0000);
 227   2              Write_Cmd_Data(0x0085, 0x0000);
 228   2      
 229   2              //-------------- Panel Control ---------//
 230   2          Write_Cmd_Data(0x90,0x0010);   //Frame Cycle Contral
 231   2              Write_Cmd_Data(0x92,0x0000);   //Panel Interface Contral
 232   2              Write_Cmd_Data(0x93,0x0003);   //Panel Interface Contral 3. 
 233   2              Write_Cmd_Data(0x95,0x0110);   //Frame Cycle Contral
 234   2              Write_Cmd_Data(0x97,0x0000);   // 
 235   2              Write_Cmd_Data(0x98,0x0000);   //Frame Cycle Contral.     
 236   2      
 237   2              //-------------- Display on ---------//
 238   2          Write_Cmd_Data(0x07,0x0173); 
 239   2      
 240   2              }
 241   1      
C51 COMPILER V9.52.0.0   INITLCD                                                           10/13/2013 16:35:34 PAGE 5   

 242   1          else if(Device_code==0x9328)
 243   1           {
 244   2      
 245   2          //************* Start Initial Sequence **********//
 246   2               Write_Cmd_Data(0x0001,0x0100);   //set SS and SM bit //…Ë÷√…®√Ë∑ΩœÚ
 247   2          Write_Cmd_Data(0x0002,0x0700);   //EOR=1 and B/C=1 to set the line inversion  //…Ë÷√––∑¥◊™
 248   2          Write_Cmd_Data(0x0003,0x1030);   //set Entry Mode  //…Ë÷√Ω¯»Îƒ£ Ω   
 249   2          Write_Cmd_Data(0x0004,0x0000);   //
 250   2          Write_Cmd_Data(0x00A4,0x0001);
 251   2          Write_Cmd_Data(0x0008,0x0202); // set the back porch and front porch
 252   2          Write_Cmd_Data(0x0009,0x0000); // set non-display area refresh cycle ISC[3:0]
 253   2          Write_Cmd_Data(0x000A,0x0000); // FMARK function
 254   2          Write_Cmd_Data(0x000C,0x0000); // RGB interface setting
 255   2          Write_Cmd_Data(0x000D, 0x0000); // Frame marker Position
 256   2          Write_Cmd_Data(0x000F, 0x0000); // RGB interface polarity
 257   2      
 258   2      
 259   2      
 260   2      //*************Power On sequence ****************//
 261   2          Write_Cmd_Data(0x0010, 0x0000); // SAP, BT[3:0], AP, DSTB, SLP, STB 
 262   2          Write_Cmd_Data(0x0011, 0x0007); // DC1[2:0], DC0[2:0], VC[2:0]
 263   2          Write_Cmd_Data(0x0012, 0x0000); // VREG1OUT voltage
 264   2          Write_Cmd_Data(0x0013, 0x0000); // VDV[4:0] for VCOM amplitude 
 265   2          delayms(30);
 266   2          Write_Cmd_Data(0x0010, 0x1690); // SAP, BT[3:0], AP, DSTB, SLP, STB 
 267   2          Write_Cmd_Data(0x0011, 0x0227); // R11h=0x0221 at VCI=3.3V, DC1[2:0], DC0[2:0], VC[2:0]
 268   2          delayms(30);
 269   2          Write_Cmd_Data(0x0012, 0x001C); // External reference voltage= Vci;
 270   2          delayms(30); 
 271   2          Write_Cmd_Data(0x0013, 0x1800); // R13=1200 when R12=009D;VDV[4:0] for VCOM amplitude
 272   2          Write_Cmd_Data(0x0029, 0x001C); // R29=000C when R12=009D;VCM[5:0] for VCOMH
 273   2          Write_Cmd_Data(0x002B, 0x000D); // Frame Rate = 91Hz
 274   2          delayms(30);    
 275   2          Write_Cmd_Data(0x0020, 0x0000); // GRAM horizontal Address
 276   2          Write_Cmd_Data(0x0021, 0x0000); // GRAM Vertical Address
 277   2      // ----------- Adjust the Gamma Curve ----------//               
 278   2              Write_Cmd_Data(0x0030, 0x0007);
 279   2              Write_Cmd_Data(0x0031, 0x0302);
 280   2          Write_Cmd_Data(0x0032, 0x0105);
 281   2              Write_Cmd_Data(0x0035, 0x0206);
 282   2          Write_Cmd_Data(0x0036, 0x0808);               
 283   2          Write_Cmd_Data(0x0037, 0x0206);
 284   2          Write_Cmd_Data(0x0038, 0x0504);
 285   2          Write_Cmd_Data(0x0039, 0x0007);
 286   2          Write_Cmd_Data(0x003C, 0x0105);
 287   2          Write_Cmd_Data(0x003D, 0x0808);
 288   2      //------------------ Set GRAM area ---------------//
 289   2          Write_Cmd_Data(0x0050, 0x0000); // Horizontal GRAM Start Address
 290   2          Write_Cmd_Data(0x0051, 0x00EF); // Horizontal GRAM End Address
 291   2          Write_Cmd_Data(0x0052, 0x0000); // Vertical GRAM Start Address
 292   2              delayms(30);
 293   2          Write_Cmd_Data(0x0053, 0x013F); // Vertical GRAM Start Address
 294   2              delayms(30);
 295   2          Write_Cmd_Data(0x0060, 0xA700); // Gate Scan Line
 296   2          Write_Cmd_Data(0x0061, 0x0001); // NDL,VLE, REV  
 297   2          Write_Cmd_Data(0x006A, 0x0000); // set scrolling line
 298   2      //-------------- Partial Display Control ---------//
 299   2          Write_Cmd_Data(0x0080, 0x0000);
 300   2          Write_Cmd_Data(0x0081, 0x0000);
 301   2          Write_Cmd_Data(0x0082,0x0000); 
 302   2          Write_Cmd_Data(0x0083,0x0000); 
 303   2          Write_Cmd_Data(0x0084,0x0000); 
C51 COMPILER V9.52.0.0   INITLCD                                                           10/13/2013 16:35:34 PAGE 6   

 304   2          Write_Cmd_Data(0x0085,0x0000); 
 305   2      //-------------- Panel Control -------------------//        
 306   2          Write_Cmd_Data(0x0090, 0x0010);
 307   2          Write_Cmd_Data(0x0092, 0x0000);
 308   2          Write_Cmd_Data(0x0093, 0x0003);
 309   2          Write_Cmd_Data(0x0095, 0x0110);
 310   2          Write_Cmd_Data(0x0097, 0x0000);
 311   2          Write_Cmd_Data(0x0098, 0x0000);
 312   2          Write_Cmd_Data(0x0007, 0x0133); // 262K color and display ON
 313   2      
 314   2              }
 315   1      }
 316          
 317          void LCD_SetPos(unsigned int x0,unsigned int x1,unsigned int y0,unsigned int y1)
 318          {
 319   1      
 320   1        Write_Cmd_Data(0x50,x0);  // Horizontal GRAM Start Address
 321   1        Write_Cmd_Data(0x51,x1);  // Horizontal GRAM End Address
 322   1        Write_Cmd_Data(0x52,y0);  // Vertical GRAM Start Address
 323   1        Write_Cmd_Data(0x53,y1);  // Vertical GRAM Start Address
 324   1        Write_Cmd_Data(0x20,x0);  // GRAM horizontal Address
 325   1        Write_Cmd_Data(0x21,y0);  // GRAM Vertical Address
 326   1        Write_Cmd (0x00,0x22);    // 0x0022,Start to Write Data to GRAM 
 327   1      }
 328          
 329          void CLR_Screen(unsigned int bColor)
 330          {
 331   1       unsigned int i,j;
 332   1       LCD_SetPos(0,240,0,320);//320x240
 333   1       for (i=0;i<320;i++)
 334   1              {
 335   2                 for (j=0;j<240;j++)
 336   2                     Write_Data_U16(bColor);
 337   2              }
 338   1      }
 339          
 340          void Put_mych(unsigned short x, unsigned short  y,unsigned int width, unsigned int height,  short from,con
             -st char mycode[], 
 341                                                  unsigned int fColor,unsigned int bColor)
 342          {
 343   1              unsigned int i, j, k;
 344   1              unsigned int num;
 345   1              unsigned char m;
 346   1              unsigned short count;
 347   1              //num = width*height/8;
 348   1              num = 0;
 349   1              count = width/8;
 350   1          
 351   1              if(from > 0) {
 352   2              unsigned short bj = from/8;
 353   2              LCD_SetPos(x+from, x+width-1, y, y+height-1);
 354   2              for(i = 0; i < height; i ++) {
 355   3                  for(j = bj; j < count; j ++) {
 356   4                      num = count*i + j;
 357   4                      m = mycode[num];
 358   4                      
 359   4                      if(j == bj) {
 360   5                          m <<= (from%8);
 361   5                          for(k = (from%8); k < 8; k ++) {
 362   6                             if((m&0x80) == 0x80) {
 363   7                                  Write_Data_U16(fColor);
 364   7                             } else {
C51 COMPILER V9.52.0.0   INITLCD                                                           10/13/2013 16:35:34 PAGE 7   

 365   7                                  Write_Data_U16(bColor);
 366   7                             }
 367   6                             m <<= 1;
 368   6                          }
 369   5                      } else {
 370   5                          for(k = 0; k < 8; k ++) {
 371   6                             if((m&0x80) == 0x80) {
 372   7                                  Write_Data_U16(fColor);
 373   7                             } else {
 374   7                                  Write_Data_U16(bColor);
 375   7                             }
 376   6                             m <<= 1;
 377   6                          }
 378   5                      }
 379   4                  }
 380   3              }
 381   2              } else if(from < 0) {
 382   2              unsigned short ej = (-from)/8;
 383   2              count -= ej;
 384   2              LCD_SetPos(x,  x+from+width-1,y, y+height-1);
 385   2              for(i = 0; i < height; i ++) {
 386   3                  for(j = 0; j < count; j ++) {
 387   4                      num = width/8*i + j;
 388   4                      m = mycode[num];
 389   4                      
 390   4                      if(j == count-1) {
 391   5                          ej = (8-(-from)%8);
 392   5                          for(k = 0; k < ej; k ++) {
 393   6                             if((m&0x80) == 0x80) {
 394   7                                  Write_Data_U16(fColor);
 395   7                             } else {
 396   7                                  Write_Data_U16(bColor);
 397   7                             }
 398   6                             m <<= 1;
 399   6                          }
 400   5                      } else {
 401   5                          for(k = 0; k < 8; k ++) {
 402   6                             if((m&0x80) == 0x80) {
 403   7                                  Write_Data_U16(fColor);
 404   7                             } else {
 405   7                                  Write_Data_U16(bColor);
 406   7                             }
 407   6                             m <<= 1;
 408   6                          }
 409   5                      }
 410   4                  }
 411   3              }
 412   2          }else {
 413   2              LCD_SetPos(x,  x+width-1,y, y+height-1);
 414   2              for(i = 0; i < height; i ++) { 
 415   3                  for(j = 0; j < count; j ++) {
 416   4                      num = count*i + j;
 417   4                      m = mycode[num];
 418   4                      for(k = 0; k < 8; k ++) {
 419   5                             if((m&0x80) == 0x80) {
 420   6                                  Write_Data_U16(fColor);
 421   6                             } else {
 422   6                                  Write_Data_U16(bColor);
 423   6                             }
 424   5                             m <<= 1;
 425   5                      }
 426   4                  }
C51 COMPILER V9.52.0.0   INITLCD                                                           10/13/2013 16:35:34 PAGE 8   

 427   3              }
 428   2          }
 429   1              
 430   1      }
 431          


MODULE INFORMATION:   STATIC OVERLAYABLE
   CODE SIZE        =   2402    ----
   CONSTANT SIZE    =   ----    ----
   XDATA SIZE       =   ----    ----
   PDATA SIZE       =      2      42
   DATA SIZE        =   ----    ----
   IDATA SIZE       =   ----    ----
   BIT SIZE         =   ----    ----
END OF MODULE INFORMATION.


C51 COMPILATION COMPLETE.  0 WARNING(S),  0 ERROR(S)
