C51 COMPILER V8.05a   MCU2                                                                 05/08/2013 14:01:24 PAGE 1   


C51 COMPILER V8.05a, COMPILATION OF MODULE MCU2
OBJECT MODULE PLACED IN mcu2.OBJ
COMPILER INVOKED BY: F:\Keil\C51\BIN\C51.EXE mcu2.c BROWSE DEBUG OBJECTEXTEND

line level    source

   1          #include <reg51.h>
   2          #include "initLCD.h"
   3          //#include "num.h"
   4          
   5          
   6          #define White          0xFFFF   //LCD color
   7          #define Black          0x0000
   8          #define Blue           0x001F
   9          #define Blue2          0x051F
  10          #define Red            0xF800
  11          #define Magenta        0xF81F
  12          #define Green          0x07E0
  13          #define Cyan           0x7FFF
  14          #define Yellow         0xFFE0
  15          
  16          unsigned int Device_code;
  17          void uart_init();
  18          void uart_send(unsigned int ch);
  19          unsigned char dnum = 4;
  20          
  21          void main()
  22          {
  23   1              uart_init();
  24   1              Device_code=0x9328;                
  25   1          TFT_Initial();
  26   1              CLR_Screen(Magenta); 
  27   1              while(1)
  28   1              {
  29   2                      
  30   2                      //for(dnum = 0; dnum < 16; dnum ++)
  31   2                      //{
  32   2                              Put_num(100, 100, dnum, Cyan, Magenta);
  33   2                              //delayms(1000);        
  34   2                      //}
  35   2                      //while(1);
  36   2              }
  37   1      }
  38          
  39          void uart_init()
  40          {
  41   1              SCON = 0x50;
  42   1              TMOD = 0x20;
  43   1              TH1 = 0xFD;        //设置寄存器初值 确定波特率
  44   1              TL1 = 0xFD;                       
  45   1              TR1 = 1;
  46   1              EA=1;
  47   1              ES=1;
  48   1              ET1=0;
  49   1      }
  50          
  51          void set() interrupt 4
  52          {
  53   1              if(RI)
  54   1              {
  55   2                      RI = 0;
C51 COMPILER V8.05a   MCU2                                                                 05/08/2013 14:01:24 PAGE 2   

  56   2                      dnum = SBUF;
  57   2                      uart_send(dnum);
  58   2              }
  59   1      }
  60          
  61          void uart_send(unsigned int ch)
  62          {
  63   1              SBUF = ch;
  64   1              while(!TI);
  65   1              TI = 0;
  66   1      }
  67          


MODULE INFORMATION:   STATIC OVERLAYABLE
   CODE SIZE        =    146    ----
   CONSTANT SIZE    =   ----    ----
   XDATA SIZE       =   ----    ----
   PDATA SIZE       =   ----    ----
   DATA SIZE        =      3    ----
   IDATA SIZE       =   ----    ----
   BIT SIZE         =   ----    ----
END OF MODULE INFORMATION.


C51 COMPILATION COMPLETE.  0 WARNING(S),  0 ERROR(S)
