C51 COMPILER V9.52.0.0   AD_C                                                              11/01/2013 16:32:52 PAGE 1   


C51 COMPILER V9.52.0.0, COMPILATION OF MODULE AD_C
OBJECT MODULE PLACED IN ad_c.OBJ
COMPILER INVOKED BY: E:\C51Keil\C51\BIN\C51.EXE ad_c.c BROWSE DEBUG OBJECTEXTEND

line level    source

   1          #include "ad_c.h"
   2          #include "NBCTFT.h"
   3          
   4          void initADC()
   5          {
   6   1          IE        = 0xA0; 
   7   1          P1ASF     = 0x01;
   8   1          ADC_AUXR  = 0x04;    
   9   1          ADC_RESH  = 0;
  10   1          ADC_CONTR = ADC_POWER|ADC_START;
  11   1          delayms(2);
  12   1      }
  13          


MODULE INFORMATION:   STATIC OVERLAYABLE
   CODE SIZE        =     21    ----
   CONSTANT SIZE    =   ----    ----
   XDATA SIZE       =   ----    ----
   PDATA SIZE       =   ----    ----
   DATA SIZE        =   ----    ----
   IDATA SIZE       =   ----    ----
   BIT SIZE         =   ----    ----
END OF MODULE INFORMATION.


C51 COMPILATION COMPLETE.  0 WARNING(S),  0 ERROR(S)
