C51 COMPILER V9.52.0.0   PCF                                                               10/31/2013 14:16:32 PAGE 1   


C51 COMPILER V9.52.0.0, COMPILATION OF MODULE PCF
OBJECT MODULE PLACED IN PCF.OBJ
COMPILER INVOKED BY: E:\C51Keil\C51\BIN\C51.EXE PCF.c BROWSE DEBUG OBJECTEXTEND

line level    source

   1          #include <reg52.h>
   2          #include <intrins.h>
   3          #include "PCF.h"
   4          
   5          sbit sda = P2^7;
   6          sbit scl = P2^6;
   7           
   8          void start()
   9          {
  10   1              sda = 1;
  11   1              _nop_();
  12   1              scl = 1;
  13   1              _nop_();
  14   1              sda = 0;
  15   1              _nop_();
  16   1              scl = 0;
  17   1              _nop_();        
  18   1      }
  19          
  20          void stop()
  21          {
  22   1              sda = 0;
  23   1              _nop_();
  24   1              scl = 1;
  25   1              _nop_();
  26   1              sda = 1;
  27   1              _nop_();
  28   1      }
  29          
  30          void checkACK()
  31          {
  32   1              scl = 1;
  33   1              _nop_();
  34   1              while(sda);
  35   1              scl = 0;
  36   1              _nop_();
  37   1      }
  38          
  39          void sendACK(bit ACK)
  40          {
  41   1              if(ACK)
  42   1              {
  43   2                      sda = 1;
  44   2              }
  45   1              else
  46   1              {
  47   2                      sda = 0;
  48   2              }
  49   1              scl = 1;
  50   1              _nop_();
  51   1              scl = 0;
  52   1              _nop_();
  53   1      }
  54          
  55          void send_byte(unsigned char date)
C51 COMPILER V9.52.0.0   PCF                                                               10/31/2013 14:16:32 PAGE 2   

  56          {
  57   1              unsigned char i, temp;
  58   1              temp = date;
  59   1              for(i = 0; i < 8; i ++)
  60   1              {
  61   2                      if(temp&0x80)
  62   2                      {
  63   3                              sda = 1;
  64   3                      }
  65   2                      else
  66   2                      {
  67   3                              sda = 0;
  68   3                      }
  69   2                      _nop_();
  70   2                      scl = 1;
  71   2                      _nop_();
  72   2                      _nop_();
  73   2                      _nop_();
  74   2                      _nop_();
  75   2                      _nop_();
  76   2                      scl = 0;
  77   2                      _nop_();
  78   2                      _nop_();
  79   2                      _nop_();
  80   2                      _nop_();
  81   2                      _nop_();
  82   2                      temp <<= 1;
  83   2              }
  84   1              checkACK();
  85   1      }
  86          
  87          unsigned char receive_byte()
  88          {
  89   1              unsigned char i, temp;
  90   1              sda = 1;
  91   1              _nop_();
  92   1              for(i = 0; i < 8; i++)
  93   1              {
  94   2                      scl = 1;
  95   2                      _nop_();
  96   2                      _nop_();
  97   2                      _nop_();
  98   2                      _nop_();
  99   2                      _nop_();
 100   2                      temp = (temp<<1) | sda;
 101   2                      scl = 0;
 102   2                      _nop_();
 103   2                      _nop_();
 104   2                      _nop_();
 105   2                      _nop_();
 106   2                      _nop_();        
 107   2              }
 108   1              sendACK(0);
 109   1              return temp;
 110   1      }
 111          
 112          unsigned char Read_AD(unsigned char chn)
 113          {
 114   1              unsigned char ad_data;
 115   1              start();
 116   1              send_byte(0x90);
 117   1              send_byte(0x40 | chn);
C51 COMPILER V9.52.0.0   PCF                                                               10/31/2013 14:16:32 PAGE 3   

 118   1      
 119   1              start();
 120   1              send_byte(0x91);
 121   1              ad_data = receive_byte();
 122   1              sendACK(1);
 123   1              stop();
 124   1              return ad_data;
 125   1      }


MODULE INFORMATION:   STATIC OVERLAYABLE
   CODE SIZE        =    163    ----
   CONSTANT SIZE    =   ----    ----
   XDATA SIZE       =   ----    ----
   PDATA SIZE       =   ----    ----
   DATA SIZE        =   ----    ----
   IDATA SIZE       =   ----    ----
   BIT SIZE         =   ----       1
END OF MODULE INFORMATION.


C51 COMPILATION COMPLETE.  0 WARNING(S),  0 ERROR(S)
