C51 COMPILER V9.52.0.0   MAIN                                                              10/03/2013 15:04:33 PAGE 1   


C51 COMPILER V9.52.0.0, COMPILATION OF MODULE MAIN
OBJECT MODULE PLACED IN main.OBJ
COMPILER INVOKED BY: E:\C51Keil\C51\BIN\C51.EXE main.c BROWSE DEBUG OBJECTEXTEND

line level    source

*** WARNING C500 IN LINE 1 OF main.c: LICENSE ERROR (R207(3): REGISTRY READ ERROR)

   1          #include <reg52.h>
   2          #include <intrins.h>
   3          
   4          typedef unsigned int  uint;
   5          typedef unsigned char uchar;
   6          
   7          void delay(uint time);
   8          
   9          void main()
  10          {
  11   1              uchar currentLed = 0xFE;
  12   1              uint circle;
  13   1              P0 = 0xDF;
  14   1              while(1)
  15   1              {
  16   2                      for(circle = 0; circle < 8; circle ++)
  17   2                      {
  18   3                              P0 = currentLed;
  19   3                              delay(70);
  20   3                              currentLed = _crol_(currentLed, 1);
  21   3                      }
  22   2                      
  23   2                      for(circle = 0; circle < 8; circle ++)
  24   2                      {
  25   3                              P0 = _cror_(currentLed, 1);
  26   3                              delay(70);
  27   3                              currentLed = _cror_(currentLed, 1);
  28   3                      }               
  29   2              }
  30   1      }
  31          
  32          void delay(uint time)
  33          {
  34   1              uint i, j;
  35   1              for(i = time; i > 0; i --)
  36   1              {
  37   2                      for(j = 0; j < 1100; j ++);
  38   2              }
  39   1      }


MODULE INFORMATION:   STATIC OVERLAYABLE
   CODE SIZE        =    141    ----
   CONSTANT SIZE    =   ----    ----
   XDATA SIZE       =   ----    ----
   PDATA SIZE       =   ----    ----
   DATA SIZE        =   ----       3
   IDATA SIZE       =   ----    ----
   BIT SIZE         =   ----    ----
END OF MODULE INFORMATION.


C51 COMPILATION COMPLETE.  1 WARNING(S),  0 ERROR(S)
