C51 COMPILER V9.52.0.0   STC_STARTUP                                                       10/13/2013 08:13:37 PAGE 1   


C51 COMPILER V9.52.0.0, COMPILATION OF MODULE STC_STARTUP
OBJECT MODULE PLACED IN stc_startup.OBJ
COMPILER INVOKED BY: E:\C51Keil\C51\BIN\C51.EXE stc_startup.c BROWSE DEBUG OBJECTEXTEND

line level    source

   1          #include <stc/stc89c5xrc.h>
   2          #include <rtx51tny.h>
   3          
   4          void start_up(void) _task_ 0
   5          {
   6   1          os_create_task(1);
   7   1          
   8   1          os_delete_task(0);
   9   1      }
  10          
  11          void led_light(void) _task_ 1
  12          {
  13   1          while(1) {
  14   2              P0 = ~P0 ;
  15   2          }
  16   1      }
  17          


MODULE INFORMATION:   STATIC OVERLAYABLE
   CODE SIZE        =     15    ----
   CONSTANT SIZE    =   ----    ----
   XDATA SIZE       =   ----    ----
   PDATA SIZE       =   ----    ----
   DATA SIZE        =   ----    ----
   IDATA SIZE       =   ----    ----
   BIT SIZE         =   ----    ----
END OF MODULE INFORMATION.


C51 COMPILATION COMPLETE.  0 WARNING(S),  0 ERROR(S)
