A51 MACRO ASSEMBLER  LED3                                                                 08/12/2013 15:39:52 PAGE     1


MACRO ASSEMBLER A51 V8.00
OBJECT MODULE PLACED IN LED3.OBJ
ASSEMBLER INVOKED BY: E:\KEIL\C51\BIN\KE51.EXE LED3.asm SET(SMALL) DEBUG EP

LOC  OBJ            LINE     SOURCE

0000                   1     ORG 0000H
                       2     
0000 7F20              3     MOV R7, #020H
0002 7800              4     MOV R0, #000H
                       5     
0004 E8                6     LOOP: MOV A, R0
0005 F4                7               CPL A         
0006 F590              8               MOV P1, A
0008 08                9               INC R0
0009 12001D           10               LCALL DELAY
000C 12001D           11               LCALL DELAY
000F 12001D           12               LCALL DELAY
0012 12001D           13               LCALL DELAY
0015 12001D           14               LCALL DELAY
0018 12001D           15               LCALL DELAY
001B DFE7             16               DJNZ R7, LOOP
                      17               
001D 7DFA             18     DELAY: MOV R5, #250
001F 7EFA             19     D1:        MOV R6, #250
0021 DEFE             20     D2:    DJNZ R6, D2
0023 DFFA             21                DJNZ R7, D1
                      22                
0025 22               23                RET
                      24                END
                                             
                             
A51 MACRO ASSEMBLER  LED3                                                                 08/12/2013 15:39:52 PAGE     2

SYMBOL TABLE LISTING
------ ----- -------


N A M E             T Y P E  V A L U E   ATTRIBUTES

D1 . . . . . . . .  C ADDR   001FH   A   
D2 . . . . . . . .  C ADDR   0021H   A   
DELAY. . . . . . .  C ADDR   001DH   A   
LOOP . . . . . . .  C ADDR   0004H   A   
P1 . . . . . . . .  D ADDR   0090H   A   


REGISTER BANK(S) USED: 0 


ASSEMBLY COMPLETE.  0 WARNING(S), 0 ERROR(S)

  PA51 2006 中文汇编系统
Version 6.12 (C) Copyright 2006.10
E:\KEIL\C51\BIN\A51.EXE @LED3._ia N=2
格式:4
G:\单片机\自接单~1\汇编 + LED3 = G:\单片机\自接单~1\汇编\LED3.asm
存盘:G:\单片机\自接单~1\汇编\LED3.asm E:\KEIL\C51\BIN\PINC\BAK\BAK007.ASM
编译: E:\KEIL\C51\BIN\KE51.exe @LED3._ia 586
