C51 COMPILER V9.52.0.0   STARTUP                                                           10/13/2013 11:24:42 PAGE 1   


C51 COMPILER V9.52.0.0, COMPILATION OF MODULE STARTUP
OBJECT MODULE PLACED IN startup.OBJ
COMPILER INVOKED BY: E:\C51Keil\C51\BIN\C51.EXE startup.c BROWSE DEBUG OBJECTEXTEND

line level    source

   1          #include "initLCD.h"
   2          
   3          void main(void)
   4          {
   5   1          TFT_Initial();
   6   1          
   7   1          CLR_Screen(Green);
   8   1          
   9   1          while(1);
  10   1      }


MODULE INFORMATION:   STATIC OVERLAYABLE
   CODE SIZE        =     12    ----
   CONSTANT SIZE    =   ----    ----
   XDATA SIZE       =   ----    ----
   PDATA SIZE       =   ----    ----
   DATA SIZE        =   ----    ----
   IDATA SIZE       =   ----    ----
   BIT SIZE         =   ----    ----
END OF MODULE INFORMATION.


C51 COMPILATION COMPLETE.  0 WARNING(S),  0 ERROR(S)
